[2021-08-23 17:00:46] local.INFO: Inicio de los puntos y comisiones diarias - 2021-08-23 17:00:46  
[2021-08-23 17:00:46] local.INFO: Puntos Binarios Pagado  
[2021-08-23 17:00:46] local.INFO: Fin de los puntos y comisiones diarias - 2021-08-23 17:00:46  
[2021-08-23 17:00:46] local.INFO: Inicio pagar utilidad diaria- 2021-08-23 17:00:46  
[2021-08-23 17:00:46] local.INFO: Fin de pagar utilidad diaria - 2021-08-23 17:00:46  
[2021-08-23 17:00:55] local.INFO: Inicio de los puntos y comisiones diarias - 2021-08-23 17:00:55  
[2021-08-23 17:00:56] local.INFO: Puntos Binarios Pagado  
[2021-08-23 17:00:56] local.INFO: Fin de los puntos y comisiones diarias - 2021-08-23 17:00:56  
[2021-08-23 17:00:56] local.INFO: Inicio pagar utilidad diaria- 2021-08-23 17:00:56  
[2021-08-23 17:00:56] local.INFO: Fin de pagar utilidad diaria - 2021-08-23 17:00:56  
[2021-08-23 17:01:03] local.INFO: Inicio de los puntos y comisiones diarias - 2021-08-23 17:01:03  
[2021-08-23 17:01:03] local.INFO: Puntos Binarios Pagado  
[2021-08-23 17:01:03] local.INFO: Fin de los puntos y comisiones diarias - 2021-08-23 17:01:03  
[2021-08-23 17:01:03] local.INFO: Inicio pagar utilidad diaria- 2021-08-23 17:01:03  
[2021-08-23 17:01:03] local.INFO: Fin de pagar utilidad diaria - 2021-08-23 17:01:03  
[2021-08-23 17:01:09] local.INFO: Inicio de los puntos y comisiones diarias - 2021-08-23 17:01:09  
[2021-08-23 17:01:09] local.INFO: Puntos Binarios Pagado  
[2021-08-23 17:01:09] local.INFO: Fin de los puntos y comisiones diarias - 2021-08-23 17:01:09  
[2021-08-23 17:01:09] local.INFO: Inicio pagar utilidad diaria- 2021-08-23 17:01:09  
[2021-08-23 17:01:09] local.INFO: Fin de pagar utilidad diaria - 2021-08-23 17:01:09  
[2021-08-23 17:01:16] local.INFO: Inicio de los puntos y comisiones diarias - 2021-08-23 17:01:16  
[2021-08-23 17:01:16] local.INFO: Puntos Binarios Pagado  
[2021-08-23 17:01:16] local.INFO: Fin de los puntos y comisiones diarias - 2021-08-23 17:01:16  
[2021-08-23 17:01:16] local.INFO: Inicio pagar utilidad diaria- 2021-08-23 17:01:16  
[2021-08-23 17:01:16] local.INFO: Fin de pagar utilidad diaria - 2021-08-23 17:01:16  
[2021-08-23 17:01:22] local.INFO: Inicio de los puntos y comisiones diarias - 2021-08-23 17:01:22  
[2021-08-23 17:01:22] local.INFO: Puntos Binarios Pagado  
[2021-08-23 17:01:22] local.INFO: Fin de los puntos y comisiones diarias - 2021-08-23 17:01:22  
[2021-08-23 17:01:23] local.INFO: Inicio pagar utilidad diaria- 2021-08-23 17:01:23  
[2021-08-23 17:01:23] local.INFO: Fin de pagar utilidad diaria - 2021-08-23 17:01:23  
[2021-08-23 17:01:29] local.INFO: Inicio de los puntos y comisiones diarias - 2021-08-23 17:01:29  
[2021-08-23 17:01:29] local.INFO: Puntos Binarios Pagado  
[2021-08-23 17:01:29] local.INFO: Fin de los puntos y comisiones diarias - 2021-08-23 17:01:29  
[2021-08-23 17:01:29] local.INFO: Inicio pagar utilidad diaria- 2021-08-23 17:01:29  
[2021-08-23 17:01:29] local.INFO: Fin de pagar utilidad diaria - 2021-08-23 17:01:29  
[2021-08-23 17:01:35] local.INFO: Inicio de los puntos y comisiones diarias - 2021-08-23 17:01:35  
[2021-08-23 17:01:35] local.INFO: Puntos Binarios Pagado  
[2021-08-23 17:01:35] local.INFO: Fin de los puntos y comisiones diarias - 2021-08-23 17:01:35  
[2021-08-23 17:01:35] local.INFO: Inicio pagar utilidad diaria- 2021-08-23 17:01:35  
[2021-08-23 17:01:35] local.INFO: Fin de pagar utilidad diaria - 2021-08-23 17:01:35  
[2021-08-23 17:03:37] local.INFO: Inicio de los puntos y comisiones diarias - 2021-08-23 17:03:37  
[2021-08-23 17:03:37] local.INFO: Puntos Binarios Pagado  
[2021-08-23 17:03:37] local.INFO: Fin de los puntos y comisiones diarias - 2021-08-23 17:03:37  
[2021-08-23 17:03:37] local.INFO: Inicio pagar utilidad diaria- 2021-08-23 17:03:37  
[2021-08-23 17:03:37] local.INFO: Fin de pagar utilidad diaria - 2021-08-23 17:03:37  
[2021-08-23 17:03:48] local.INFO: Inicio de los puntos y comisiones diarias - 2021-08-23 17:03:48  
[2021-08-23 17:03:48] local.INFO: Puntos Binarios Pagado  
[2021-08-23 17:03:48] local.INFO: Fin de los puntos y comisiones diarias - 2021-08-23 17:03:48  
[2021-08-23 17:03:48] local.INFO: Inicio pagar utilidad diaria- 2021-08-23 17:03:48  
[2021-08-23 17:03:49] local.INFO: Fin de pagar utilidad diaria - 2021-08-23 17:03:49  
[2021-08-23 17:03:54] local.INFO: Inicio de los puntos y comisiones diarias - 2021-08-23 17:03:54  
[2021-08-23 17:03:54] local.INFO: Puntos Binarios Pagado  
[2021-08-23 17:03:54] local.INFO: Fin de los puntos y comisiones diarias - 2021-08-23 17:03:54  
[2021-08-23 17:03:54] local.INFO: Inicio pagar utilidad diaria- 2021-08-23 17:03:54  
[2021-08-23 17:03:54] local.INFO: Fin de pagar utilidad diaria - 2021-08-23 17:03:54  
[2021-08-23 17:04:11] local.INFO: Inicio de los puntos y comisiones diarias - 2021-08-23 17:04:11  
[2021-08-23 17:04:11] local.INFO: Puntos Binarios Pagado  
[2021-08-23 17:04:11] local.INFO: Fin de los puntos y comisiones diarias - 2021-08-23 17:04:11  
[2021-08-23 17:04:11] local.INFO: Inicio pagar utilidad diaria- 2021-08-23 17:04:11  
[2021-08-23 17:04:11] local.INFO: Fin de pagar utilidad diaria - 2021-08-23 17:04:11  
[2021-08-23 17:04:13] local.INFO: Inicio de los puntos y comisiones diarias - 2021-08-23 17:04:13  
[2021-08-23 17:04:13] local.INFO: Puntos Binarios Pagado  
[2021-08-23 17:04:13] local.INFO: Fin de los puntos y comisiones diarias - 2021-08-23 17:04:13  
[2021-08-23 17:04:13] local.INFO: Inicio pagar utilidad diaria- 2021-08-23 17:04:13  
[2021-08-23 17:04:13] local.INFO: Fin de pagar utilidad diaria - 2021-08-23 17:04:13  
[2021-08-23 17:04:14] local.INFO: Inicio de los puntos y comisiones diarias - 2021-08-23 17:04:14  
[2021-08-23 17:04:14] local.INFO: Puntos Binarios Pagado  
[2021-08-23 17:04:14] local.INFO: Fin de los puntos y comisiones diarias - 2021-08-23 17:04:14  
[2021-08-23 17:04:14] local.INFO: Inicio pagar utilidad diaria- 2021-08-23 17:04:14  
[2021-08-23 17:04:14] local.INFO: Fin de pagar utilidad diaria - 2021-08-23 17:04:14  
[2021-08-23 17:04:14] local.INFO: Inicio de los puntos y comisiones diarias - 2021-08-23 17:04:14  
[2021-08-23 17:04:14] local.INFO: Puntos Binarios Pagado  
[2021-08-23 17:04:14] local.INFO: Fin de los puntos y comisiones diarias - 2021-08-23 17:04:14  
[2021-08-23 17:04:15] local.INFO: Inicio pagar utilidad diaria- 2021-08-23 17:04:15  
[2021-08-23 17:04:15] local.INFO: Fin de pagar utilidad diaria - 2021-08-23 17:04:15  
[2021-08-24 08:12:26] local.ERROR: SQLSTATE[23000]: Integrity constraint violation: 1048 Column 'email' cannot be null (SQL: insert into `tickets` (`iduser`, `issue`, `email`, `name`, `updated_at`, `created_at`) values (2, Soporte, ?, ?, 2021-08-24 08:12:25, 2021-08-24 08:12:25)) {"userId":2,"exception":"[object] (Illuminate\\Database\\QueryException(code: 23000): SQLSTATE[23000]: Integrity constraint violation: 1048 Column 'email' cannot be null (SQL: insert into `tickets` (`iduser`, `issue`, `email`, `name`, `updated_at`, `created_at`) values (2, Soporte, ?, ?, 2021-08-24 08:12:25, 2021-08-24 08:12:25)) at /home/abraham/Documents/coding/akr/vendor/laravel/framework/src/Illuminate/Database/Connection.php:692)
[stacktrace]
#0 /home/abraham/Documents/coding/akr/vendor/laravel/framework/src/Illuminate/Database/Connection.php(652): Illuminate\\Database\\Connection->runQueryCallback('insert into `ti...', Array, Object(Closure))
#1 /home/abraham/Documents/coding/akr/vendor/laravel/framework/src/Illuminate/Database/Connection.php(486): Illuminate\\Database\\Connection->run('insert into `ti...', Array, Object(Closure))
#2 /home/abraham/Documents/coding/akr/vendor/laravel/framework/src/Illuminate/Database/Connection.php(438): Illuminate\\Database\\Connection->statement('insert into `ti...', Array)
#3 /home/abraham/Documents/coding/akr/vendor/laravel/framework/src/Illuminate/Database/Query/Processors/Processor.php(32): Illuminate\\Database\\Connection->insert('insert into `ti...', Array)
#4 /home/abraham/Documents/coding/akr/vendor/laravel/framework/src/Illuminate/Database/Query/Builder.php(2964): Illuminate\\Database\\Query\\Processors\\Processor->processInsertGetId(Object(Illuminate\\Database\\Query\\Builder), 'insert into `ti...', Array, 'id')
#5 /home/abraham/Documents/coding/akr/vendor/laravel/framework/src/Illuminate/Database/Eloquent/Builder.php(1617): Illuminate\\Database\\Query\\Builder->insertGetId(Array, 'id')
#6 /home/abraham/Documents/coding/akr/vendor/laravel/framework/src/Illuminate/Database/Eloquent/Model.php(1124): Illuminate\\Database\\Eloquent\\Builder->__call('insertGetId', Array)
#7 /home/abraham/Documents/coding/akr/vendor/laravel/framework/src/Illuminate/Database/Eloquent/Model.php(1089): Illuminate\\Database\\Eloquent\\Model->insertAndSetId(Object(Illuminate\\Database\\Eloquent\\Builder), Array)
#8 /home/abraham/Documents/coding/akr/vendor/laravel/framework/src/Illuminate/Database/Eloquent/Model.php(930): Illuminate\\Database\\Eloquent\\Model->performInsert(Object(Illuminate\\Database\\Eloquent\\Builder))
#9 /home/abraham/Documents/coding/akr/vendor/laravel/framework/src/Illuminate/Database/Eloquent/Builder.php(871): Illuminate\\Database\\Eloquent\\Model->save()
#10 /home/abraham/Documents/coding/akr/vendor/laravel/framework/src/Illuminate/Support/helpers.php(263): Illuminate\\Database\\Eloquent\\Builder->Illuminate\\Database\\Eloquent\\{closure}(Object(App\\Models\\Ticket))
#11 /home/abraham/Documents/coding/akr/vendor/laravel/framework/src/Illuminate/Database/Eloquent/Builder.php(872): tap(Object(App\\Models\\Ticket), Object(Closure))
#12 /home/abraham/Documents/coding/akr/vendor/laravel/framework/src/Illuminate/Support/Traits/ForwardsCalls.php(23): Illuminate\\Database\\Eloquent\\Builder->create(Array)
#13 /home/abraham/Documents/coding/akr/vendor/laravel/framework/src/Illuminate/Database/Eloquent/Model.php(1993): Illuminate\\Database\\Eloquent\\Model->forwardCallTo(Object(Illuminate\\Database\\Eloquent\\Builder), 'create', Array)
#14 /home/abraham/Documents/coding/akr/vendor/laravel/framework/src/Illuminate/Database/Eloquent/Model.php(2005): Illuminate\\Database\\Eloquent\\Model->__call('create', Array)
#15 /home/abraham/Documents/coding/akr/app/Http/Controllers/TicketsController.php(44): Illuminate\\Database\\Eloquent\\Model::__callStatic('create', Array)
#16 /home/abraham/Documents/coding/akr/vendor/laravel/framework/src/Illuminate/Routing/Controller.php(54): App\\Http\\Controllers\\TicketsController->store(Object(Illuminate\\Http\\Request))
#17 /home/abraham/Documents/coding/akr/vendor/laravel/framework/src/Illuminate/Routing/ControllerDispatcher.php(45): Illuminate\\Routing\\Controller->callAction('store', Array)
#18 /home/abraham/Documents/coding/akr/vendor/laravel/framework/src/Illuminate/Routing/Route.php(254): Illuminate\\Routing\\ControllerDispatcher->dispatch(Object(Illuminate\\Routing\\Route), Object(App\\Http\\Controllers\\TicketsController), 'store')
#19 /home/abraham/Documents/coding/akr/vendor/laravel/framework/src/Illuminate/Routing/Route.php(197): Illuminate\\Routing\\Route->runController()
#20 /home/abraham/Documents/coding/akr/vendor/laravel/framework/src/Illuminate/Routing/Router.php(695): Illuminate\\Routing\\Route->run()
#21 /home/abraham/Documents/coding/akr/vendor/laravel/framework/src/Illuminate/Pipeline/Pipeline.php(128): Illuminate\\Routing\\Router->Illuminate\\Routing\\{closure}(Object(Illuminate\\Http\\Request))
#22 /home/abraham/Documents/coding/akr/app/Http/Middleware/Menu.php(28): Illuminate\\Pipeline\\Pipeline->Illuminate\\Pipeline\\{closure}(Object(Illuminate\\Http\\Request))
#23 /home/abraham/Documents/coding/akr/vendor/laravel/framework/src/Illuminate/Pipeline/Pipeline.php(167): App\\Http\\Middleware\\Menu->handle(Object(Illuminate\\Http\\Request), Object(Closure))
#24 /home/abraham/Documents/coding/akr/vendor/laravel/framework/src/Illuminate/Routing/Middleware/SubstituteBindings.php(50): Illuminate\\Pipeline\\Pipeline->Illuminate\\Pipeline\\{closure}(Object(Illuminate\\Http\\Request))
#25 /home/abraham/Documents/coding/akr/vendor/laravel/framework/src/Illuminate/Pipeline/Pipeline.php(167): Illuminate\\Routing\\Middleware\\SubstituteBindings->handle(Object(Illuminate\\Http\\Request), Object(Closure))
#26 /home/abraham/Documents/coding/akr/vendor/laravel/framework/src/Illuminate/Auth/Middleware/Authenticate.php(44): Illuminate\\Pipeline\\Pipeline->Illuminate\\Pipeline\\{closure}(Object(Illuminate\\Http\\Request))
#27 /home/abraham/Documents/coding/akr/vendor/laravel/framework/src/Illuminate/Pipeline/Pipeline.php(167): Illuminate\\Auth\\Middleware\\Authenticate->handle(Object(Illuminate\\Http\\Request), Object(Closure))
#28 /home/abraham/Documents/coding/akr/vendor/laravel/framework/src/Illuminate/Foundation/Http/Middleware/VerifyCsrfToken.php(78): Illuminate\\Pipeline\\Pipeline->Illuminate\\Pipeline\\{closure}(Object(Illuminate\\Http\\Request))
#29 /home/abraham/Documents/coding/akr/vendor/laravel/framework/src/Illuminate/Pipeline/Pipeline.php(167): Illuminate\\Foundation\\Http\\Middleware\\VerifyCsrfToken->handle(Object(Illuminate\\Http\\Request), Object(Closure))
#30 /home/abraham/Documents/coding/akr/vendor/laravel/framework/src/Illuminate/View/Middleware/ShareErrorsFromSession.php(49): Illuminate\\Pipeline\\Pipeline->Illuminate\\Pipeline\\{closure}(Object(Illuminate\\Http\\Request))
#31 /home/abraham/Documents/coding/akr/vendor/laravel/framework/src/Illuminate/Pipeline/Pipeline.php(167): Illuminate\\View\\Middleware\\ShareErrorsFromSession->handle(Object(Illuminate\\Http\\Request), Object(Closure))
#32 /home/abraham/Documents/coding/akr/vendor/laravel/framework/src/Illuminate/Session/Middleware/StartSession.php(121): Illuminate\\Pipeline\\Pipeline->Illuminate\\Pipeline\\{closure}(Object(Illuminate\\Http\\Request))
#33 /home/abraham/Documents/coding/akr/vendor/laravel/framework/src/Illuminate/Session/Middleware/StartSession.php(64): Illuminate\\Session\\Middleware\\StartSession->handleStatefulRequest(Object(Illuminate\\Http\\Request), Object(Illuminate\\Session\\Store), Object(Closure))
#34 /home/abraham/Documents/coding/akr/vendor/laravel/framework/src/Illuminate/Pipeline/Pipeline.php(167): Illuminate\\Session\\Middleware\\StartSession->handle(Object(Illuminate\\Http\\Request), Object(Closure))
#35 /home/abraham/Documents/coding/akr/vendor/laravel/framework/src/Illuminate/Cookie/Middleware/AddQueuedCookiesToResponse.php(37): Illuminate\\Pipeline\\Pipeline->Illuminate\\Pipeline\\{closure}(Object(Illuminate\\Http\\Request))
#36 /home/abraham/Documents/coding/akr/vendor/laravel/framework/src/Illuminate/Pipeline/Pipeline.php(167): Illuminate\\Cookie\\Middleware\\AddQueuedCookiesToResponse->handle(Object(Illuminate\\Http\\Request), Object(Closure))
#37 /home/abraham/Documents/coding/akr/vendor/laravel/framework/src/Illuminate/Cookie/Middleware/EncryptCookies.php(67): Illuminate\\Pipeline\\Pipeline->Illuminate\\Pipeline\\{closure}(Object(Illuminate\\Http\\Request))
#38 /home/abraham/Documents/coding/akr/vendor/laravel/framework/src/Illuminate/Pipeline/Pipeline.php(167): Illuminate\\Cookie\\Middleware\\EncryptCookies->handle(Object(Illuminate\\Http\\Request), Object(Closure))
#39 /home/abraham/Documents/coding/akr/vendor/laravel/framework/src/Illuminate/Pipeline/Pipeline.php(103): Illuminate\\Pipeline\\Pipeline->Illuminate\\Pipeline\\{closure}(Object(Illuminate\\Http\\Request))
#40 /home/abraham/Documents/coding/akr/vendor/laravel/framework/src/Illuminate/Routing/Router.php(697): Illuminate\\Pipeline\\Pipeline->then(Object(Closure))
#41 /home/abraham/Documents/coding/akr/vendor/laravel/framework/src/Illuminate/Routing/Router.php(672): Illuminate\\Routing\\Router->runRouteWithinStack(Object(Illuminate\\Routing\\Route), Object(Illuminate\\Http\\Request))
#42 /home/abraham/Documents/coding/akr/vendor/laravel/framework/src/Illuminate/Routing/Router.php(636): Illuminate\\Routing\\Router->runRoute(Object(Illuminate\\Http\\Request), Object(Illuminate\\Routing\\Route))
#43 /home/abraham/Documents/coding/akr/vendor/laravel/framework/src/Illuminate/Routing/Router.php(625): Illuminate\\Routing\\Router->dispatchToRoute(Object(Illuminate\\Http\\Request))
#44 /home/abraham/Documents/coding/akr/vendor/laravel/framework/src/Illuminate/Foundation/Http/Kernel.php(166): Illuminate\\Routing\\Router->dispatch(Object(Illuminate\\Http\\Request))
#45 /home/abraham/Documents/coding/akr/vendor/laravel/framework/src/Illuminate/Pipeline/Pipeline.php(128): Illuminate\\Foundation\\Http\\Kernel->Illuminate\\Foundation\\Http\\{closure}(Object(Illuminate\\Http\\Request))
#46 /home/abraham/Documents/coding/akr/vendor/laravel/framework/src/Illuminate/Foundation/Http/Middleware/TransformsRequest.php(21): Illuminate\\Pipeline\\Pipeline->Illuminate\\Pipeline\\{closure}(Object(Illuminate\\Http\\Request))
#47 /home/abraham/Documents/coding/akr/vendor/laravel/framework/src/Illuminate/Foundation/Http/Middleware/ConvertEmptyStringsToNull.php(31): Illuminate\\Foundation\\Http\\Middleware\\TransformsRequest->handle(Object(Illuminate\\Http\\Request), Object(Closure))
#48 /home/abraham/Documents/coding/akr/vendor/laravel/framework/src/Illuminate/Pipeline/Pipeline.php(167): Illuminate\\Foundation\\Http\\Middleware\\ConvertEmptyStringsToNull->handle(Object(Illuminate\\Http\\Request), Object(Closure))
#49 /home/abraham/Documents/coding/akr/vendor/laravel/framework/src/Illuminate/Foundation/Http/Middleware/TransformsRequest.php(21): Illuminate\\Pipeline\\Pipeline->Illuminate\\Pipeline\\{closure}(Object(Illuminate\\Http\\Request))
#50 /home/abraham/Documents/coding/akr/vendor/laravel/framework/src/Illuminate/Foundation/Http/Middleware/TrimStrings.php(40): Illuminate\\Foundation\\Http\\Middleware\\TransformsRequest->handle(Object(Illuminate\\Http\\Request), Object(Closure))
#51 /home/abraham/Documents/coding/akr/vendor/laravel/framework/src/Illuminate/Pipeline/Pipeline.php(167): Illuminate\\Foundation\\Http\\Middleware\\TrimStrings->handle(Object(Illuminate\\Http\\Request), Object(Closure))
#52 /home/abraham/Documents/coding/akr/vendor/laravel/framework/src/Illuminate/Foundation/Http/Middleware/ValidatePostSize.php(27): Illuminate\\Pipeline\\Pipeline->Illuminate\\Pipeline\\{closure}(Object(Illuminate\\Http\\Request))
#53 /home/abraham/Documents/coding/akr/vendor/laravel/framework/src/Illuminate/Pipeline/Pipeline.php(167): Illuminate\\Foundation\\Http\\Middleware\\ValidatePostSize->handle(Object(Illuminate\\Http\\Request), Object(Closure))
#54 /home/abraham/Documents/coding/akr/vendor/laravel/framework/src/Illuminate/Foundation/Http/Middleware/PreventRequestsDuringMaintenance.php(86): Illuminate\\Pipeline\\Pipeline->Illuminate\\Pipeline\\{closure}(Object(Illuminate\\Http\\Request))
#55 /home/abraham/Documents/coding/akr/vendor/laravel/framework/src/Illuminate/Pipeline/Pipeline.php(167): Illuminate\\Foundation\\Http\\Middleware\\PreventRequestsDuringMaintenance->handle(Object(Illuminate\\Http\\Request), Object(Closure))
#56 /home/abraham/Documents/coding/akr/vendor/fruitcake/laravel-cors/src/HandleCors.php(38): Illuminate\\Pipeline\\Pipeline->Illuminate\\Pipeline\\{closure}(Object(Illuminate\\Http\\Request))
#57 /home/abraham/Documents/coding/akr/vendor/laravel/framework/src/Illuminate/Pipeline/Pipeline.php(167): Fruitcake\\Cors\\HandleCors->handle(Object(Illuminate\\Http\\Request), Object(Closure))
#58 /home/abraham/Documents/coding/akr/vendor/fideloper/proxy/src/TrustProxies.php(57): Illuminate\\Pipeline\\Pipeline->Illuminate\\Pipeline\\{closure}(Object(Illuminate\\Http\\Request))
#59 /home/abraham/Documents/coding/akr/vendor/laravel/framework/src/Illuminate/Pipeline/Pipeline.php(167): Fideloper\\Proxy\\TrustProxies->handle(Object(Illuminate\\Http\\Request), Object(Closure))
#60 /home/abraham/Documents/coding/akr/vendor/laravel/framework/src/Illuminate/Pipeline/Pipeline.php(103): Illuminate\\Pipeline\\Pipeline->Illuminate\\Pipeline\\{closure}(Object(Illuminate\\Http\\Request))
#61 /home/abraham/Documents/coding/akr/vendor/laravel/framework/src/Illuminate/Foundation/Http/Kernel.php(141): Illuminate\\Pipeline\\Pipeline->then(Object(Closure))
#62 /home/abraham/Documents/coding/akr/vendor/laravel/framework/src/Illuminate/Foundation/Http/Kernel.php(110): Illuminate\\Foundation\\Http\\Kernel->sendRequestThroughRouter(Object(Illuminate\\Http\\Request))
#63 /home/abraham/Documents/coding/akr/public/index.php(55): Illuminate\\Foundation\\Http\\Kernel->handle(Object(Illuminate\\Http\\Request))
#64 /home/abraham/Documents/coding/akr/server.php(21): require_once('/home/abraham/D...')
#65 {main}

[previous exception] [object] (PDOException(code: 23000): SQLSTATE[23000]: Integrity constraint violation: 1048 Column 'email' cannot be null at /home/abraham/Documents/coding/akr/vendor/laravel/framework/src/Illuminate/Database/Connection.php:485)
[stacktrace]
#0 /home/abraham/Documents/coding/akr/vendor/laravel/framework/src/Illuminate/Database/Connection.php(485): PDOStatement->execute()
#1 /home/abraham/Documents/coding/akr/vendor/laravel/framework/src/Illuminate/Database/Connection.php(685): Illuminate\\Database\\Connection->Illuminate\\Database\\{closure}('insert into `ti...', Array)
#2 /home/abraham/Documents/coding/akr/vendor/laravel/framework/src/Illuminate/Database/Connection.php(652): Illuminate\\Database\\Connection->runQueryCallback('insert into `ti...', Array, Object(Closure))
#3 /home/abraham/Documents/coding/akr/vendor/laravel/framework/src/Illuminate/Database/Connection.php(486): Illuminate\\Database\\Connection->run('insert into `ti...', Array, Object(Closure))
#4 /home/abraham/Documents/coding/akr/vendor/laravel/framework/src/Illuminate/Database/Connection.php(438): Illuminate\\Database\\Connection->statement('insert into `ti...', Array)
#5 /home/abraham/Documents/coding/akr/vendor/laravel/framework/src/Illuminate/Database/Query/Processors/Processor.php(32): Illuminate\\Database\\Connection->insert('insert into `ti...', Array)
#6 /home/abraham/Documents/coding/akr/vendor/laravel/framework/src/Illuminate/Database/Query/Builder.php(2964): Illuminate\\Database\\Query\\Processors\\Processor->processInsertGetId(Object(Illuminate\\Database\\Query\\Builder), 'insert into `ti...', Array, 'id')
#7 /home/abraham/Documents/coding/akr/vendor/laravel/framework/src/Illuminate/Database/Eloquent/Builder.php(1617): Illuminate\\Database\\Query\\Builder->insertGetId(Array, 'id')
#8 /home/abraham/Documents/coding/akr/vendor/laravel/framework/src/Illuminate/Database/Eloquent/Model.php(1124): Illuminate\\Database\\Eloquent\\Builder->__call('insertGetId', Array)
#9 /home/abraham/Documents/coding/akr/vendor/laravel/framework/src/Illuminate/Database/Eloquent/Model.php(1089): Illuminate\\Database\\Eloquent\\Model->insertAndSetId(Object(Illuminate\\Database\\Eloquent\\Builder), Array)
#10 /home/abraham/Documents/coding/akr/vendor/laravel/framework/src/Illuminate/Database/Eloquent/Model.php(930): Illuminate\\Database\\Eloquent\\Model->performInsert(Object(Illuminate\\Database\\Eloquent\\Builder))
#11 /home/abraham/Documents/coding/akr/vendor/laravel/framework/src/Illuminate/Database/Eloquent/Builder.php(871): Illuminate\\Database\\Eloquent\\Model->save()
#12 /home/abraham/Documents/coding/akr/vendor/laravel/framework/src/Illuminate/Support/helpers.php(263): Illuminate\\Database\\Eloquent\\Builder->Illuminate\\Database\\Eloquent\\{closure}(Object(App\\Models\\Ticket))
#13 /home/abraham/Documents/coding/akr/vendor/laravel/framework/src/Illuminate/Database/Eloquent/Builder.php(872): tap(Object(App\\Models\\Ticket), Object(Closure))
#14 /home/abraham/Documents/coding/akr/vendor/laravel/framework/src/Illuminate/Support/Traits/ForwardsCalls.php(23): Illuminate\\Database\\Eloquent\\Builder->create(Array)
#15 /home/abraham/Documents/coding/akr/vendor/laravel/framework/src/Illuminate/Database/Eloquent/Model.php(1993): Illuminate\\Database\\Eloquent\\Model->forwardCallTo(Object(Illuminate\\Database\\Eloquent\\Builder), 'create', Array)
#16 /home/abraham/Documents/coding/akr/vendor/laravel/framework/src/Illuminate/Database/Eloquent/Model.php(2005): Illuminate\\Database\\Eloquent\\Model->__call('create', Array)
#17 /home/abraham/Documents/coding/akr/app/Http/Controllers/TicketsController.php(44): Illuminate\\Database\\Eloquent\\Model::__callStatic('create', Array)
#18 /home/abraham/Documents/coding/akr/vendor/laravel/framework/src/Illuminate/Routing/Controller.php(54): App\\Http\\Controllers\\TicketsController->store(Object(Illuminate\\Http\\Request))
#19 /home/abraham/Documents/coding/akr/vendor/laravel/framework/src/Illuminate/Routing/ControllerDispatcher.php(45): Illuminate\\Routing\\Controller->callAction('store', Array)
#20 /home/abraham/Documents/coding/akr/vendor/laravel/framework/src/Illuminate/Routing/Route.php(254): Illuminate\\Routing\\ControllerDispatcher->dispatch(Object(Illuminate\\Routing\\Route), Object(App\\Http\\Controllers\\TicketsController), 'store')
#21 /home/abraham/Documents/coding/akr/vendor/laravel/framework/src/Illuminate/Routing/Route.php(197): Illuminate\\Routing\\Route->runController()
#22 /home/abraham/Documents/coding/akr/vendor/laravel/framework/src/Illuminate/Routing/Router.php(695): Illuminate\\Routing\\Route->run()
#23 /home/abraham/Documents/coding/akr/vendor/laravel/framework/src/Illuminate/Pipeline/Pipeline.php(128): Illuminate\\Routing\\Router->Illuminate\\Routing\\{closure}(Object(Illuminate\\Http\\Request))
#24 /home/abraham/Documents/coding/akr/app/Http/Middleware/Menu.php(28): Illuminate\\Pipeline\\Pipeline->Illuminate\\Pipeline\\{closure}(Object(Illuminate\\Http\\Request))
#25 /home/abraham/Documents/coding/akr/vendor/laravel/framework/src/Illuminate/Pipeline/Pipeline.php(167): App\\Http\\Middleware\\Menu->handle(Object(Illuminate\\Http\\Request), Object(Closure))
#26 /home/abraham/Documents/coding/akr/vendor/laravel/framework/src/Illuminate/Routing/Middleware/SubstituteBindings.php(50): Illuminate\\Pipeline\\Pipeline->Illuminate\\Pipeline\\{closure}(Object(Illuminate\\Http\\Request))
#27 /home/abraham/Documents/coding/akr/vendor/laravel/framework/src/Illuminate/Pipeline/Pipeline.php(167): Illuminate\\Routing\\Middleware\\SubstituteBindings->handle(Object(Illuminate\\Http\\Request), Object(Closure))
#28 /home/abraham/Documents/coding/akr/vendor/laravel/framework/src/Illuminate/Auth/Middleware/Authenticate.php(44): Illuminate\\Pipeline\\Pipeline->Illuminate\\Pipeline\\{closure}(Object(Illuminate\\Http\\Request))
#29 /home/abraham/Documents/coding/akr/vendor/laravel/framework/src/Illuminate/Pipeline/Pipeline.php(167): Illuminate\\Auth\\Middleware\\Authenticate->handle(Object(Illuminate\\Http\\Request), Object(Closure))
#30 /home/abraham/Documents/coding/akr/vendor/laravel/framework/src/Illuminate/Foundation/Http/Middleware/VerifyCsrfToken.php(78): Illuminate\\Pipeline\\Pipeline->Illuminate\\Pipeline\\{closure}(Object(Illuminate\\Http\\Request))
#31 /home/abraham/Documents/coding/akr/vendor/laravel/framework/src/Illuminate/Pipeline/Pipeline.php(167): Illuminate\\Foundation\\Http\\Middleware\\VerifyCsrfToken->handle(Object(Illuminate\\Http\\Request), Object(Closure))
#32 /home/abraham/Documents/coding/akr/vendor/laravel/framework/src/Illuminate/View/Middleware/ShareErrorsFromSession.php(49): Illuminate\\Pipeline\\Pipeline->Illuminate\\Pipeline\\{closure}(Object(Illuminate\\Http\\Request))
#33 /home/abraham/Documents/coding/akr/vendor/laravel/framework/src/Illuminate/Pipeline/Pipeline.php(167): Illuminate\\View\\Middleware\\ShareErrorsFromSession->handle(Object(Illuminate\\Http\\Request), Object(Closure))
#34 /home/abraham/Documents/coding/akr/vendor/laravel/framework/src/Illuminate/Session/Middleware/StartSession.php(121): Illuminate\\Pipeline\\Pipeline->Illuminate\\Pipeline\\{closure}(Object(Illuminate\\Http\\Request))
#35 /home/abraham/Documents/coding/akr/vendor/laravel/framework/src/Illuminate/Session/Middleware/StartSession.php(64): Illuminate\\Session\\Middleware\\StartSession->handleStatefulRequest(Object(Illuminate\\Http\\Request), Object(Illuminate\\Session\\Store), Object(Closure))
#36 /home/abraham/Documents/coding/akr/vendor/laravel/framework/src/Illuminate/Pipeline/Pipeline.php(167): Illuminate\\Session\\Middleware\\StartSession->handle(Object(Illuminate\\Http\\Request), Object(Closure))
#37 /home/abraham/Documents/coding/akr/vendor/laravel/framework/src/Illuminate/Cookie/Middleware/AddQueuedCookiesToResponse.php(37): Illuminate\\Pipeline\\Pipeline->Illuminate\\Pipeline\\{closure}(Object(Illuminate\\Http\\Request))
#38 /home/abraham/Documents/coding/akr/vendor/laravel/framework/src/Illuminate/Pipeline/Pipeline.php(167): Illuminate\\Cookie\\Middleware\\AddQueuedCookiesToResponse->handle(Object(Illuminate\\Http\\Request), Object(Closure))
#39 /home/abraham/Documents/coding/akr/vendor/laravel/framework/src/Illuminate/Cookie/Middleware/EncryptCookies.php(67): Illuminate\\Pipeline\\Pipeline->Illuminate\\Pipeline\\{closure}(Object(Illuminate\\Http\\Request))
#40 /home/abraham/Documents/coding/akr/vendor/laravel/framework/src/Illuminate/Pipeline/Pipeline.php(167): Illuminate\\Cookie\\Middleware\\EncryptCookies->handle(Object(Illuminate\\Http\\Request), Object(Closure))
#41 /home/abraham/Documents/coding/akr/vendor/laravel/framework/src/Illuminate/Pipeline/Pipeline.php(103): Illuminate\\Pipeline\\Pipeline->Illuminate\\Pipeline\\{closure}(Object(Illuminate\\Http\\Request))
#42 /home/abraham/Documents/coding/akr/vendor/laravel/framework/src/Illuminate/Routing/Router.php(697): Illuminate\\Pipeline\\Pipeline->then(Object(Closure))
#43 /home/abraham/Documents/coding/akr/vendor/laravel/framework/src/Illuminate/Routing/Router.php(672): Illuminate\\Routing\\Router->runRouteWithinStack(Object(Illuminate\\Routing\\Route), Object(Illuminate\\Http\\Request))
#44 /home/abraham/Documents/coding/akr/vendor/laravel/framework/src/Illuminate/Routing/Router.php(636): Illuminate\\Routing\\Router->runRoute(Object(Illuminate\\Http\\Request), Object(Illuminate\\Routing\\Route))
#45 /home/abraham/Documents/coding/akr/vendor/laravel/framework/src/Illuminate/Routing/Router.php(625): Illuminate\\Routing\\Router->dispatchToRoute(Object(Illuminate\\Http\\Request))
#46 /home/abraham/Documents/coding/akr/vendor/laravel/framework/src/Illuminate/Foundation/Http/Kernel.php(166): Illuminate\\Routing\\Router->dispatch(Object(Illuminate\\Http\\Request))
#47 /home/abraham/Documents/coding/akr/vendor/laravel/framework/src/Illuminate/Pipeline/Pipeline.php(128): Illuminate\\Foundation\\Http\\Kernel->Illuminate\\Foundation\\Http\\{closure}(Object(Illuminate\\Http\\Request))
#48 /home/abraham/Documents/coding/akr/vendor/laravel/framework/src/Illuminate/Foundation/Http/Middleware/TransformsRequest.php(21): Illuminate\\Pipeline\\Pipeline->Illuminate\\Pipeline\\{closure}(Object(Illuminate\\Http\\Request))
#49 /home/abraham/Documents/coding/akr/vendor/laravel/framework/src/Illuminate/Foundation/Http/Middleware/ConvertEmptyStringsToNull.php(31): Illuminate\\Foundation\\Http\\Middleware\\TransformsRequest->handle(Object(Illuminate\\Http\\Request), Object(Closure))
#50 /home/abraham/Documents/coding/akr/vendor/laravel/framework/src/Illuminate/Pipeline/Pipeline.php(167): Illuminate\\Foundation\\Http\\Middleware\\ConvertEmptyStringsToNull->handle(Object(Illuminate\\Http\\Request), Object(Closure))
#51 /home/abraham/Documents/coding/akr/vendor/laravel/framework/src/Illuminate/Foundation/Http/Middleware/TransformsRequest.php(21): Illuminate\\Pipeline\\Pipeline->Illuminate\\Pipeline\\{closure}(Object(Illuminate\\Http\\Request))
#52 /home/abraham/Documents/coding/akr/vendor/laravel/framework/src/Illuminate/Foundation/Http/Middleware/TrimStrings.php(40): Illuminate\\Foundation\\Http\\Middleware\\TransformsRequest->handle(Object(Illuminate\\Http\\Request), Object(Closure))
#53 /home/abraham/Documents/coding/akr/vendor/laravel/framework/src/Illuminate/Pipeline/Pipeline.php(167): Illuminate\\Foundation\\Http\\Middleware\\TrimStrings->handle(Object(Illuminate\\Http\\Request), Object(Closure))
#54 /home/abraham/Documents/coding/akr/vendor/laravel/framework/src/Illuminate/Foundation/Http/Middleware/ValidatePostSize.php(27): Illuminate\\Pipeline\\Pipeline->Illuminate\\Pipeline\\{closure}(Object(Illuminate\\Http\\Request))
#55 /home/abraham/Documents/coding/akr/vendor/laravel/framework/src/Illuminate/Pipeline/Pipeline.php(167): Illuminate\\Foundation\\Http\\Middleware\\ValidatePostSize->handle(Object(Illuminate\\Http\\Request), Object(Closure))
#56 /home/abraham/Documents/coding/akr/vendor/laravel/framework/src/Illuminate/Foundation/Http/Middleware/PreventRequestsDuringMaintenance.php(86): Illuminate\\Pipeline\\Pipeline->Illuminate\\Pipeline\\{closure}(Object(Illuminate\\Http\\Request))
#57 /home/abraham/Documents/coding/akr/vendor/laravel/framework/src/Illuminate/Pipeline/Pipeline.php(167): Illuminate\\Foundation\\Http\\Middleware\\PreventRequestsDuringMaintenance->handle(Object(Illuminate\\Http\\Request), Object(Closure))
#58 /home/abraham/Documents/coding/akr/vendor/fruitcake/laravel-cors/src/HandleCors.php(38): Illuminate\\Pipeline\\Pipeline->Illuminate\\Pipeline\\{closure}(Object(Illuminate\\Http\\Request))
#59 /home/abraham/Documents/coding/akr/vendor/laravel/framework/src/Illuminate/Pipeline/Pipeline.php(167): Fruitcake\\Cors\\HandleCors->handle(Object(Illuminate\\Http\\Request), Object(Closure))
#60 /home/abraham/Documents/coding/akr/vendor/fideloper/proxy/src/TrustProxies.php(57): Illuminate\\Pipeline\\Pipeline->Illuminate\\Pipeline\\{closure}(Object(Illuminate\\Http\\Request))
#61 /home/abraham/Documents/coding/akr/vendor/laravel/framework/src/Illuminate/Pipeline/Pipeline.php(167): Fideloper\\Proxy\\TrustProxies->handle(Object(Illuminate\\Http\\Request), Object(Closure))
#62 /home/abraham/Documents/coding/akr/vendor/laravel/framework/src/Illuminate/Pipeline/Pipeline.php(103): Illuminate\\Pipeline\\Pipeline->Illuminate\\Pipeline\\{closure}(Object(Illuminate\\Http\\Request))
#63 /home/abraham/Documents/coding/akr/vendor/laravel/framework/src/Illuminate/Foundation/Http/Kernel.php(141): Illuminate\\Pipeline\\Pipeline->then(Object(Closure))
#64 /home/abraham/Documents/coding/akr/vendor/laravel/framework/src/Illuminate/Foundation/Http/Kernel.php(110): Illuminate\\Foundation\\Http\\Kernel->sendRequestThroughRouter(Object(Illuminate\\Http\\Request))
#65 /home/abraham/Documents/coding/akr/public/index.php(55): Illuminate\\Foundation\\Http\\Kernel->handle(Object(Illuminate\\Http\\Request))
#66 /home/abraham/Documents/coding/akr/server.php(21): require_once('/home/abraham/D...')
#67 {main}
"} 
[2021-08-24 08:20:34] local.ERROR: Undefined variable: admin {"userId":2,"exception":"[object] (ErrorException(code: 0): Undefined variable: admin at /home/abraham/Documents/coding/akr/app/Http/Controllers/TicketsController.php:31)
[stacktrace]
#0 /home/abraham/Documents/coding/akr/app/Http/Controllers/TicketsController.php(31): Illuminate\\Foundation\\Bootstrap\\HandleExceptions->handleError(8, 'Undefined varia...', '/home/abraham/D...', 31, Array)
#1 /home/abraham/Documents/coding/akr/vendor/laravel/framework/src/Illuminate/Routing/Controller.php(54): App\\Http\\Controllers\\TicketsController->create()
#2 /home/abraham/Documents/coding/akr/vendor/laravel/framework/src/Illuminate/Routing/ControllerDispatcher.php(45): Illuminate\\Routing\\Controller->callAction('create', Array)
#3 /home/abraham/Documents/coding/akr/vendor/laravel/framework/src/Illuminate/Routing/Route.php(254): Illuminate\\Routing\\ControllerDispatcher->dispatch(Object(Illuminate\\Routing\\Route), Object(App\\Http\\Controllers\\TicketsController), 'create')
#4 /home/abraham/Documents/coding/akr/vendor/laravel/framework/src/Illuminate/Routing/Route.php(197): Illuminate\\Routing\\Route->runController()
#5 /home/abraham/Documents/coding/akr/vendor/laravel/framework/src/Illuminate/Routing/Router.php(695): Illuminate\\Routing\\Route->run()
#6 /home/abraham/Documents/coding/akr/vendor/laravel/framework/src/Illuminate/Pipeline/Pipeline.php(128): Illuminate\\Routing\\Router->Illuminate\\Routing\\{closure}(Object(Illuminate\\Http\\Request))
#7 /home/abraham/Documents/coding/akr/app/Http/Middleware/Menu.php(28): Illuminate\\Pipeline\\Pipeline->Illuminate\\Pipeline\\{closure}(Object(Illuminate\\Http\\Request))
#8 /home/abraham/Documents/coding/akr/vendor/laravel/framework/src/Illuminate/Pipeline/Pipeline.php(167): App\\Http\\Middleware\\Menu->handle(Object(Illuminate\\Http\\Request), Object(Closure))
#9 /home/abraham/Documents/coding/akr/vendor/laravel/framework/src/Illuminate/Routing/Middleware/SubstituteBindings.php(50): Illuminate\\Pipeline\\Pipeline->Illuminate\\Pipeline\\{closure}(Object(Illuminate\\Http\\Request))
#10 /home/abraham/Documents/coding/akr/vendor/laravel/framework/src/Illuminate/Pipeline/Pipeline.php(167): Illuminate\\Routing\\Middleware\\SubstituteBindings->handle(Object(Illuminate\\Http\\Request), Object(Closure))
#11 /home/abraham/Documents/coding/akr/vendor/laravel/framework/src/Illuminate/Auth/Middleware/Authenticate.php(44): Illuminate\\Pipeline\\Pipeline->Illuminate\\Pipeline\\{closure}(Object(Illuminate\\Http\\Request))
#12 /home/abraham/Documents/coding/akr/vendor/laravel/framework/src/Illuminate/Pipeline/Pipeline.php(167): Illuminate\\Auth\\Middleware\\Authenticate->handle(Object(Illuminate\\Http\\Request), Object(Closure))
#13 /home/abraham/Documents/coding/akr/vendor/laravel/framework/src/Illuminate/Foundation/Http/Middleware/VerifyCsrfToken.php(78): Illuminate\\Pipeline\\Pipeline->Illuminate\\Pipeline\\{closure}(Object(Illuminate\\Http\\Request))
#14 /home/abraham/Documents/coding/akr/vendor/laravel/framework/src/Illuminate/Pipeline/Pipeline.php(167): Illuminate\\Foundation\\Http\\Middleware\\VerifyCsrfToken->handle(Object(Illuminate\\Http\\Request), Object(Closure))
#15 /home/abraham/Documents/coding/akr/vendor/laravel/framework/src/Illuminate/View/Middleware/ShareErrorsFromSession.php(49): Illuminate\\Pipeline\\Pipeline->Illuminate\\Pipeline\\{closure}(Object(Illuminate\\Http\\Request))
#16 /home/abraham/Documents/coding/akr/vendor/laravel/framework/src/Illuminate/Pipeline/Pipeline.php(167): Illuminate\\View\\Middleware\\ShareErrorsFromSession->handle(Object(Illuminate\\Http\\Request), Object(Closure))
#17 /home/abraham/Documents/coding/akr/vendor/laravel/framework/src/Illuminate/Session/Middleware/StartSession.php(121): Illuminate\\Pipeline\\Pipeline->Illuminate\\Pipeline\\{closure}(Object(Illuminate\\Http\\Request))
#18 /home/abraham/Documents/coding/akr/vendor/laravel/framework/src/Illuminate/Session/Middleware/StartSession.php(64): Illuminate\\Session\\Middleware\\StartSession->handleStatefulRequest(Object(Illuminate\\Http\\Request), Object(Illuminate\\Session\\Store), Object(Closure))
#19 /home/abraham/Documents/coding/akr/vendor/laravel/framework/src/Illuminate/Pipeline/Pipeline.php(167): Illuminate\\Session\\Middleware\\StartSession->handle(Object(Illuminate\\Http\\Request), Object(Closure))
#20 /home/abraham/Documents/coding/akr/vendor/laravel/framework/src/Illuminate/Cookie/Middleware/AddQueuedCookiesToResponse.php(37): Illuminate\\Pipeline\\Pipeline->Illuminate\\Pipeline\\{closure}(Object(Illuminate\\Http\\Request))
#21 /home/abraham/Documents/coding/akr/vendor/laravel/framework/src/Illuminate/Pipeline/Pipeline.php(167): Illuminate\\Cookie\\Middleware\\AddQueuedCookiesToResponse->handle(Object(Illuminate\\Http\\Request), Object(Closure))
#22 /home/abraham/Documents/coding/akr/vendor/laravel/framework/src/Illuminate/Cookie/Middleware/EncryptCookies.php(67): Illuminate\\Pipeline\\Pipeline->Illuminate\\Pipeline\\{closure}(Object(Illuminate\\Http\\Request))
#23 /home/abraham/Documents/coding/akr/vendor/laravel/framework/src/Illuminate/Pipeline/Pipeline.php(167): Illuminate\\Cookie\\Middleware\\EncryptCookies->handle(Object(Illuminate\\Http\\Request), Object(Closure))
#24 /home/abraham/Documents/coding/akr/vendor/laravel/framework/src/Illuminate/Pipeline/Pipeline.php(103): Illuminate\\Pipeline\\Pipeline->Illuminate\\Pipeline\\{closure}(Object(Illuminate\\Http\\Request))
#25 /home/abraham/Documents/coding/akr/vendor/laravel/framework/src/Illuminate/Routing/Router.php(697): Illuminate\\Pipeline\\Pipeline->then(Object(Closure))
#26 /home/abraham/Documents/coding/akr/vendor/laravel/framework/src/Illuminate/Routing/Router.php(672): Illuminate\\Routing\\Router->runRouteWithinStack(Object(Illuminate\\Routing\\Route), Object(Illuminate\\Http\\Request))
#27 /home/abraham/Documents/coding/akr/vendor/laravel/framework/src/Illuminate/Routing/Router.php(636): Illuminate\\Routing\\Router->runRoute(Object(Illuminate\\Http\\Request), Object(Illuminate\\Routing\\Route))
#28 /home/abraham/Documents/coding/akr/vendor/laravel/framework/src/Illuminate/Routing/Router.php(625): Illuminate\\Routing\\Router->dispatchToRoute(Object(Illuminate\\Http\\Request))
#29 /home/abraham/Documents/coding/akr/vendor/laravel/framework/src/Illuminate/Foundation/Http/Kernel.php(166): Illuminate\\Routing\\Router->dispatch(Object(Illuminate\\Http\\Request))
#30 /home/abraham/Documents/coding/akr/vendor/laravel/framework/src/Illuminate/Pipeline/Pipeline.php(128): Illuminate\\Foundation\\Http\\Kernel->Illuminate\\Foundation\\Http\\{closure}(Object(Illuminate\\Http\\Request))
#31 /home/abraham/Documents/coding/akr/vendor/laravel/framework/src/Illuminate/Foundation/Http/Middleware/TransformsRequest.php(21): Illuminate\\Pipeline\\Pipeline->Illuminate\\Pipeline\\{closure}(Object(Illuminate\\Http\\Request))
#32 /home/abraham/Documents/coding/akr/vendor/laravel/framework/src/Illuminate/Foundation/Http/Middleware/ConvertEmptyStringsToNull.php(31): Illuminate\\Foundation\\Http\\Middleware\\TransformsRequest->handle(Object(Illuminate\\Http\\Request), Object(Closure))
#33 /home/abraham/Documents/coding/akr/vendor/laravel/framework/src/Illuminate/Pipeline/Pipeline.php(167): Illuminate\\Foundation\\Http\\Middleware\\ConvertEmptyStringsToNull->handle(Object(Illuminate\\Http\\Request), Object(Closure))
#34 /home/abraham/Documents/coding/akr/vendor/laravel/framework/src/Illuminate/Foundation/Http/Middleware/TransformsRequest.php(21): Illuminate\\Pipeline\\Pipeline->Illuminate\\Pipeline\\{closure}(Object(Illuminate\\Http\\Request))
#35 /home/abraham/Documents/coding/akr/vendor/laravel/framework/src/Illuminate/Foundation/Http/Middleware/TrimStrings.php(40): Illuminate\\Foundation\\Http\\Middleware\\TransformsRequest->handle(Object(Illuminate\\Http\\Request), Object(Closure))
#36 /home/abraham/Documents/coding/akr/vendor/laravel/framework/src/Illuminate/Pipeline/Pipeline.php(167): Illuminate\\Foundation\\Http\\Middleware\\TrimStrings->handle(Object(Illuminate\\Http\\Request), Object(Closure))
#37 /home/abraham/Documents/coding/akr/vendor/laravel/framework/src/Illuminate/Foundation/Http/Middleware/ValidatePostSize.php(27): Illuminate\\Pipeline\\Pipeline->Illuminate\\Pipeline\\{closure}(Object(Illuminate\\Http\\Request))
#38 /home/abraham/Documents/coding/akr/vendor/laravel/framework/src/Illuminate/Pipeline/Pipeline.php(167): Illuminate\\Foundation\\Http\\Middleware\\ValidatePostSize->handle(Object(Illuminate\\Http\\Request), Object(Closure))
#39 /home/abraham/Documents/coding/akr/vendor/laravel/framework/src/Illuminate/Foundation/Http/Middleware/PreventRequestsDuringMaintenance.php(86): Illuminate\\Pipeline\\Pipeline->Illuminate\\Pipeline\\{closure}(Object(Illuminate\\Http\\Request))
#40 /home/abraham/Documents/coding/akr/vendor/laravel/framework/src/Illuminate/Pipeline/Pipeline.php(167): Illuminate\\Foundation\\Http\\Middleware\\PreventRequestsDuringMaintenance->handle(Object(Illuminate\\Http\\Request), Object(Closure))
#41 /home/abraham/Documents/coding/akr/vendor/fruitcake/laravel-cors/src/HandleCors.php(38): Illuminate\\Pipeline\\Pipeline->Illuminate\\Pipeline\\{closure}(Object(Illuminate\\Http\\Request))
#42 /home/abraham/Documents/coding/akr/vendor/laravel/framework/src/Illuminate/Pipeline/Pipeline.php(167): Fruitcake\\Cors\\HandleCors->handle(Object(Illuminate\\Http\\Request), Object(Closure))
#43 /home/abraham/Documents/coding/akr/vendor/fideloper/proxy/src/TrustProxies.php(57): Illuminate\\Pipeline\\Pipeline->Illuminate\\Pipeline\\{closure}(Object(Illuminate\\Http\\Request))
#44 /home/abraham/Documents/coding/akr/vendor/laravel/framework/src/Illuminate/Pipeline/Pipeline.php(167): Fideloper\\Proxy\\TrustProxies->handle(Object(Illuminate\\Http\\Request), Object(Closure))
#45 /home/abraham/Documents/coding/akr/vendor/laravel/framework/src/Illuminate/Pipeline/Pipeline.php(103): Illuminate\\Pipeline\\Pipeline->Illuminate\\Pipeline\\{closure}(Object(Illuminate\\Http\\Request))
#46 /home/abraham/Documents/coding/akr/vendor/laravel/framework/src/Illuminate/Foundation/Http/Kernel.php(141): Illuminate\\Pipeline\\Pipeline->then(Object(Closure))
#47 /home/abraham/Documents/coding/akr/vendor/laravel/framework/src/Illuminate/Foundation/Http/Kernel.php(110): Illuminate\\Foundation\\Http\\Kernel->sendRequestThroughRouter(Object(Illuminate\\Http\\Request))
#48 /home/abraham/Documents/coding/akr/public/index.php(55): Illuminate\\Foundation\\Http\\Kernel->handle(Object(Illuminate\\Http\\Request))
#49 /home/abraham/Documents/coding/akr/server.php(21): require_once('/home/abraham/D...')
#50 {main}
"} 
