[2021-08-04 15:38:27] local.ERROR: syntax error, unexpected '}', expecting ']' {"exception":"[object] (Symfony\\Component\\ErrorHandler\\Error\\FatalError(code: 0): syntax error, unexpected '}', expecting ']' at /home/abraham/Documents/coding/akr/app/Models/Crypto_Value.php:16)
[stacktrace]
#0 {main}
"} 
[2021-08-04 15:38:43] local.ERROR: syntax error, unexpected '}', expecting ']' {"exception":"[object] (Symfony\\Component\\ErrorHandler\\Error\\FatalError(code: 0): syntax error, unexpected '}', expecting ']' at /home/abraham/Documents/coding/akr/app/Models/Crypto_Value.php:16)
[stacktrace]
#0 {main}
"} 
[2021-08-04 15:38:56] local.ERROR: syntax error, unexpected '}', expecting ']' {"exception":"[object] (Symfony\\Component\\ErrorHandler\\Error\\FatalError(code: 0): syntax error, unexpected '}', expecting ']' at /home/abraham/Documents/coding/akr/app/Models/Crypto_Value.php:14)
[stacktrace]
#0 {main}
"} 
[2021-08-04 15:38:59] local.ERROR: syntax error, unexpected ';', expecting ']' {"exception":"[object] (Symfony\\Component\\ErrorHandler\\Error\\FatalError(code: 0): syntax error, unexpected ';', expecting ']' at /home/abraham/Documents/coding/akr/app/Models/Crypto_Value.php:13)
[stacktrace]
#0 {main}
"} 
[2021-08-04 15:39:04] local.ERROR: syntax error, unexpected ';', expecting ']' {"exception":"[object] (Symfony\\Component\\ErrorHandler\\Error\\FatalError(code: 0): syntax error, unexpected ';', expecting ']' at /home/abraham/Documents/coding/akr/app/Models/Crypto_Value.php:13)
[stacktrace]
#0 {main}
"} 
[2021-08-04 15:39:26] local.ERROR: syntax error, unexpected '}', expecting ']' {"exception":"[object] (Symfony\\Component\\ErrorHandler\\Error\\FatalError(code: 0): syntax error, unexpected '}', expecting ']' at /home/abraham/Documents/coding/akr/app/Models/Crypto_Value.php:15)
[stacktrace]
#0 {main}
"} 
[2021-08-04 15:39:35] local.ERROR: syntax error, unexpected '}', expecting ']' {"exception":"[object] (Symfony\\Component\\ErrorHandler\\Error\\FatalError(code: 0): syntax error, unexpected '}', expecting ']' at /home/abraham/Documents/coding/akr/app/Models/Crypto_Value.php:15)
[stacktrace]
#0 {main}
"} 
[2021-08-04 15:39:53] local.ERROR: syntax error, unexpected ';', expecting ']' {"exception":"[object] (Symfony\\Component\\ErrorHandler\\Error\\FatalError(code: 0): syntax error, unexpected ';', expecting ']' at /home/abraham/Documents/coding/akr/app/Models/Crypto_Value.php:15)
[stacktrace]
#0 {main}
"} 
[2021-08-04 15:39:59] local.ERROR: syntax error, unexpected ';', expecting ']' {"exception":"[object] (Symfony\\Component\\ErrorHandler\\Error\\FatalError(code: 0): syntax error, unexpected ';', expecting ']' at /home/abraham/Documents/coding/akr/app/Models/Crypto_Value.php:15)
[stacktrace]
#0 {main}
"} 
[2021-08-04 15:40:22] local.ERROR: syntax error, unexpected ';', expecting ']' {"exception":"[object] (Symfony\\Component\\ErrorHandler\\Error\\FatalError(code: 0): syntax error, unexpected ';', expecting ']' at /home/abraham/Documents/coding/akr/app/Models/Crypto_Value.php:15)
[stacktrace]
#0 {main}
"} 
[2021-08-04 15:40:29] local.ERROR: syntax error, unexpected ';', expecting ']' {"exception":"[object] (Symfony\\Component\\ErrorHandler\\Error\\FatalError(code: 0): syntax error, unexpected ';', expecting ']' at /home/abraham/Documents/coding/akr/app/Models/Crypto_Value.php:15)
[stacktrace]
#0 {main}
"} 
[2021-08-04 15:40:40] local.ERROR: syntax error, unexpected ';', expecting ']' {"exception":"[object] (Symfony\\Component\\ErrorHandler\\Error\\FatalError(code: 0): syntax error, unexpected ';', expecting ']' at /home/abraham/Documents/coding/akr/app/Models/Crypto_Value.php:15)
[stacktrace]
#0 {main}
"} 
