[2021-07-30 13:11:27] production.ERROR: No application encryption key has been specified. {"exception":"[object] (Illuminate\\Encryption\\MissingAppKeyException(code: 0): No application encryption key has been specified. at C:\\laragon\\www\\akr\\vendor\\laravel\\framework\\src\\Illuminate\\Encryption\\EncryptionServiceProvider.php:79)
[stacktrace]
#0 C:\\laragon\\www\\akr\\vendor\\laravel\\framework\\src\\Illuminate\\Support\\helpers.php(263): Illuminate\\Encryption\\EncryptionServiceProvider->Illuminate\\Encryption\\{closure}(NULL)
#1 C:\\laragon\\www\\akr\\vendor\\laravel\\framework\\src\\Illuminate\\Encryption\\EncryptionServiceProvider.php(81): tap(NULL, Object(Closure))
#2 C:\\laragon\\www\\akr\\vendor\\laravel\\framework\\src\\Illuminate\\Encryption\\EncryptionServiceProvider.php(60): Illuminate\\Encryption\\EncryptionServiceProvider->key(Array)
#3 C:\\laragon\\www\\akr\\vendor\\laravel\\framework\\src\\Illuminate\\Encryption\\EncryptionServiceProvider.php(32): Illuminate\\Encryption\\EncryptionServiceProvider->parseKey(Array)
#4 C:\\laragon\\www\\akr\\vendor\\laravel\\framework\\src\\Illuminate\\Container\\Container.php(869): Illuminate\\Encryption\\EncryptionServiceProvider->Illuminate\\Encryption\\{closure}(Object(Illuminate\\Foundation\\Application), Array)
#5 C:\\laragon\\www\\akr\\vendor\\laravel\\framework\\src\\Illuminate\\Container\\Container.php(754): Illuminate\\Container\\Container->build(Object(Closure))
#6 C:\\laragon\\www\\akr\\vendor\\laravel\\framework\\src\\Illuminate\\Foundation\\Application.php(841): Illuminate\\Container\\Container->resolve('encrypter', Array, true)
#7 C:\\laragon\\www\\akr\\vendor\\laravel\\framework\\src\\Illuminate\\Container\\Container.php(692): Illuminate\\Foundation\\Application->resolve('encrypter', Array)
#8 C:\\laragon\\www\\akr\\vendor\\laravel\\framework\\src\\Illuminate\\Foundation\\Application.php(826): Illuminate\\Container\\Container->make('encrypter', Array)
#9 C:\\laragon\\www\\akr\\vendor\\laravel\\framework\\src\\Illuminate\\Container\\Container.php(1027): Illuminate\\Foundation\\Application->make('encrypter')
#10 C:\\laragon\\www\\akr\\vendor\\laravel\\framework\\src\\Illuminate\\Container\\Container.php(947): Illuminate\\Container\\Container->resolveClass(Object(ReflectionParameter))
#11 C:\\laragon\\www\\akr\\vendor\\laravel\\framework\\src\\Illuminate\\Container\\Container.php(908): Illuminate\\Container\\Container->resolveDependencies(Array)
#12 C:\\laragon\\www\\akr\\vendor\\laravel\\framework\\src\\Illuminate\\Container\\Container.php(754): Illuminate\\Container\\Container->build('App\\\\Http\\\\Middle...')
#13 C:\\laragon\\www\\akr\\vendor\\laravel\\framework\\src\\Illuminate\\Foundation\\Application.php(841): Illuminate\\Container\\Container->resolve('App\\\\Http\\\\Middle...', Array, true)
#14 C:\\laragon\\www\\akr\\vendor\\laravel\\framework\\src\\Illuminate\\Container\\Container.php(692): Illuminate\\Foundation\\Application->resolve('App\\\\Http\\\\Middle...', Array)
#15 C:\\laragon\\www\\akr\\vendor\\laravel\\framework\\src\\Illuminate\\Foundation\\Application.php(826): Illuminate\\Container\\Container->make('App\\\\Http\\\\Middle...', Array)
#16 C:\\laragon\\www\\akr\\vendor\\laravel\\framework\\src\\Illuminate\\Pipeline\\Pipeline.php(156): Illuminate\\Foundation\\Application->make('App\\\\Http\\\\Middle...')
#17 C:\\laragon\\www\\akr\\vendor\\laravel\\framework\\src\\Illuminate\\Pipeline\\Pipeline.php(103): Illuminate\\Pipeline\\Pipeline->Illuminate\\Pipeline\\{closure}(Object(Illuminate\\Http\\Request))
#18 C:\\laragon\\www\\akr\\vendor\\laravel\\framework\\src\\Illuminate\\Routing\\Router.php(697): Illuminate\\Pipeline\\Pipeline->then(Object(Closure))
#19 C:\\laragon\\www\\akr\\vendor\\laravel\\framework\\src\\Illuminate\\Routing\\Router.php(672): Illuminate\\Routing\\Router->runRouteWithinStack(Object(Illuminate\\Routing\\Route), Object(Illuminate\\Http\\Request))
#20 C:\\laragon\\www\\akr\\vendor\\laravel\\framework\\src\\Illuminate\\Routing\\Router.php(636): Illuminate\\Routing\\Router->runRoute(Object(Illuminate\\Http\\Request), Object(Illuminate\\Routing\\Route))
#21 C:\\laragon\\www\\akr\\vendor\\laravel\\framework\\src\\Illuminate\\Routing\\Router.php(625): Illuminate\\Routing\\Router->dispatchToRoute(Object(Illuminate\\Http\\Request))
#22 C:\\laragon\\www\\akr\\vendor\\laravel\\framework\\src\\Illuminate\\Foundation\\Http\\Kernel.php(166): Illuminate\\Routing\\Router->dispatch(Object(Illuminate\\Http\\Request))
#23 C:\\laragon\\www\\akr\\vendor\\laravel\\framework\\src\\Illuminate\\Pipeline\\Pipeline.php(128): Illuminate\\Foundation\\Http\\Kernel->Illuminate\\Foundation\\Http\\{closure}(Object(Illuminate\\Http\\Request))
#24 C:\\laragon\\www\\akr\\vendor\\laravel\\framework\\src\\Illuminate\\Foundation\\Http\\Middleware\\TransformsRequest.php(21): Illuminate\\Pipeline\\Pipeline->Illuminate\\Pipeline\\{closure}(Object(Illuminate\\Http\\Request))
#25 C:\\laragon\\www\\akr\\vendor\\laravel\\framework\\src\\Illuminate\\Foundation\\Http\\Middleware\\ConvertEmptyStringsToNull.php(31): Illuminate\\Foundation\\Http\\Middleware\\TransformsRequest->handle(Object(Illuminate\\Http\\Request), Object(Closure))
#26 C:\\laragon\\www\\akr\\vendor\\laravel\\framework\\src\\Illuminate\\Pipeline\\Pipeline.php(167): Illuminate\\Foundation\\Http\\Middleware\\ConvertEmptyStringsToNull->handle(Object(Illuminate\\Http\\Request), Object(Closure))
#27 C:\\laragon\\www\\akr\\vendor\\laravel\\framework\\src\\Illuminate\\Foundation\\Http\\Middleware\\TransformsRequest.php(21): Illuminate\\Pipeline\\Pipeline->Illuminate\\Pipeline\\{closure}(Object(Illuminate\\Http\\Request))
#28 C:\\laragon\\www\\akr\\vendor\\laravel\\framework\\src\\Illuminate\\Foundation\\Http\\Middleware\\TrimStrings.php(40): Illuminate\\Foundation\\Http\\Middleware\\TransformsRequest->handle(Object(Illuminate\\Http\\Request), Object(Closure))
#29 C:\\laragon\\www\\akr\\vendor\\laravel\\framework\\src\\Illuminate\\Pipeline\\Pipeline.php(167): Illuminate\\Foundation\\Http\\Middleware\\TrimStrings->handle(Object(Illuminate\\Http\\Request), Object(Closure))
#30 C:\\laragon\\www\\akr\\vendor\\laravel\\framework\\src\\Illuminate\\Foundation\\Http\\Middleware\\ValidatePostSize.php(27): Illuminate\\Pipeline\\Pipeline->Illuminate\\Pipeline\\{closure}(Object(Illuminate\\Http\\Request))
#31 C:\\laragon\\www\\akr\\vendor\\laravel\\framework\\src\\Illuminate\\Pipeline\\Pipeline.php(167): Illuminate\\Foundation\\Http\\Middleware\\ValidatePostSize->handle(Object(Illuminate\\Http\\Request), Object(Closure))
#32 C:\\laragon\\www\\akr\\vendor\\laravel\\framework\\src\\Illuminate\\Foundation\\Http\\Middleware\\PreventRequestsDuringMaintenance.php(86): Illuminate\\Pipeline\\Pipeline->Illuminate\\Pipeline\\{closure}(Object(Illuminate\\Http\\Request))
#33 C:\\laragon\\www\\akr\\vendor\\laravel\\framework\\src\\Illuminate\\Pipeline\\Pipeline.php(167): Illuminate\\Foundation\\Http\\Middleware\\PreventRequestsDuringMaintenance->handle(Object(Illuminate\\Http\\Request), Object(Closure))
#34 C:\\laragon\\www\\akr\\vendor\\fruitcake\\laravel-cors\\src\\HandleCors.php(38): Illuminate\\Pipeline\\Pipeline->Illuminate\\Pipeline\\{closure}(Object(Illuminate\\Http\\Request))
#35 C:\\laragon\\www\\akr\\vendor\\laravel\\framework\\src\\Illuminate\\Pipeline\\Pipeline.php(167): Fruitcake\\Cors\\HandleCors->handle(Object(Illuminate\\Http\\Request), Object(Closure))
#36 C:\\laragon\\www\\akr\\vendor\\fideloper\\proxy\\src\\TrustProxies.php(57): Illuminate\\Pipeline\\Pipeline->Illuminate\\Pipeline\\{closure}(Object(Illuminate\\Http\\Request))
#37 C:\\laragon\\www\\akr\\vendor\\laravel\\framework\\src\\Illuminate\\Pipeline\\Pipeline.php(167): Fideloper\\Proxy\\TrustProxies->handle(Object(Illuminate\\Http\\Request), Object(Closure))
#38 C:\\laragon\\www\\akr\\vendor\\laravel\\framework\\src\\Illuminate\\Pipeline\\Pipeline.php(103): Illuminate\\Pipeline\\Pipeline->Illuminate\\Pipeline\\{closure}(Object(Illuminate\\Http\\Request))
#39 C:\\laragon\\www\\akr\\vendor\\laravel\\framework\\src\\Illuminate\\Foundation\\Http\\Kernel.php(141): Illuminate\\Pipeline\\Pipeline->then(Object(Closure))
#40 C:\\laragon\\www\\akr\\vendor\\laravel\\framework\\src\\Illuminate\\Foundation\\Http\\Kernel.php(110): Illuminate\\Foundation\\Http\\Kernel->sendRequestThroughRouter(Object(Illuminate\\Http\\Request))
#41 C:\\laragon\\www\\akr\\public\\index.php(55): Illuminate\\Foundation\\Http\\Kernel->handle(Object(Illuminate\\Http\\Request))
#42 {main}
"} 
[2021-07-30 13:11:28] production.ERROR: No application encryption key has been specified. {"exception":"[object] (Illuminate\\Encryption\\MissingAppKeyException(code: 0): No application encryption key has been specified. at C:\\laragon\\www\\akr\\vendor\\laravel\\framework\\src\\Illuminate\\Encryption\\EncryptionServiceProvider.php:79)
[stacktrace]
#0 C:\\laragon\\www\\akr\\vendor\\laravel\\framework\\src\\Illuminate\\Support\\helpers.php(263): Illuminate\\Encryption\\EncryptionServiceProvider->Illuminate\\Encryption\\{closure}(NULL)
#1 C:\\laragon\\www\\akr\\vendor\\laravel\\framework\\src\\Illuminate\\Encryption\\EncryptionServiceProvider.php(81): tap(NULL, Object(Closure))
#2 C:\\laragon\\www\\akr\\vendor\\laravel\\framework\\src\\Illuminate\\Encryption\\EncryptionServiceProvider.php(60): Illuminate\\Encryption\\EncryptionServiceProvider->key(Array)
#3 C:\\laragon\\www\\akr\\vendor\\laravel\\framework\\src\\Illuminate\\Encryption\\EncryptionServiceProvider.php(32): Illuminate\\Encryption\\EncryptionServiceProvider->parseKey(Array)
#4 C:\\laragon\\www\\akr\\vendor\\laravel\\framework\\src\\Illuminate\\Container\\Container.php(869): Illuminate\\Encryption\\EncryptionServiceProvider->Illuminate\\Encryption\\{closure}(Object(Illuminate\\Foundation\\Application), Array)
#5 C:\\laragon\\www\\akr\\vendor\\laravel\\framework\\src\\Illuminate\\Container\\Container.php(754): Illuminate\\Container\\Container->build(Object(Closure))
#6 C:\\laragon\\www\\akr\\vendor\\laravel\\framework\\src\\Illuminate\\Foundation\\Application.php(841): Illuminate\\Container\\Container->resolve('encrypter', Array, true)
#7 C:\\laragon\\www\\akr\\vendor\\laravel\\framework\\src\\Illuminate\\Container\\Container.php(692): Illuminate\\Foundation\\Application->resolve('encrypter', Array)
#8 C:\\laragon\\www\\akr\\vendor\\laravel\\framework\\src\\Illuminate\\Foundation\\Application.php(826): Illuminate\\Container\\Container->make('encrypter', Array)
#9 C:\\laragon\\www\\akr\\vendor\\laravel\\framework\\src\\Illuminate\\Container\\Container.php(1027): Illuminate\\Foundation\\Application->make('encrypter')
#10 C:\\laragon\\www\\akr\\vendor\\laravel\\framework\\src\\Illuminate\\Container\\Container.php(947): Illuminate\\Container\\Container->resolveClass(Object(ReflectionParameter))
#11 C:\\laragon\\www\\akr\\vendor\\laravel\\framework\\src\\Illuminate\\Container\\Container.php(908): Illuminate\\Container\\Container->resolveDependencies(Array)
#12 C:\\laragon\\www\\akr\\vendor\\laravel\\framework\\src\\Illuminate\\Container\\Container.php(754): Illuminate\\Container\\Container->build('App\\\\Http\\\\Middle...')
#13 C:\\laragon\\www\\akr\\vendor\\laravel\\framework\\src\\Illuminate\\Foundation\\Application.php(841): Illuminate\\Container\\Container->resolve('App\\\\Http\\\\Middle...', Array, true)
#14 C:\\laragon\\www\\akr\\vendor\\laravel\\framework\\src\\Illuminate\\Container\\Container.php(692): Illuminate\\Foundation\\Application->resolve('App\\\\Http\\\\Middle...', Array)
#15 C:\\laragon\\www\\akr\\vendor\\laravel\\framework\\src\\Illuminate\\Foundation\\Application.php(826): Illuminate\\Container\\Container->make('App\\\\Http\\\\Middle...', Array)
#16 C:\\laragon\\www\\akr\\vendor\\laravel\\framework\\src\\Illuminate\\Foundation\\Http\\Kernel.php(205): Illuminate\\Foundation\\Application->make('App\\\\Http\\\\Middle...')
#17 C:\\laragon\\www\\akr\\vendor\\laravel\\framework\\src\\Illuminate\\Foundation\\Http\\Kernel.php(179): Illuminate\\Foundation\\Http\\Kernel->terminateMiddleware(Object(Illuminate\\Http\\Request), Object(Illuminate\\Http\\JsonResponse))
#18 C:\\laragon\\www\\akr\\public\\index.php(60): Illuminate\\Foundation\\Http\\Kernel->terminate(Object(Illuminate\\Http\\Request), Object(Illuminate\\Http\\JsonResponse))
#19 {main}
"} 
[2021-07-30 14:08:15] local.ERROR: Attempt to read property "getOrdenUser" on bool {"userId":2,"exception":"[object] (ErrorException(code: 0): Attempt to read property \"getOrdenUser\" on bool at C:\\laragon\\www\\akr\\app\\Http\\Controllers\\ReporteController.php:33)
[stacktrace]
#0 C:\\laragon\\www\\akr\\app\\Http\\Controllers\\ReporteController.php(33): Illuminate\\Foundation\\Bootstrap\\HandleExceptions->handleError(2, 'Attempt to read...', 'C:\\\\laragon\\\\www\\\\...', 33)
#1 C:\\laragon\\www\\akr\\vendor\\laravel\\framework\\src\\Illuminate\\Routing\\Controller.php(54): App\\Http\\Controllers\\ReporteController->indexPedidos()
#2 C:\\laragon\\www\\akr\\vendor\\laravel\\framework\\src\\Illuminate\\Routing\\ControllerDispatcher.php(45): Illuminate\\Routing\\Controller->callAction('indexPedidos', Array)
#3 C:\\laragon\\www\\akr\\vendor\\laravel\\framework\\src\\Illuminate\\Routing\\Route.php(254): Illuminate\\Routing\\ControllerDispatcher->dispatch(Object(Illuminate\\Routing\\Route), Object(App\\Http\\Controllers\\ReporteController), 'indexPedidos')
#4 C:\\laragon\\www\\akr\\vendor\\laravel\\framework\\src\\Illuminate\\Routing\\Route.php(197): Illuminate\\Routing\\Route->runController()
#5 C:\\laragon\\www\\akr\\vendor\\laravel\\framework\\src\\Illuminate\\Routing\\Router.php(695): Illuminate\\Routing\\Route->run()
#6 C:\\laragon\\www\\akr\\vendor\\laravel\\framework\\src\\Illuminate\\Pipeline\\Pipeline.php(128): Illuminate\\Routing\\Router->Illuminate\\Routing\\{closure}(Object(Illuminate\\Http\\Request))
#7 C:\\laragon\\www\\akr\\app\\Http\\Middleware\\Menu.php(28): Illuminate\\Pipeline\\Pipeline->Illuminate\\Pipeline\\{closure}(Object(Illuminate\\Http\\Request))
#8 C:\\laragon\\www\\akr\\vendor\\laravel\\framework\\src\\Illuminate\\Pipeline\\Pipeline.php(167): App\\Http\\Middleware\\Menu->handle(Object(Illuminate\\Http\\Request), Object(Closure))
#9 C:\\laragon\\www\\akr\\vendor\\laravel\\framework\\src\\Illuminate\\Routing\\Middleware\\SubstituteBindings.php(50): Illuminate\\Pipeline\\Pipeline->Illuminate\\Pipeline\\{closure}(Object(Illuminate\\Http\\Request))
#10 C:\\laragon\\www\\akr\\vendor\\laravel\\framework\\src\\Illuminate\\Pipeline\\Pipeline.php(167): Illuminate\\Routing\\Middleware\\SubstituteBindings->handle(Object(Illuminate\\Http\\Request), Object(Closure))
#11 C:\\laragon\\www\\akr\\vendor\\laravel\\framework\\src\\Illuminate\\Auth\\Middleware\\Authenticate.php(44): Illuminate\\Pipeline\\Pipeline->Illuminate\\Pipeline\\{closure}(Object(Illuminate\\Http\\Request))
#12 C:\\laragon\\www\\akr\\vendor\\laravel\\framework\\src\\Illuminate\\Pipeline\\Pipeline.php(167): Illuminate\\Auth\\Middleware\\Authenticate->handle(Object(Illuminate\\Http\\Request), Object(Closure))
#13 C:\\laragon\\www\\akr\\vendor\\laravel\\framework\\src\\Illuminate\\Foundation\\Http\\Middleware\\VerifyCsrfToken.php(78): Illuminate\\Pipeline\\Pipeline->Illuminate\\Pipeline\\{closure}(Object(Illuminate\\Http\\Request))
#14 C:\\laragon\\www\\akr\\vendor\\laravel\\framework\\src\\Illuminate\\Pipeline\\Pipeline.php(167): Illuminate\\Foundation\\Http\\Middleware\\VerifyCsrfToken->handle(Object(Illuminate\\Http\\Request), Object(Closure))
#15 C:\\laragon\\www\\akr\\vendor\\laravel\\framework\\src\\Illuminate\\View\\Middleware\\ShareErrorsFromSession.php(49): Illuminate\\Pipeline\\Pipeline->Illuminate\\Pipeline\\{closure}(Object(Illuminate\\Http\\Request))
#16 C:\\laragon\\www\\akr\\vendor\\laravel\\framework\\src\\Illuminate\\Pipeline\\Pipeline.php(167): Illuminate\\View\\Middleware\\ShareErrorsFromSession->handle(Object(Illuminate\\Http\\Request), Object(Closure))
#17 C:\\laragon\\www\\akr\\vendor\\laravel\\framework\\src\\Illuminate\\Session\\Middleware\\StartSession.php(121): Illuminate\\Pipeline\\Pipeline->Illuminate\\Pipeline\\{closure}(Object(Illuminate\\Http\\Request))
#18 C:\\laragon\\www\\akr\\vendor\\laravel\\framework\\src\\Illuminate\\Session\\Middleware\\StartSession.php(64): Illuminate\\Session\\Middleware\\StartSession->handleStatefulRequest(Object(Illuminate\\Http\\Request), Object(Illuminate\\Session\\Store), Object(Closure))
#19 C:\\laragon\\www\\akr\\vendor\\laravel\\framework\\src\\Illuminate\\Pipeline\\Pipeline.php(167): Illuminate\\Session\\Middleware\\StartSession->handle(Object(Illuminate\\Http\\Request), Object(Closure))
#20 C:\\laragon\\www\\akr\\vendor\\laravel\\framework\\src\\Illuminate\\Cookie\\Middleware\\AddQueuedCookiesToResponse.php(37): Illuminate\\Pipeline\\Pipeline->Illuminate\\Pipeline\\{closure}(Object(Illuminate\\Http\\Request))
#21 C:\\laragon\\www\\akr\\vendor\\laravel\\framework\\src\\Illuminate\\Pipeline\\Pipeline.php(167): Illuminate\\Cookie\\Middleware\\AddQueuedCookiesToResponse->handle(Object(Illuminate\\Http\\Request), Object(Closure))
#22 C:\\laragon\\www\\akr\\vendor\\laravel\\framework\\src\\Illuminate\\Cookie\\Middleware\\EncryptCookies.php(67): Illuminate\\Pipeline\\Pipeline->Illuminate\\Pipeline\\{closure}(Object(Illuminate\\Http\\Request))
#23 C:\\laragon\\www\\akr\\vendor\\laravel\\framework\\src\\Illuminate\\Pipeline\\Pipeline.php(167): Illuminate\\Cookie\\Middleware\\EncryptCookies->handle(Object(Illuminate\\Http\\Request), Object(Closure))
#24 C:\\laragon\\www\\akr\\vendor\\laravel\\framework\\src\\Illuminate\\Pipeline\\Pipeline.php(103): Illuminate\\Pipeline\\Pipeline->Illuminate\\Pipeline\\{closure}(Object(Illuminate\\Http\\Request))
#25 C:\\laragon\\www\\akr\\vendor\\laravel\\framework\\src\\Illuminate\\Routing\\Router.php(697): Illuminate\\Pipeline\\Pipeline->then(Object(Closure))
#26 C:\\laragon\\www\\akr\\vendor\\laravel\\framework\\src\\Illuminate\\Routing\\Router.php(672): Illuminate\\Routing\\Router->runRouteWithinStack(Object(Illuminate\\Routing\\Route), Object(Illuminate\\Http\\Request))
#27 C:\\laragon\\www\\akr\\vendor\\laravel\\framework\\src\\Illuminate\\Routing\\Router.php(636): Illuminate\\Routing\\Router->runRoute(Object(Illuminate\\Http\\Request), Object(Illuminate\\Routing\\Route))
#28 C:\\laragon\\www\\akr\\vendor\\laravel\\framework\\src\\Illuminate\\Routing\\Router.php(625): Illuminate\\Routing\\Router->dispatchToRoute(Object(Illuminate\\Http\\Request))
#29 C:\\laragon\\www\\akr\\vendor\\laravel\\framework\\src\\Illuminate\\Foundation\\Http\\Kernel.php(166): Illuminate\\Routing\\Router->dispatch(Object(Illuminate\\Http\\Request))
#30 C:\\laragon\\www\\akr\\vendor\\laravel\\framework\\src\\Illuminate\\Pipeline\\Pipeline.php(128): Illuminate\\Foundation\\Http\\Kernel->Illuminate\\Foundation\\Http\\{closure}(Object(Illuminate\\Http\\Request))
#31 C:\\laragon\\www\\akr\\vendor\\laravel\\framework\\src\\Illuminate\\Foundation\\Http\\Middleware\\TransformsRequest.php(21): Illuminate\\Pipeline\\Pipeline->Illuminate\\Pipeline\\{closure}(Object(Illuminate\\Http\\Request))
#32 C:\\laragon\\www\\akr\\vendor\\laravel\\framework\\src\\Illuminate\\Foundation\\Http\\Middleware\\ConvertEmptyStringsToNull.php(31): Illuminate\\Foundation\\Http\\Middleware\\TransformsRequest->handle(Object(Illuminate\\Http\\Request), Object(Closure))
#33 C:\\laragon\\www\\akr\\vendor\\laravel\\framework\\src\\Illuminate\\Pipeline\\Pipeline.php(167): Illuminate\\Foundation\\Http\\Middleware\\ConvertEmptyStringsToNull->handle(Object(Illuminate\\Http\\Request), Object(Closure))
#34 C:\\laragon\\www\\akr\\vendor\\laravel\\framework\\src\\Illuminate\\Foundation\\Http\\Middleware\\TransformsRequest.php(21): Illuminate\\Pipeline\\Pipeline->Illuminate\\Pipeline\\{closure}(Object(Illuminate\\Http\\Request))
#35 C:\\laragon\\www\\akr\\vendor\\laravel\\framework\\src\\Illuminate\\Foundation\\Http\\Middleware\\TrimStrings.php(40): Illuminate\\Foundation\\Http\\Middleware\\TransformsRequest->handle(Object(Illuminate\\Http\\Request), Object(Closure))
#36 C:\\laragon\\www\\akr\\vendor\\laravel\\framework\\src\\Illuminate\\Pipeline\\Pipeline.php(167): Illuminate\\Foundation\\Http\\Middleware\\TrimStrings->handle(Object(Illuminate\\Http\\Request), Object(Closure))
#37 C:\\laragon\\www\\akr\\vendor\\laravel\\framework\\src\\Illuminate\\Foundation\\Http\\Middleware\\ValidatePostSize.php(27): Illuminate\\Pipeline\\Pipeline->Illuminate\\Pipeline\\{closure}(Object(Illuminate\\Http\\Request))
#38 C:\\laragon\\www\\akr\\vendor\\laravel\\framework\\src\\Illuminate\\Pipeline\\Pipeline.php(167): Illuminate\\Foundation\\Http\\Middleware\\ValidatePostSize->handle(Object(Illuminate\\Http\\Request), Object(Closure))
#39 C:\\laragon\\www\\akr\\vendor\\laravel\\framework\\src\\Illuminate\\Foundation\\Http\\Middleware\\PreventRequestsDuringMaintenance.php(86): Illuminate\\Pipeline\\Pipeline->Illuminate\\Pipeline\\{closure}(Object(Illuminate\\Http\\Request))
#40 C:\\laragon\\www\\akr\\vendor\\laravel\\framework\\src\\Illuminate\\Pipeline\\Pipeline.php(167): Illuminate\\Foundation\\Http\\Middleware\\PreventRequestsDuringMaintenance->handle(Object(Illuminate\\Http\\Request), Object(Closure))
#41 C:\\laragon\\www\\akr\\vendor\\fruitcake\\laravel-cors\\src\\HandleCors.php(38): Illuminate\\Pipeline\\Pipeline->Illuminate\\Pipeline\\{closure}(Object(Illuminate\\Http\\Request))
#42 C:\\laragon\\www\\akr\\vendor\\laravel\\framework\\src\\Illuminate\\Pipeline\\Pipeline.php(167): Fruitcake\\Cors\\HandleCors->handle(Object(Illuminate\\Http\\Request), Object(Closure))
#43 C:\\laragon\\www\\akr\\vendor\\fideloper\\proxy\\src\\TrustProxies.php(57): Illuminate\\Pipeline\\Pipeline->Illuminate\\Pipeline\\{closure}(Object(Illuminate\\Http\\Request))
#44 C:\\laragon\\www\\akr\\vendor\\laravel\\framework\\src\\Illuminate\\Pipeline\\Pipeline.php(167): Fideloper\\Proxy\\TrustProxies->handle(Object(Illuminate\\Http\\Request), Object(Closure))
#45 C:\\laragon\\www\\akr\\vendor\\laravel\\framework\\src\\Illuminate\\Pipeline\\Pipeline.php(103): Illuminate\\Pipeline\\Pipeline->Illuminate\\Pipeline\\{closure}(Object(Illuminate\\Http\\Request))
#46 C:\\laragon\\www\\akr\\vendor\\laravel\\framework\\src\\Illuminate\\Foundation\\Http\\Kernel.php(141): Illuminate\\Pipeline\\Pipeline->then(Object(Closure))
#47 C:\\laragon\\www\\akr\\vendor\\laravel\\framework\\src\\Illuminate\\Foundation\\Http\\Kernel.php(110): Illuminate\\Foundation\\Http\\Kernel->sendRequestThroughRouter(Object(Illuminate\\Http\\Request))
#48 C:\\laragon\\www\\akr\\public\\index.php(55): Illuminate\\Foundation\\Http\\Kernel->handle(Object(Illuminate\\Http\\Request))
#49 {main}
"} 
[2021-07-30 14:47:38] local.INFO: Puntos Binarios Pagado  
[2021-07-30 20:22:57] local.ERROR: Tienda - MakeInversion -> Error: PDOException: SQLSTATE[23000]: Integrity constraint violation: 1452 Cannot add or update a child row: a foreign key constraint fails (`akr`.`orden_purchases`, CONSTRAINT `orden_purchases_iduser_foreign` FOREIGN KEY (`iduser`) REFERENCES `users` (`id`)) in C:\laragon\www\akr\vendor\laravel\framework\src\Illuminate\Database\Connection.php:485
Stack trace:
#0 C:\laragon\www\akr\vendor\laravel\framework\src\Illuminate\Database\Connection.php(485): PDOStatement->execute()
#1 C:\laragon\www\akr\vendor\laravel\framework\src\Illuminate\Database\Connection.php(685): Illuminate\Database\Connection->Illuminate\Database\{closure}('insert into `or...', Array)
#2 C:\laragon\www\akr\vendor\laravel\framework\src\Illuminate\Database\Connection.php(652): Illuminate\Database\Connection->runQueryCallback('insert into `or...', Array, Object(Closure))
#3 C:\laragon\www\akr\vendor\laravel\framework\src\Illuminate\Database\Connection.php(486): Illuminate\Database\Connection->run('insert into `or...', Array, Object(Closure))
#4 C:\laragon\www\akr\vendor\laravel\framework\src\Illuminate\Database\Connection.php(438): Illuminate\Database\Connection->statement('insert into `or...', Array)
#5 C:\laragon\www\akr\vendor\laravel\framework\src\Illuminate\Database\Query\Processors\Processor.php(32): Illuminate\Database\Connection->insert('insert into `or...', Array)
#6 C:\laragon\www\akr\vendor\laravel\framework\src\Illuminate\Database\Query\Builder.php(2963): Illuminate\Database\Query\Processors\Processor->processInsertGetId(Object(Illuminate\Database\Query\Builder), 'insert into `or...', Array, 'id')
#7 C:\laragon\www\akr\vendor\laravel\framework\src\Illuminate\Database\Eloquent\Builder.php(1617): Illuminate\Database\Query\Builder->insertGetId(Array, 'id')
#8 C:\laragon\www\akr\vendor\laravel\framework\src\Illuminate\Database\Eloquent\Model.php(1124): Illuminate\Database\Eloquent\Builder->__call('insertGetId', Array)
#9 C:\laragon\www\akr\vendor\laravel\framework\src\Illuminate\Database\Eloquent\Model.php(1089): Illuminate\Database\Eloquent\Model->insertAndSetId(Object(Illuminate\Database\Eloquent\Builder), Array)
#10 C:\laragon\www\akr\vendor\laravel\framework\src\Illuminate\Database\Eloquent\Model.php(930): Illuminate\Database\Eloquent\Model->performInsert(Object(Illuminate\Database\Eloquent\Builder))
#11 C:\laragon\www\akr\vendor\laravel\framework\src\Illuminate\Database\Eloquent\Builder.php(871): Illuminate\Database\Eloquent\Model->save()
#12 C:\laragon\www\akr\vendor\laravel\framework\src\Illuminate\Support\helpers.php(263): Illuminate\Database\Eloquent\Builder->Illuminate\Database\Eloquent\{closure}(Object(App\Models\OrdenPurchases))
#13 C:\laragon\www\akr\vendor\laravel\framework\src\Illuminate\Database\Eloquent\Builder.php(872): tap(Object(App\Models\OrdenPurchases), Object(Closure))
#14 C:\laragon\www\akr\vendor\laravel\framework\src\Illuminate\Support\Traits\ForwardsCalls.php(23): Illuminate\Database\Eloquent\Builder->create(Array)
#15 C:\laragon\www\akr\vendor\laravel\framework\src\Illuminate\Database\Eloquent\Model.php(1993): Illuminate\Database\Eloquent\Model->forwardCallTo(Object(Illuminate\Database\Eloquent\Builder), 'create', Array)
#16 C:\laragon\www\akr\vendor\laravel\framework\src\Illuminate\Database\Eloquent\Model.php(2005): Illuminate\Database\Eloquent\Model->__call('create', Array)
#17 C:\laragon\www\akr\app\Http\Controllers\TiendaController.php(399): Illuminate\Database\Eloquent\Model::__callStatic('create', Array)
#18 C:\laragon\www\akr\app\Http\Controllers\TiendaController.php(341): App\Http\Controllers\TiendaController->guardarOrden(Array)
#19 C:\laragon\www\akr\vendor\laravel\framework\src\Illuminate\Routing\Controller.php(54): App\Http\Controllers\TiendaController->makeInversion(Object(Illuminate\Http\Request))
#20 C:\laragon\www\akr\vendor\laravel\framework\src\Illuminate\Routing\ControllerDispatcher.php(45): Illuminate\Routing\Controller->callAction('makeInversion', Array)
#21 C:\laragon\www\akr\vendor\laravel\framework\src\Illuminate\Routing\Route.php(254): Illuminate\Routing\ControllerDispatcher->dispatch(Object(Illuminate\Routing\Route), Object(App\Http\Controllers\TiendaController), 'makeInversion')
#22 C:\laragon\www\akr\vendor\laravel\framework\src\Illuminate\Routing\Route.php(197): Illuminate\Routing\Route->runController()
#23 C:\laragon\www\akr\vendor\laravel\framework\src\Illuminate\Routing\Router.php(695): Illuminate\Routing\Route->run()
#24 C:\laragon\www\akr\vendor\laravel\framework\src\Illuminate\Pipeline\Pipeline.php(128): Illuminate\Routing\Router->Illuminate\Routing\{closure}(Object(Illuminate\Http\Request))
#25 C:\laragon\www\akr\app\Http\Middleware\Menu.php(28): Illuminate\Pipeline\Pipeline->Illuminate\Pipeline\{closure}(Object(Illuminate\Http\Request))
#26 C:\laragon\www\akr\vendor\laravel\framework\src\Illuminate\Pipeline\Pipeline.php(167): App\Http\Middleware\Menu->handle(Object(Illuminate\Http\Request), Object(Closure))
#27 C:\laragon\www\akr\vendor\laravel\framework\src\Illuminate\Routing\Middleware\SubstituteBindings.php(50): Illuminate\Pipeline\Pipeline->Illuminate\Pipeline\{closure}(Object(Illuminate\Http\Request))
#28 C:\laragon\www\akr\vendor\laravel\framework\src\Illuminate\Pipeline\Pipeline.php(167): Illuminate\Routing\Middleware\SubstituteBindings->handle(Object(Illuminate\Http\Request), Object(Closure))
#29 C:\laragon\www\akr\vendor\laravel\framework\src\Illuminate\Auth\Middleware\Authenticate.php(44): Illuminate\Pipeline\Pipeline->Illuminate\Pipeline\{closure}(Object(Illuminate\Http\Request))
#30 C:\laragon\www\akr\vendor\laravel\framework\src\Illuminate\Pipeline\Pipeline.php(167): Illuminate\Auth\Middleware\Authenticate->handle(Object(Illuminate\Http\Request), Object(Closure))
#31 C:\laragon\www\akr\vendor\laravel\framework\src\Illuminate\Foundation\Http\Middleware\VerifyCsrfToken.php(78): Illuminate\Pipeline\Pipeline->Illuminate\Pipeline\{closure}(Object(Illuminate\Http\Request))
#32 C:\laragon\www\akr\vendor\laravel\framework\src\Illuminate\Pipeline\Pipeline.php(167): Illuminate\Foundation\Http\Middleware\VerifyCsrfToken->handle(Object(Illuminate\Http\Request), Object(Closure))
#33 C:\laragon\www\akr\vendor\laravel\framework\src\Illuminate\View\Middleware\ShareErrorsFromSession.php(49): Illuminate\Pipeline\Pipeline->Illuminate\Pipeline\{closure}(Object(Illuminate\Http\Request))
#34 C:\laragon\www\akr\vendor\laravel\framework\src\Illuminate\Pipeline\Pipeline.php(167): Illuminate\View\Middleware\ShareErrorsFromSession->handle(Object(Illuminate\Http\Request), Object(Closure))
#35 C:\laragon\www\akr\vendor\laravel\framework\src\Illuminate\Session\Middleware\StartSession.php(121): Illuminate\Pipeline\Pipeline->Illuminate\Pipeline\{closure}(Object(Illuminate\Http\Request))
#36 C:\laragon\www\akr\vendor\laravel\framework\src\Illuminate\Session\Middleware\StartSession.php(64): Illuminate\Session\Middleware\StartSession->handleStatefulRequest(Object(Illuminate\Http\Request), Object(Illuminate\Session\Store), Object(Closure))
#37 C:\laragon\www\akr\vendor\laravel\framework\src\Illuminate\Pipeline\Pipeline.php(167): Illuminate\Session\Middleware\StartSession->handle(Object(Illuminate\Http\Request), Object(Closure))
#38 C:\laragon\www\akr\vendor\laravel\framework\src\Illuminate\Cookie\Middleware\AddQueuedCookiesToResponse.php(37): Illuminate\Pipeline\Pipeline->Illuminate\Pipeline\{closure}(Object(Illuminate\Http\Request))
#39 C:\laragon\www\akr\vendor\laravel\framework\src\Illuminate\Pipeline\Pipeline.php(167): Illuminate\Cookie\Middleware\AddQueuedCookiesToResponse->handle(Object(Illuminate\Http\Request), Object(Closure))
#40 C:\laragon\www\akr\vendor\laravel\framework\src\Illuminate\Cookie\Middleware\EncryptCookies.php(67): Illuminate\Pipeline\Pipeline->Illuminate\Pipeline\{closure}(Object(Illuminate\Http\Request))
#41 C:\laragon\www\akr\vendor\laravel\framework\src\Illuminate\Pipeline\Pipeline.php(167): Illuminate\Cookie\Middleware\EncryptCookies->handle(Object(Illuminate\Http\Request), Object(Closure))
#42 C:\laragon\www\akr\vendor\laravel\framework\src\Illuminate\Pipeline\Pipeline.php(103): Illuminate\Pipeline\Pipeline->Illuminate\Pipeline\{closure}(Object(Illuminate\Http\Request))
#43 C:\laragon\www\akr\vendor\laravel\framework\src\Illuminate\Routing\Router.php(697): Illuminate\Pipeline\Pipeline->then(Object(Closure))
#44 C:\laragon\www\akr\vendor\laravel\framework\src\Illuminate\Routing\Router.php(672): Illuminate\Routing\Router->runRouteWithinStack(Object(Illuminate\Routing\Route), Object(Illuminate\Http\Request))
#45 C:\laragon\www\akr\vendor\laravel\framework\src\Illuminate\Routing\Router.php(636): Illuminate\Routing\Router->runRoute(Object(Illuminate\Http\Request), Object(Illuminate\Routing\Route))
#46 C:\laragon\www\akr\vendor\laravel\framework\src\Illuminate\Routing\Router.php(625): Illuminate\Routing\Router->dispatchToRoute(Object(Illuminate\Http\Request))
#47 C:\laragon\www\akr\vendor\laravel\framework\src\Illuminate\Foundation\Http\Kernel.php(166): Illuminate\Routing\Router->dispatch(Object(Illuminate\Http\Request))
#48 C:\laragon\www\akr\vendor\laravel\framework\src\Illuminate\Pipeline\Pipeline.php(128): Illuminate\Foundation\Http\Kernel->Illuminate\Foundation\Http\{closure}(Object(Illuminate\Http\Request))
#49 C:\laragon\www\akr\vendor\laravel\framework\src\Illuminate\Foundation\Http\Middleware\TransformsRequest.php(21): Illuminate\Pipeline\Pipeline->Illuminate\Pipeline\{closure}(Object(Illuminate\Http\Request))
#50 C:\laragon\www\akr\vendor\laravel\framework\src\Illuminate\Foundation\Http\Middleware\ConvertEmptyStringsToNull.php(31): Illuminate\Foundation\Http\Middleware\TransformsRequest->handle(Object(Illuminate\Http\Request), Object(Closure))
#51 C:\laragon\www\akr\vendor\laravel\framework\src\Illuminate\Pipeline\Pipeline.php(167): Illuminate\Foundation\Http\Middleware\ConvertEmptyStringsToNull->handle(Object(Illuminate\Http\Request), Object(Closure))
#52 C:\laragon\www\akr\vendor\laravel\framework\src\Illuminate\Foundation\Http\Middleware\TransformsRequest.php(21): Illuminate\Pipeline\Pipeline->Illuminate\Pipeline\{closure}(Object(Illuminate\Http\Request))
#53 C:\laragon\www\akr\vendor\laravel\framework\src\Illuminate\Foundation\Http\Middleware\TrimStrings.php(40): Illuminate\Foundation\Http\Middleware\TransformsRequest->handle(Object(Illuminate\Http\Request), Object(Closure))
#54 C:\laragon\www\akr\vendor\laravel\framework\src\Illuminate\Pipeline\Pipeline.php(167): Illuminate\Foundation\Http\Middleware\TrimStrings->handle(Object(Illuminate\Http\Request), Object(Closure))
#55 C:\laragon\www\akr\vendor\laravel\framework\src\Illuminate\Foundation\Http\Middleware\ValidatePostSize.php(27): Illuminate\Pipeline\Pipeline->Illuminate\Pipeline\{closure}(Object(Illuminate\Http\Request))
#56 C:\laragon\www\akr\vendor\laravel\framework\src\Illuminate\Pipeline\Pipeline.php(167): Illuminate\Foundation\Http\Middleware\ValidatePostSize->handle(Object(Illuminate\Http\Request), Object(Closure))
#57 C:\laragon\www\akr\vendor\laravel\framework\src\Illuminate\Foundation\Http\Middleware\PreventRequestsDuringMaintenance.php(86): Illuminate\Pipeline\Pipeline->Illuminate\Pipeline\{closure}(Object(Illuminate\Http\Request))
#58 C:\laragon\www\akr\vendor\laravel\framework\src\Illuminate\Pipeline\Pipeline.php(167): Illuminate\Foundation\Http\Middleware\PreventRequestsDuringMaintenance->handle(Object(Illuminate\Http\Request), Object(Closure))
#59 C:\laragon\www\akr\vendor\fruitcake\laravel-cors\src\HandleCors.php(38): Illuminate\Pipeline\Pipeline->Illuminate\Pipeline\{closure}(Object(Illuminate\Http\Request))
#60 C:\laragon\www\akr\vendor\laravel\framework\src\Illuminate\Pipeline\Pipeline.php(167): Fruitcake\Cors\HandleCors->handle(Object(Illuminate\Http\Request), Object(Closure))
#61 C:\laragon\www\akr\vendor\fideloper\proxy\src\TrustProxies.php(57): Illuminate\Pipeline\Pipeline->Illuminate\Pipeline\{closure}(Object(Illuminate\Http\Request))
#62 C:\laragon\www\akr\vendor\laravel\framework\src\Illuminate\Pipeline\Pipeline.php(167): Fideloper\Proxy\TrustProxies->handle(Object(Illuminate\Http\Request), Object(Closure))
#63 C:\laragon\www\akr\vendor\laravel\framework\src\Illuminate\Pipeline\Pipeline.php(103): Illuminate\Pipeline\Pipeline->Illuminate\Pipeline\{closure}(Object(Illuminate\Http\Request))
#64 C:\laragon\www\akr\vendor\laravel\framework\src\Illuminate\Foundation\Http\Kernel.php(141): Illuminate\Pipeline\Pipeline->then(Object(Closure))
#65 C:\laragon\www\akr\vendor\laravel\framework\src\Illuminate\Foundation\Http\Kernel.php(110): Illuminate\Foundation\Http\Kernel->sendRequestThroughRouter(Object(Illuminate\Http\Request))
#66 C:\laragon\www\akr\public\index.php(55): Illuminate\Foundation\Http\Kernel->handle(Object(Illuminate\Http\Request))
#67 {main}

Next Illuminate\Database\QueryException: SQLSTATE[23000]: Integrity constraint violation: 1452 Cannot add or update a child row: a foreign key constraint fails (`akr`.`orden_purchases`, CONSTRAINT `orden_purchases_iduser_foreign` FOREIGN KEY (`iduser`) REFERENCES `users` (`id`)) (SQL: insert into `orden_purchases` (`status`, `cantidad`, `total`, `updated_at`, `created_at`) values (1, 1, 6510, 2021-07-30 20:22:57, 2021-07-30 20:22:57)) in C:\laragon\www\akr\vendor\laravel\framework\src\Illuminate\Database\Connection.php:692
Stack trace:
#0 C:\laragon\www\akr\vendor\laravel\framework\src\Illuminate\Database\Connection.php(652): Illuminate\Database\Connection->runQueryCallback('insert into `or...', Array, Object(Closure))
#1 C:\laragon\www\akr\vendor\laravel\framework\src\Illuminate\Database\Connection.php(486): Illuminate\Database\Connection->run('insert into `or...', Array, Object(Closure))
#2 C:\laragon\www\akr\vendor\laravel\framework\src\Illuminate\Database\Connection.php(438): Illuminate\Database\Connection->statement('insert into `or...', Array)
#3 C:\laragon\www\akr\vendor\laravel\framework\src\Illuminate\Database\Query\Processors\Processor.php(32): Illuminate\Database\Connection->insert('insert into `or...', Array)
#4 C:\laragon\www\akr\vendor\laravel\framework\src\Illuminate\Database\Query\Builder.php(2963): Illuminate\Database\Query\Processors\Processor->processInsertGetId(Object(Illuminate\Database\Query\Builder), 'insert into `or...', Array, 'id')
#5 C:\laragon\www\akr\vendor\laravel\framework\src\Illuminate\Database\Eloquent\Builder.php(1617): Illuminate\Database\Query\Builder->insertGetId(Array, 'id')
#6 C:\laragon\www\akr\vendor\laravel\framework\src\Illuminate\Database\Eloquent\Model.php(1124): Illuminate\Database\Eloquent\Builder->__call('insertGetId', Array)
#7 C:\laragon\www\akr\vendor\laravel\framework\src\Illuminate\Database\Eloquent\Model.php(1089): Illuminate\Database\Eloquent\Model->insertAndSetId(Object(Illuminate\Database\Eloquent\Builder), Array)
#8 C:\laragon\www\akr\vendor\laravel\framework\src\Illuminate\Database\Eloquent\Model.php(930): Illuminate\Database\Eloquent\Model->performInsert(Object(Illuminate\Database\Eloquent\Builder))
#9 C:\laragon\www\akr\vendor\laravel\framework\src\Illuminate\Database\Eloquent\Builder.php(871): Illuminate\Database\Eloquent\Model->save()
#10 C:\laragon\www\akr\vendor\laravel\framework\src\Illuminate\Support\helpers.php(263): Illuminate\Database\Eloquent\Builder->Illuminate\Database\Eloquent\{closure}(Object(App\Models\OrdenPurchases))
#11 C:\laragon\www\akr\vendor\laravel\framework\src\Illuminate\Database\Eloquent\Builder.php(872): tap(Object(App\Models\OrdenPurchases), Object(Closure))
#12 C:\laragon\www\akr\vendor\laravel\framework\src\Illuminate\Support\Traits\ForwardsCalls.php(23): Illuminate\Database\Eloquent\Builder->create(Array)
#13 C:\laragon\www\akr\vendor\laravel\framework\src\Illuminate\Database\Eloquent\Model.php(1993): Illuminate\Database\Eloquent\Model->forwardCallTo(Object(Illuminate\Database\Eloquent\Builder), 'create', Array)
#14 C:\laragon\www\akr\vendor\laravel\framework\src\Illuminate\Database\Eloquent\Model.php(2005): Illuminate\Database\Eloquent\Model->__call('create', Array)
#15 C:\laragon\www\akr\app\Http\Controllers\TiendaController.php(399): Illuminate\Database\Eloquent\Model::__callStatic('create', Array)
#16 C:\laragon\www\akr\app\Http\Controllers\TiendaController.php(341): App\Http\Controllers\TiendaController->guardarOrden(Array)
#17 C:\laragon\www\akr\vendor\laravel\framework\src\Illuminate\Routing\Controller.php(54): App\Http\Controllers\TiendaController->makeInversion(Object(Illuminate\Http\Request))
#18 C:\laragon\www\akr\vendor\laravel\framework\src\Illuminate\Routing\ControllerDispatcher.php(45): Illuminate\Routing\Controller->callAction('makeInversion', Array)
#19 C:\laragon\www\akr\vendor\laravel\framework\src\Illuminate\Routing\Route.php(254): Illuminate\Routing\ControllerDispatcher->dispatch(Object(Illuminate\Routing\Route), Object(App\Http\Controllers\TiendaController), 'makeInversion')
#20 C:\laragon\www\akr\vendor\laravel\framework\src\Illuminate\Routing\Route.php(197): Illuminate\Routing\Route->runController()
#21 C:\laragon\www\akr\vendor\laravel\framework\src\Illuminate\Routing\Router.php(695): Illuminate\Routing\Route->run()
#22 C:\laragon\www\akr\vendor\laravel\framework\src\Illuminate\Pipeline\Pipeline.php(128): Illuminate\Routing\Router->Illuminate\Routing\{closure}(Object(Illuminate\Http\Request))
#23 C:\laragon\www\akr\app\Http\Middleware\Menu.php(28): Illuminate\Pipeline\Pipeline->Illuminate\Pipeline\{closure}(Object(Illuminate\Http\Request))
#24 C:\laragon\www\akr\vendor\laravel\framework\src\Illuminate\Pipeline\Pipeline.php(167): App\Http\Middleware\Menu->handle(Object(Illuminate\Http\Request), Object(Closure))
#25 C:\laragon\www\akr\vendor\laravel\framework\src\Illuminate\Routing\Middleware\SubstituteBindings.php(50): Illuminate\Pipeline\Pipeline->Illuminate\Pipeline\{closure}(Object(Illuminate\Http\Request))
#26 C:\laragon\www\akr\vendor\laravel\framework\src\Illuminate\Pipeline\Pipeline.php(167): Illuminate\Routing\Middleware\SubstituteBindings->handle(Object(Illuminate\Http\Request), Object(Closure))
#27 C:\laragon\www\akr\vendor\laravel\framework\src\Illuminate\Auth\Middleware\Authenticate.php(44): Illuminate\Pipeline\Pipeline->Illuminate\Pipeline\{closure}(Object(Illuminate\Http\Request))
#28 C:\laragon\www\akr\vendor\laravel\framework\src\Illuminate\Pipeline\Pipeline.php(167): Illuminate\Auth\Middleware\Authenticate->handle(Object(Illuminate\Http\Request), Object(Closure))
#29 C:\laragon\www\akr\vendor\laravel\framework\src\Illuminate\Foundation\Http\Middleware\VerifyCsrfToken.php(78): Illuminate\Pipeline\Pipeline->Illuminate\Pipeline\{closure}(Object(Illuminate\Http\Request))
#30 C:\laragon\www\akr\vendor\laravel\framework\src\Illuminate\Pipeline\Pipeline.php(167): Illuminate\Foundation\Http\Middleware\VerifyCsrfToken->handle(Object(Illuminate\Http\Request), Object(Closure))
#31 C:\laragon\www\akr\vendor\laravel\framework\src\Illuminate\View\Middleware\ShareErrorsFromSession.php(49): Illuminate\Pipeline\Pipeline->Illuminate\Pipeline\{closure}(Object(Illuminate\Http\Request))
#32 C:\laragon\www\akr\vendor\laravel\framework\src\Illuminate\Pipeline\Pipeline.php(167): Illuminate\View\Middleware\ShareErrorsFromSession->handle(Object(Illuminate\Http\Request), Object(Closure))
#33 C:\laragon\www\akr\vendor\laravel\framework\src\Illuminate\Session\Middleware\StartSession.php(121): Illuminate\Pipeline\Pipeline->Illuminate\Pipeline\{closure}(Object(Illuminate\Http\Request))
#34 C:\laragon\www\akr\vendor\laravel\framework\src\Illuminate\Session\Middleware\StartSession.php(64): Illuminate\Session\Middleware\StartSession->handleStatefulRequest(Object(Illuminate\Http\Request), Object(Illuminate\Session\Store), Object(Closure))
#35 C:\laragon\www\akr\vendor\laravel\framework\src\Illuminate\Pipeline\Pipeline.php(167): Illuminate\Session\Middleware\StartSession->handle(Object(Illuminate\Http\Request), Object(Closure))
#36 C:\laragon\www\akr\vendor\laravel\framework\src\Illuminate\Cookie\Middleware\AddQueuedCookiesToResponse.php(37): Illuminate\Pipeline\Pipeline->Illuminate\Pipeline\{closure}(Object(Illuminate\Http\Request))
#37 C:\laragon\www\akr\vendor\laravel\framework\src\Illuminate\Pipeline\Pipeline.php(167): Illuminate\Cookie\Middleware\AddQueuedCookiesToResponse->handle(Object(Illuminate\Http\Request), Object(Closure))
#38 C:\laragon\www\akr\vendor\laravel\framework\src\Illuminate\Cookie\Middleware\EncryptCookies.php(67): Illuminate\Pipeline\Pipeline->Illuminate\Pipeline\{closure}(Object(Illuminate\Http\Request))
#39 C:\laragon\www\akr\vendor\laravel\framework\src\Illuminate\Pipeline\Pipeline.php(167): Illuminate\Cookie\Middleware\EncryptCookies->handle(Object(Illuminate\Http\Request), Object(Closure))
#40 C:\laragon\www\akr\vendor\laravel\framework\src\Illuminate\Pipeline\Pipeline.php(103): Illuminate\Pipeline\Pipeline->Illuminate\Pipeline\{closure}(Object(Illuminate\Http\Request))
#41 C:\laragon\www\akr\vendor\laravel\framework\src\Illuminate\Routing\Router.php(697): Illuminate\Pipeline\Pipeline->then(Object(Closure))
#42 C:\laragon\www\akr\vendor\laravel\framework\src\Illuminate\Routing\Router.php(672): Illuminate\Routing\Router->runRouteWithinStack(Object(Illuminate\Routing\Route), Object(Illuminate\Http\Request))
#43 C:\laragon\www\akr\vendor\laravel\framework\src\Illuminate\Routing\Router.php(636): Illuminate\Routing\Router->runRoute(Object(Illuminate\Http\Request), Object(Illuminate\Routing\Route))
#44 C:\laragon\www\akr\vendor\laravel\framework\src\Illuminate\Routing\Router.php(625): Illuminate\Routing\Router->dispatchToRoute(Object(Illuminate\Http\Request))
#45 C:\laragon\www\akr\vendor\laravel\framework\src\Illuminate\Foundation\Http\Kernel.php(166): Illuminate\Routing\Router->dispatch(Object(Illuminate\Http\Request))
#46 C:\laragon\www\akr\vendor\laravel\framework\src\Illuminate\Pipeline\Pipeline.php(128): Illuminate\Foundation\Http\Kernel->Illuminate\Foundation\Http\{closure}(Object(Illuminate\Http\Request))
#47 C:\laragon\www\akr\vendor\laravel\framework\src\Illuminate\Foundation\Http\Middleware\TransformsRequest.php(21): Illuminate\Pipeline\Pipeline->Illuminate\Pipeline\{closure}(Object(Illuminate\Http\Request))
#48 C:\laragon\www\akr\vendor\laravel\framework\src\Illuminate\Foundation\Http\Middleware\ConvertEmptyStringsToNull.php(31): Illuminate\Foundation\Http\Middleware\TransformsRequest->handle(Object(Illuminate\Http\Request), Object(Closure))
#49 C:\laragon\www\akr\vendor\laravel\framework\src\Illuminate\Pipeline\Pipeline.php(167): Illuminate\Foundation\Http\Middleware\ConvertEmptyStringsToNull->handle(Object(Illuminate\Http\Request), Object(Closure))
#50 C:\laragon\www\akr\vendor\laravel\framework\src\Illuminate\Foundation\Http\Middleware\TransformsRequest.php(21): Illuminate\Pipeline\Pipeline->Illuminate\Pipeline\{closure}(Object(Illuminate\Http\Request))
#51 C:\laragon\www\akr\vendor\laravel\framework\src\Illuminate\Foundation\Http\Middleware\TrimStrings.php(40): Illuminate\Foundation\Http\Middleware\TransformsRequest->handle(Object(Illuminate\Http\Request), Object(Closure))
#52 C:\laragon\www\akr\vendor\laravel\framework\src\Illuminate\Pipeline\Pipeline.php(167): Illuminate\Foundation\Http\Middleware\TrimStrings->handle(Object(Illuminate\Http\Request), Object(Closure))
#53 C:\laragon\www\akr\vendor\laravel\framework\src\Illuminate\Foundation\Http\Middleware\ValidatePostSize.php(27): Illuminate\Pipeline\Pipeline->Illuminate\Pipeline\{closure}(Object(Illuminate\Http\Request))
#54 C:\laragon\www\akr\vendor\laravel\framework\src\Illuminate\Pipeline\Pipeline.php(167): Illuminate\Foundation\Http\Middleware\ValidatePostSize->handle(Object(Illuminate\Http\Request), Object(Closure))
#55 C:\laragon\www\akr\vendor\laravel\framework\src\Illuminate\Foundation\Http\Middleware\PreventRequestsDuringMaintenance.php(86): Illuminate\Pipeline\Pipeline->Illuminate\Pipeline\{closure}(Object(Illuminate\Http\Request))
#56 C:\laragon\www\akr\vendor\laravel\framework\src\Illuminate\Pipeline\Pipeline.php(167): Illuminate\Foundation\Http\Middleware\PreventRequestsDuringMaintenance->handle(Object(Illuminate\Http\Request), Object(Closure))
#57 C:\laragon\www\akr\vendor\fruitcake\laravel-cors\src\HandleCors.php(38): Illuminate\Pipeline\Pipeline->Illuminate\Pipeline\{closure}(Object(Illuminate\Http\Request))
#58 C:\laragon\www\akr\vendor\laravel\framework\src\Illuminate\Pipeline\Pipeline.php(167): Fruitcake\Cors\HandleCors->handle(Object(Illuminate\Http\Request), Object(Closure))
#59 C:\laragon\www\akr\vendor\fideloper\proxy\src\TrustProxies.php(57): Illuminate\Pipeline\Pipeline->Illuminate\Pipeline\{closure}(Object(Illuminate\Http\Request))
#60 C:\laragon\www\akr\vendor\laravel\framework\src\Illuminate\Pipeline\Pipeline.php(167): Fideloper\Proxy\TrustProxies->handle(Object(Illuminate\Http\Request), Object(Closure))
#61 C:\laragon\www\akr\vendor\laravel\framework\src\Illuminate\Pipeline\Pipeline.php(103): Illuminate\Pipeline\Pipeline->Illuminate\Pipeline\{closure}(Object(Illuminate\Http\Request))
#62 C:\laragon\www\akr\vendor\laravel\framework\src\Illuminate\Foundation\Http\Kernel.php(141): Illuminate\Pipeline\Pipeline->then(Object(Closure))
#63 C:\laragon\www\akr\vendor\laravel\framework\src\Illuminate\Foundation\Http\Kernel.php(110): Illuminate\Foundation\Http\Kernel->sendRequestThroughRouter(Object(Illuminate\Http\Request))
#64 C:\laragon\www\akr\public\index.php(55): Illuminate\Foundation\Http\Kernel->handle(Object(Illuminate\Http\Request))
#65 {main}  
[2021-07-30 20:27:40] local.ERROR: Tienda - MakeInversion -> Error: PDOException: SQLSTATE[23000]: Integrity constraint violation: 1452 Cannot add or update a child row: a foreign key constraint fails (`akr`.`orden_purchases`, CONSTRAINT `orden_purchases_iduser_foreign` FOREIGN KEY (`iduser`) REFERENCES `users` (`id`)) in C:\laragon\www\akr\vendor\laravel\framework\src\Illuminate\Database\Connection.php:485
Stack trace:
#0 C:\laragon\www\akr\vendor\laravel\framework\src\Illuminate\Database\Connection.php(485): PDOStatement->execute()
#1 C:\laragon\www\akr\vendor\laravel\framework\src\Illuminate\Database\Connection.php(685): Illuminate\Database\Connection->Illuminate\Database\{closure}('insert into `or...', Array)
#2 C:\laragon\www\akr\vendor\laravel\framework\src\Illuminate\Database\Connection.php(652): Illuminate\Database\Connection->runQueryCallback('insert into `or...', Array, Object(Closure))
#3 C:\laragon\www\akr\vendor\laravel\framework\src\Illuminate\Database\Connection.php(486): Illuminate\Database\Connection->run('insert into `or...', Array, Object(Closure))
#4 C:\laragon\www\akr\vendor\laravel\framework\src\Illuminate\Database\Connection.php(438): Illuminate\Database\Connection->statement('insert into `or...', Array)
#5 C:\laragon\www\akr\vendor\laravel\framework\src\Illuminate\Database\Query\Processors\Processor.php(32): Illuminate\Database\Connection->insert('insert into `or...', Array)
#6 C:\laragon\www\akr\vendor\laravel\framework\src\Illuminate\Database\Query\Builder.php(2963): Illuminate\Database\Query\Processors\Processor->processInsertGetId(Object(Illuminate\Database\Query\Builder), 'insert into `or...', Array, 'id')
#7 C:\laragon\www\akr\vendor\laravel\framework\src\Illuminate\Database\Eloquent\Builder.php(1617): Illuminate\Database\Query\Builder->insertGetId(Array, 'id')
#8 C:\laragon\www\akr\vendor\laravel\framework\src\Illuminate\Database\Eloquent\Model.php(1124): Illuminate\Database\Eloquent\Builder->__call('insertGetId', Array)
#9 C:\laragon\www\akr\vendor\laravel\framework\src\Illuminate\Database\Eloquent\Model.php(1089): Illuminate\Database\Eloquent\Model->insertAndSetId(Object(Illuminate\Database\Eloquent\Builder), Array)
#10 C:\laragon\www\akr\vendor\laravel\framework\src\Illuminate\Database\Eloquent\Model.php(930): Illuminate\Database\Eloquent\Model->performInsert(Object(Illuminate\Database\Eloquent\Builder))
#11 C:\laragon\www\akr\vendor\laravel\framework\src\Illuminate\Database\Eloquent\Builder.php(871): Illuminate\Database\Eloquent\Model->save()
#12 C:\laragon\www\akr\vendor\laravel\framework\src\Illuminate\Support\helpers.php(263): Illuminate\Database\Eloquent\Builder->Illuminate\Database\Eloquent\{closure}(Object(App\Models\OrdenPurchases))
#13 C:\laragon\www\akr\vendor\laravel\framework\src\Illuminate\Database\Eloquent\Builder.php(872): tap(Object(App\Models\OrdenPurchases), Object(Closure))
#14 C:\laragon\www\akr\vendor\laravel\framework\src\Illuminate\Support\Traits\ForwardsCalls.php(23): Illuminate\Database\Eloquent\Builder->create(Array)
#15 C:\laragon\www\akr\vendor\laravel\framework\src\Illuminate\Database\Eloquent\Model.php(1993): Illuminate\Database\Eloquent\Model->forwardCallTo(Object(Illuminate\Database\Eloquent\Builder), 'create', Array)
#16 C:\laragon\www\akr\vendor\laravel\framework\src\Illuminate\Database\Eloquent\Model.php(2005): Illuminate\Database\Eloquent\Model->__call('create', Array)
#17 C:\laragon\www\akr\app\Http\Controllers\TiendaController.php(399): Illuminate\Database\Eloquent\Model::__callStatic('create', Array)
#18 C:\laragon\www\akr\app\Http\Controllers\TiendaController.php(341): App\Http\Controllers\TiendaController->guardarOrden(Array)
#19 C:\laragon\www\akr\vendor\laravel\framework\src\Illuminate\Routing\Controller.php(54): App\Http\Controllers\TiendaController->makeInversion(Object(Illuminate\Http\Request))
#20 C:\laragon\www\akr\vendor\laravel\framework\src\Illuminate\Routing\ControllerDispatcher.php(45): Illuminate\Routing\Controller->callAction('makeInversion', Array)
#21 C:\laragon\www\akr\vendor\laravel\framework\src\Illuminate\Routing\Route.php(254): Illuminate\Routing\ControllerDispatcher->dispatch(Object(Illuminate\Routing\Route), Object(App\Http\Controllers\TiendaController), 'makeInversion')
#22 C:\laragon\www\akr\vendor\laravel\framework\src\Illuminate\Routing\Route.php(197): Illuminate\Routing\Route->runController()
#23 C:\laragon\www\akr\vendor\laravel\framework\src\Illuminate\Routing\Router.php(695): Illuminate\Routing\Route->run()
#24 C:\laragon\www\akr\vendor\laravel\framework\src\Illuminate\Pipeline\Pipeline.php(128): Illuminate\Routing\Router->Illuminate\Routing\{closure}(Object(Illuminate\Http\Request))
#25 C:\laragon\www\akr\app\Http\Middleware\Menu.php(28): Illuminate\Pipeline\Pipeline->Illuminate\Pipeline\{closure}(Object(Illuminate\Http\Request))
#26 C:\laragon\www\akr\vendor\laravel\framework\src\Illuminate\Pipeline\Pipeline.php(167): App\Http\Middleware\Menu->handle(Object(Illuminate\Http\Request), Object(Closure))
#27 C:\laragon\www\akr\vendor\laravel\framework\src\Illuminate\Routing\Middleware\SubstituteBindings.php(50): Illuminate\Pipeline\Pipeline->Illuminate\Pipeline\{closure}(Object(Illuminate\Http\Request))
#28 C:\laragon\www\akr\vendor\laravel\framework\src\Illuminate\Pipeline\Pipeline.php(167): Illuminate\Routing\Middleware\SubstituteBindings->handle(Object(Illuminate\Http\Request), Object(Closure))
#29 C:\laragon\www\akr\vendor\laravel\framework\src\Illuminate\Auth\Middleware\Authenticate.php(44): Illuminate\Pipeline\Pipeline->Illuminate\Pipeline\{closure}(Object(Illuminate\Http\Request))
#30 C:\laragon\www\akr\vendor\laravel\framework\src\Illuminate\Pipeline\Pipeline.php(167): Illuminate\Auth\Middleware\Authenticate->handle(Object(Illuminate\Http\Request), Object(Closure))
#31 C:\laragon\www\akr\vendor\laravel\framework\src\Illuminate\Foundation\Http\Middleware\VerifyCsrfToken.php(78): Illuminate\Pipeline\Pipeline->Illuminate\Pipeline\{closure}(Object(Illuminate\Http\Request))
#32 C:\laragon\www\akr\vendor\laravel\framework\src\Illuminate\Pipeline\Pipeline.php(167): Illuminate\Foundation\Http\Middleware\VerifyCsrfToken->handle(Object(Illuminate\Http\Request), Object(Closure))
#33 C:\laragon\www\akr\vendor\laravel\framework\src\Illuminate\View\Middleware\ShareErrorsFromSession.php(49): Illuminate\Pipeline\Pipeline->Illuminate\Pipeline\{closure}(Object(Illuminate\Http\Request))
#34 C:\laragon\www\akr\vendor\laravel\framework\src\Illuminate\Pipeline\Pipeline.php(167): Illuminate\View\Middleware\ShareErrorsFromSession->handle(Object(Illuminate\Http\Request), Object(Closure))
#35 C:\laragon\www\akr\vendor\laravel\framework\src\Illuminate\Session\Middleware\StartSession.php(121): Illuminate\Pipeline\Pipeline->Illuminate\Pipeline\{closure}(Object(Illuminate\Http\Request))
#36 C:\laragon\www\akr\vendor\laravel\framework\src\Illuminate\Session\Middleware\StartSession.php(64): Illuminate\Session\Middleware\StartSession->handleStatefulRequest(Object(Illuminate\Http\Request), Object(Illuminate\Session\Store), Object(Closure))
#37 C:\laragon\www\akr\vendor\laravel\framework\src\Illuminate\Pipeline\Pipeline.php(167): Illuminate\Session\Middleware\StartSession->handle(Object(Illuminate\Http\Request), Object(Closure))
#38 C:\laragon\www\akr\vendor\laravel\framework\src\Illuminate\Cookie\Middleware\AddQueuedCookiesToResponse.php(37): Illuminate\Pipeline\Pipeline->Illuminate\Pipeline\{closure}(Object(Illuminate\Http\Request))
#39 C:\laragon\www\akr\vendor\laravel\framework\src\Illuminate\Pipeline\Pipeline.php(167): Illuminate\Cookie\Middleware\AddQueuedCookiesToResponse->handle(Object(Illuminate\Http\Request), Object(Closure))
#40 C:\laragon\www\akr\vendor\laravel\framework\src\Illuminate\Cookie\Middleware\EncryptCookies.php(67): Illuminate\Pipeline\Pipeline->Illuminate\Pipeline\{closure}(Object(Illuminate\Http\Request))
#41 C:\laragon\www\akr\vendor\laravel\framework\src\Illuminate\Pipeline\Pipeline.php(167): Illuminate\Cookie\Middleware\EncryptCookies->handle(Object(Illuminate\Http\Request), Object(Closure))
#42 C:\laragon\www\akr\vendor\laravel\framework\src\Illuminate\Pipeline\Pipeline.php(103): Illuminate\Pipeline\Pipeline->Illuminate\Pipeline\{closure}(Object(Illuminate\Http\Request))
#43 C:\laragon\www\akr\vendor\laravel\framework\src\Illuminate\Routing\Router.php(697): Illuminate\Pipeline\Pipeline->then(Object(Closure))
#44 C:\laragon\www\akr\vendor\laravel\framework\src\Illuminate\Routing\Router.php(672): Illuminate\Routing\Router->runRouteWithinStack(Object(Illuminate\Routing\Route), Object(Illuminate\Http\Request))
#45 C:\laragon\www\akr\vendor\laravel\framework\src\Illuminate\Routing\Router.php(636): Illuminate\Routing\Router->runRoute(Object(Illuminate\Http\Request), Object(Illuminate\Routing\Route))
#46 C:\laragon\www\akr\vendor\laravel\framework\src\Illuminate\Routing\Router.php(625): Illuminate\Routing\Router->dispatchToRoute(Object(Illuminate\Http\Request))
#47 C:\laragon\www\akr\vendor\laravel\framework\src\Illuminate\Foundation\Http\Kernel.php(166): Illuminate\Routing\Router->dispatch(Object(Illuminate\Http\Request))
#48 C:\laragon\www\akr\vendor\laravel\framework\src\Illuminate\Pipeline\Pipeline.php(128): Illuminate\Foundation\Http\Kernel->Illuminate\Foundation\Http\{closure}(Object(Illuminate\Http\Request))
#49 C:\laragon\www\akr\vendor\laravel\framework\src\Illuminate\Foundation\Http\Middleware\TransformsRequest.php(21): Illuminate\Pipeline\Pipeline->Illuminate\Pipeline\{closure}(Object(Illuminate\Http\Request))
#50 C:\laragon\www\akr\vendor\laravel\framework\src\Illuminate\Foundation\Http\Middleware\ConvertEmptyStringsToNull.php(31): Illuminate\Foundation\Http\Middleware\TransformsRequest->handle(Object(Illuminate\Http\Request), Object(Closure))
#51 C:\laragon\www\akr\vendor\laravel\framework\src\Illuminate\Pipeline\Pipeline.php(167): Illuminate\Foundation\Http\Middleware\ConvertEmptyStringsToNull->handle(Object(Illuminate\Http\Request), Object(Closure))
#52 C:\laragon\www\akr\vendor\laravel\framework\src\Illuminate\Foundation\Http\Middleware\TransformsRequest.php(21): Illuminate\Pipeline\Pipeline->Illuminate\Pipeline\{closure}(Object(Illuminate\Http\Request))
#53 C:\laragon\www\akr\vendor\laravel\framework\src\Illuminate\Foundation\Http\Middleware\TrimStrings.php(40): Illuminate\Foundation\Http\Middleware\TransformsRequest->handle(Object(Illuminate\Http\Request), Object(Closure))
#54 C:\laragon\www\akr\vendor\laravel\framework\src\Illuminate\Pipeline\Pipeline.php(167): Illuminate\Foundation\Http\Middleware\TrimStrings->handle(Object(Illuminate\Http\Request), Object(Closure))
#55 C:\laragon\www\akr\vendor\laravel\framework\src\Illuminate\Foundation\Http\Middleware\ValidatePostSize.php(27): Illuminate\Pipeline\Pipeline->Illuminate\Pipeline\{closure}(Object(Illuminate\Http\Request))
#56 C:\laragon\www\akr\vendor\laravel\framework\src\Illuminate\Pipeline\Pipeline.php(167): Illuminate\Foundation\Http\Middleware\ValidatePostSize->handle(Object(Illuminate\Http\Request), Object(Closure))
#57 C:\laragon\www\akr\vendor\laravel\framework\src\Illuminate\Foundation\Http\Middleware\PreventRequestsDuringMaintenance.php(86): Illuminate\Pipeline\Pipeline->Illuminate\Pipeline\{closure}(Object(Illuminate\Http\Request))
#58 C:\laragon\www\akr\vendor\laravel\framework\src\Illuminate\Pipeline\Pipeline.php(167): Illuminate\Foundation\Http\Middleware\PreventRequestsDuringMaintenance->handle(Object(Illuminate\Http\Request), Object(Closure))
#59 C:\laragon\www\akr\vendor\fruitcake\laravel-cors\src\HandleCors.php(38): Illuminate\Pipeline\Pipeline->Illuminate\Pipeline\{closure}(Object(Illuminate\Http\Request))
#60 C:\laragon\www\akr\vendor\laravel\framework\src\Illuminate\Pipeline\Pipeline.php(167): Fruitcake\Cors\HandleCors->handle(Object(Illuminate\Http\Request), Object(Closure))
#61 C:\laragon\www\akr\vendor\fideloper\proxy\src\TrustProxies.php(57): Illuminate\Pipeline\Pipeline->Illuminate\Pipeline\{closure}(Object(Illuminate\Http\Request))
#62 C:\laragon\www\akr\vendor\laravel\framework\src\Illuminate\Pipeline\Pipeline.php(167): Fideloper\Proxy\TrustProxies->handle(Object(Illuminate\Http\Request), Object(Closure))
#63 C:\laragon\www\akr\vendor\laravel\framework\src\Illuminate\Pipeline\Pipeline.php(103): Illuminate\Pipeline\Pipeline->Illuminate\Pipeline\{closure}(Object(Illuminate\Http\Request))
#64 C:\laragon\www\akr\vendor\laravel\framework\src\Illuminate\Foundation\Http\Kernel.php(141): Illuminate\Pipeline\Pipeline->then(Object(Closure))
#65 C:\laragon\www\akr\vendor\laravel\framework\src\Illuminate\Foundation\Http\Kernel.php(110): Illuminate\Foundation\Http\Kernel->sendRequestThroughRouter(Object(Illuminate\Http\Request))
#66 C:\laragon\www\akr\public\index.php(55): Illuminate\Foundation\Http\Kernel->handle(Object(Illuminate\Http\Request))
#67 {main}

Next Illuminate\Database\QueryException: SQLSTATE[23000]: Integrity constraint violation: 1452 Cannot add or update a child row: a foreign key constraint fails (`akr`.`orden_purchases`, CONSTRAINT `orden_purchases_iduser_foreign` FOREIGN KEY (`iduser`) REFERENCES `users` (`id`)) (SQL: insert into `orden_purchases` (`status`, `cantidad`, `total`, `updated_at`, `created_at`) values (1, 1, 80, 2021-07-30 20:27:40, 2021-07-30 20:27:40)) in C:\laragon\www\akr\vendor\laravel\framework\src\Illuminate\Database\Connection.php:692
Stack trace:
#0 C:\laragon\www\akr\vendor\laravel\framework\src\Illuminate\Database\Connection.php(652): Illuminate\Database\Connection->runQueryCallback('insert into `or...', Array, Object(Closure))
#1 C:\laragon\www\akr\vendor\laravel\framework\src\Illuminate\Database\Connection.php(486): Illuminate\Database\Connection->run('insert into `or...', Array, Object(Closure))
#2 C:\laragon\www\akr\vendor\laravel\framework\src\Illuminate\Database\Connection.php(438): Illuminate\Database\Connection->statement('insert into `or...', Array)
#3 C:\laragon\www\akr\vendor\laravel\framework\src\Illuminate\Database\Query\Processors\Processor.php(32): Illuminate\Database\Connection->insert('insert into `or...', Array)
#4 C:\laragon\www\akr\vendor\laravel\framework\src\Illuminate\Database\Query\Builder.php(2963): Illuminate\Database\Query\Processors\Processor->processInsertGetId(Object(Illuminate\Database\Query\Builder), 'insert into `or...', Array, 'id')
#5 C:\laragon\www\akr\vendor\laravel\framework\src\Illuminate\Database\Eloquent\Builder.php(1617): Illuminate\Database\Query\Builder->insertGetId(Array, 'id')
#6 C:\laragon\www\akr\vendor\laravel\framework\src\Illuminate\Database\Eloquent\Model.php(1124): Illuminate\Database\Eloquent\Builder->__call('insertGetId', Array)
#7 C:\laragon\www\akr\vendor\laravel\framework\src\Illuminate\Database\Eloquent\Model.php(1089): Illuminate\Database\Eloquent\Model->insertAndSetId(Object(Illuminate\Database\Eloquent\Builder), Array)
#8 C:\laragon\www\akr\vendor\laravel\framework\src\Illuminate\Database\Eloquent\Model.php(930): Illuminate\Database\Eloquent\Model->performInsert(Object(Illuminate\Database\Eloquent\Builder))
#9 C:\laragon\www\akr\vendor\laravel\framework\src\Illuminate\Database\Eloquent\Builder.php(871): Illuminate\Database\Eloquent\Model->save()
#10 C:\laragon\www\akr\vendor\laravel\framework\src\Illuminate\Support\helpers.php(263): Illuminate\Database\Eloquent\Builder->Illuminate\Database\Eloquent\{closure}(Object(App\Models\OrdenPurchases))
#11 C:\laragon\www\akr\vendor\laravel\framework\src\Illuminate\Database\Eloquent\Builder.php(872): tap(Object(App\Models\OrdenPurchases), Object(Closure))
#12 C:\laragon\www\akr\vendor\laravel\framework\src\Illuminate\Support\Traits\ForwardsCalls.php(23): Illuminate\Database\Eloquent\Builder->create(Array)
#13 C:\laragon\www\akr\vendor\laravel\framework\src\Illuminate\Database\Eloquent\Model.php(1993): Illuminate\Database\Eloquent\Model->forwardCallTo(Object(Illuminate\Database\Eloquent\Builder), 'create', Array)
#14 C:\laragon\www\akr\vendor\laravel\framework\src\Illuminate\Database\Eloquent\Model.php(2005): Illuminate\Database\Eloquent\Model->__call('create', Array)
#15 C:\laragon\www\akr\app\Http\Controllers\TiendaController.php(399): Illuminate\Database\Eloquent\Model::__callStatic('create', Array)
#16 C:\laragon\www\akr\app\Http\Controllers\TiendaController.php(341): App\Http\Controllers\TiendaController->guardarOrden(Array)
#17 C:\laragon\www\akr\vendor\laravel\framework\src\Illuminate\Routing\Controller.php(54): App\Http\Controllers\TiendaController->makeInversion(Object(Illuminate\Http\Request))
#18 C:\laragon\www\akr\vendor\laravel\framework\src\Illuminate\Routing\ControllerDispatcher.php(45): Illuminate\Routing\Controller->callAction('makeInversion', Array)
#19 C:\laragon\www\akr\vendor\laravel\framework\src\Illuminate\Routing\Route.php(254): Illuminate\Routing\ControllerDispatcher->dispatch(Object(Illuminate\Routing\Route), Object(App\Http\Controllers\TiendaController), 'makeInversion')
#20 C:\laragon\www\akr\vendor\laravel\framework\src\Illuminate\Routing\Route.php(197): Illuminate\Routing\Route->runController()
#21 C:\laragon\www\akr\vendor\laravel\framework\src\Illuminate\Routing\Router.php(695): Illuminate\Routing\Route->run()
#22 C:\laragon\www\akr\vendor\laravel\framework\src\Illuminate\Pipeline\Pipeline.php(128): Illuminate\Routing\Router->Illuminate\Routing\{closure}(Object(Illuminate\Http\Request))
#23 C:\laragon\www\akr\app\Http\Middleware\Menu.php(28): Illuminate\Pipeline\Pipeline->Illuminate\Pipeline\{closure}(Object(Illuminate\Http\Request))
#24 C:\laragon\www\akr\vendor\laravel\framework\src\Illuminate\Pipeline\Pipeline.php(167): App\Http\Middleware\Menu->handle(Object(Illuminate\Http\Request), Object(Closure))
#25 C:\laragon\www\akr\vendor\laravel\framework\src\Illuminate\Routing\Middleware\SubstituteBindings.php(50): Illuminate\Pipeline\Pipeline->Illuminate\Pipeline\{closure}(Object(Illuminate\Http\Request))
#26 C:\laragon\www\akr\vendor\laravel\framework\src\Illuminate\Pipeline\Pipeline.php(167): Illuminate\Routing\Middleware\SubstituteBindings->handle(Object(Illuminate\Http\Request), Object(Closure))
#27 C:\laragon\www\akr\vendor\laravel\framework\src\Illuminate\Auth\Middleware\Authenticate.php(44): Illuminate\Pipeline\Pipeline->Illuminate\Pipeline\{closure}(Object(Illuminate\Http\Request))
#28 C:\laragon\www\akr\vendor\laravel\framework\src\Illuminate\Pipeline\Pipeline.php(167): Illuminate\Auth\Middleware\Authenticate->handle(Object(Illuminate\Http\Request), Object(Closure))
#29 C:\laragon\www\akr\vendor\laravel\framework\src\Illuminate\Foundation\Http\Middleware\VerifyCsrfToken.php(78): Illuminate\Pipeline\Pipeline->Illuminate\Pipeline\{closure}(Object(Illuminate\Http\Request))
#30 C:\laragon\www\akr\vendor\laravel\framework\src\Illuminate\Pipeline\Pipeline.php(167): Illuminate\Foundation\Http\Middleware\VerifyCsrfToken->handle(Object(Illuminate\Http\Request), Object(Closure))
#31 C:\laragon\www\akr\vendor\laravel\framework\src\Illuminate\View\Middleware\ShareErrorsFromSession.php(49): Illuminate\Pipeline\Pipeline->Illuminate\Pipeline\{closure}(Object(Illuminate\Http\Request))
#32 C:\laragon\www\akr\vendor\laravel\framework\src\Illuminate\Pipeline\Pipeline.php(167): Illuminate\View\Middleware\ShareErrorsFromSession->handle(Object(Illuminate\Http\Request), Object(Closure))
#33 C:\laragon\www\akr\vendor\laravel\framework\src\Illuminate\Session\Middleware\StartSession.php(121): Illuminate\Pipeline\Pipeline->Illuminate\Pipeline\{closure}(Object(Illuminate\Http\Request))
#34 C:\laragon\www\akr\vendor\laravel\framework\src\Illuminate\Session\Middleware\StartSession.php(64): Illuminate\Session\Middleware\StartSession->handleStatefulRequest(Object(Illuminate\Http\Request), Object(Illuminate\Session\Store), Object(Closure))
#35 C:\laragon\www\akr\vendor\laravel\framework\src\Illuminate\Pipeline\Pipeline.php(167): Illuminate\Session\Middleware\StartSession->handle(Object(Illuminate\Http\Request), Object(Closure))
#36 C:\laragon\www\akr\vendor\laravel\framework\src\Illuminate\Cookie\Middleware\AddQueuedCookiesToResponse.php(37): Illuminate\Pipeline\Pipeline->Illuminate\Pipeline\{closure}(Object(Illuminate\Http\Request))
#37 C:\laragon\www\akr\vendor\laravel\framework\src\Illuminate\Pipeline\Pipeline.php(167): Illuminate\Cookie\Middleware\AddQueuedCookiesToResponse->handle(Object(Illuminate\Http\Request), Object(Closure))
#38 C:\laragon\www\akr\vendor\laravel\framework\src\Illuminate\Cookie\Middleware\EncryptCookies.php(67): Illuminate\Pipeline\Pipeline->Illuminate\Pipeline\{closure}(Object(Illuminate\Http\Request))
#39 C:\laragon\www\akr\vendor\laravel\framework\src\Illuminate\Pipeline\Pipeline.php(167): Illuminate\Cookie\Middleware\EncryptCookies->handle(Object(Illuminate\Http\Request), Object(Closure))
#40 C:\laragon\www\akr\vendor\laravel\framework\src\Illuminate\Pipeline\Pipeline.php(103): Illuminate\Pipeline\Pipeline->Illuminate\Pipeline\{closure}(Object(Illuminate\Http\Request))
#41 C:\laragon\www\akr\vendor\laravel\framework\src\Illuminate\Routing\Router.php(697): Illuminate\Pipeline\Pipeline->then(Object(Closure))
#42 C:\laragon\www\akr\vendor\laravel\framework\src\Illuminate\Routing\Router.php(672): Illuminate\Routing\Router->runRouteWithinStack(Object(Illuminate\Routing\Route), Object(Illuminate\Http\Request))
#43 C:\laragon\www\akr\vendor\laravel\framework\src\Illuminate\Routing\Router.php(636): Illuminate\Routing\Router->runRoute(Object(Illuminate\Http\Request), Object(Illuminate\Routing\Route))
#44 C:\laragon\www\akr\vendor\laravel\framework\src\Illuminate\Routing\Router.php(625): Illuminate\Routing\Router->dispatchToRoute(Object(Illuminate\Http\Request))
#45 C:\laragon\www\akr\vendor\laravel\framework\src\Illuminate\Foundation\Http\Kernel.php(166): Illuminate\Routing\Router->dispatch(Object(Illuminate\Http\Request))
#46 C:\laragon\www\akr\vendor\laravel\framework\src\Illuminate\Pipeline\Pipeline.php(128): Illuminate\Foundation\Http\Kernel->Illuminate\Foundation\Http\{closure}(Object(Illuminate\Http\Request))
#47 C:\laragon\www\akr\vendor\laravel\framework\src\Illuminate\Foundation\Http\Middleware\TransformsRequest.php(21): Illuminate\Pipeline\Pipeline->Illuminate\Pipeline\{closure}(Object(Illuminate\Http\Request))
#48 C:\laragon\www\akr\vendor\laravel\framework\src\Illuminate\Foundation\Http\Middleware\ConvertEmptyStringsToNull.php(31): Illuminate\Foundation\Http\Middleware\TransformsRequest->handle(Object(Illuminate\Http\Request), Object(Closure))
#49 C:\laragon\www\akr\vendor\laravel\framework\src\Illuminate\Pipeline\Pipeline.php(167): Illuminate\Foundation\Http\Middleware\ConvertEmptyStringsToNull->handle(Object(Illuminate\Http\Request), Object(Closure))
#50 C:\laragon\www\akr\vendor\laravel\framework\src\Illuminate\Foundation\Http\Middleware\TransformsRequest.php(21): Illuminate\Pipeline\Pipeline->Illuminate\Pipeline\{closure}(Object(Illuminate\Http\Request))
#51 C:\laragon\www\akr\vendor\laravel\framework\src\Illuminate\Foundation\Http\Middleware\TrimStrings.php(40): Illuminate\Foundation\Http\Middleware\TransformsRequest->handle(Object(Illuminate\Http\Request), Object(Closure))
#52 C:\laragon\www\akr\vendor\laravel\framework\src\Illuminate\Pipeline\Pipeline.php(167): Illuminate\Foundation\Http\Middleware\TrimStrings->handle(Object(Illuminate\Http\Request), Object(Closure))
#53 C:\laragon\www\akr\vendor\laravel\framework\src\Illuminate\Foundation\Http\Middleware\ValidatePostSize.php(27): Illuminate\Pipeline\Pipeline->Illuminate\Pipeline\{closure}(Object(Illuminate\Http\Request))
#54 C:\laragon\www\akr\vendor\laravel\framework\src\Illuminate\Pipeline\Pipeline.php(167): Illuminate\Foundation\Http\Middleware\ValidatePostSize->handle(Object(Illuminate\Http\Request), Object(Closure))
#55 C:\laragon\www\akr\vendor\laravel\framework\src\Illuminate\Foundation\Http\Middleware\PreventRequestsDuringMaintenance.php(86): Illuminate\Pipeline\Pipeline->Illuminate\Pipeline\{closure}(Object(Illuminate\Http\Request))
#56 C:\laragon\www\akr\vendor\laravel\framework\src\Illuminate\Pipeline\Pipeline.php(167): Illuminate\Foundation\Http\Middleware\PreventRequestsDuringMaintenance->handle(Object(Illuminate\Http\Request), Object(Closure))
#57 C:\laragon\www\akr\vendor\fruitcake\laravel-cors\src\HandleCors.php(38): Illuminate\Pipeline\Pipeline->Illuminate\Pipeline\{closure}(Object(Illuminate\Http\Request))
#58 C:\laragon\www\akr\vendor\laravel\framework\src\Illuminate\Pipeline\Pipeline.php(167): Fruitcake\Cors\HandleCors->handle(Object(Illuminate\Http\Request), Object(Closure))
#59 C:\laragon\www\akr\vendor\fideloper\proxy\src\TrustProxies.php(57): Illuminate\Pipeline\Pipeline->Illuminate\Pipeline\{closure}(Object(Illuminate\Http\Request))
#60 C:\laragon\www\akr\vendor\laravel\framework\src\Illuminate\Pipeline\Pipeline.php(167): Fideloper\Proxy\TrustProxies->handle(Object(Illuminate\Http\Request), Object(Closure))
#61 C:\laragon\www\akr\vendor\laravel\framework\src\Illuminate\Pipeline\Pipeline.php(103): Illuminate\Pipeline\Pipeline->Illuminate\Pipeline\{closure}(Object(Illuminate\Http\Request))
#62 C:\laragon\www\akr\vendor\laravel\framework\src\Illuminate\Foundation\Http\Kernel.php(141): Illuminate\Pipeline\Pipeline->then(Object(Closure))
#63 C:\laragon\www\akr\vendor\laravel\framework\src\Illuminate\Foundation\Http\Kernel.php(110): Illuminate\Foundation\Http\Kernel->sendRequestThroughRouter(Object(Illuminate\Http\Request))
#64 C:\laragon\www\akr\public\index.php(55): Illuminate\Foundation\Http\Kernel->handle(Object(Illuminate\Http\Request))
#65 {main}  
[2021-07-30 20:28:16] local.ERROR: Tienda - MakeInversion -> Error: PDOException: SQLSTATE[23000]: Integrity constraint violation: 1452 Cannot add or update a child row: a foreign key constraint fails (`akr`.`orden_purchases`, CONSTRAINT `orden_purchases_iduser_foreign` FOREIGN KEY (`iduser`) REFERENCES `users` (`id`)) in C:\laragon\www\akr\vendor\laravel\framework\src\Illuminate\Database\Connection.php:485
Stack trace:
#0 C:\laragon\www\akr\vendor\laravel\framework\src\Illuminate\Database\Connection.php(485): PDOStatement->execute()
#1 C:\laragon\www\akr\vendor\laravel\framework\src\Illuminate\Database\Connection.php(685): Illuminate\Database\Connection->Illuminate\Database\{closure}('insert into `or...', Array)
#2 C:\laragon\www\akr\vendor\laravel\framework\src\Illuminate\Database\Connection.php(652): Illuminate\Database\Connection->runQueryCallback('insert into `or...', Array, Object(Closure))
#3 C:\laragon\www\akr\vendor\laravel\framework\src\Illuminate\Database\Connection.php(486): Illuminate\Database\Connection->run('insert into `or...', Array, Object(Closure))
#4 C:\laragon\www\akr\vendor\laravel\framework\src\Illuminate\Database\Connection.php(438): Illuminate\Database\Connection->statement('insert into `or...', Array)
#5 C:\laragon\www\akr\vendor\laravel\framework\src\Illuminate\Database\Query\Processors\Processor.php(32): Illuminate\Database\Connection->insert('insert into `or...', Array)
#6 C:\laragon\www\akr\vendor\laravel\framework\src\Illuminate\Database\Query\Builder.php(2963): Illuminate\Database\Query\Processors\Processor->processInsertGetId(Object(Illuminate\Database\Query\Builder), 'insert into `or...', Array, 'id')
#7 C:\laragon\www\akr\vendor\laravel\framework\src\Illuminate\Database\Eloquent\Builder.php(1617): Illuminate\Database\Query\Builder->insertGetId(Array, 'id')
#8 C:\laragon\www\akr\vendor\laravel\framework\src\Illuminate\Database\Eloquent\Model.php(1124): Illuminate\Database\Eloquent\Builder->__call('insertGetId', Array)
#9 C:\laragon\www\akr\vendor\laravel\framework\src\Illuminate\Database\Eloquent\Model.php(1089): Illuminate\Database\Eloquent\Model->insertAndSetId(Object(Illuminate\Database\Eloquent\Builder), Array)
#10 C:\laragon\www\akr\vendor\laravel\framework\src\Illuminate\Database\Eloquent\Model.php(930): Illuminate\Database\Eloquent\Model->performInsert(Object(Illuminate\Database\Eloquent\Builder))
#11 C:\laragon\www\akr\vendor\laravel\framework\src\Illuminate\Database\Eloquent\Builder.php(871): Illuminate\Database\Eloquent\Model->save()
#12 C:\laragon\www\akr\vendor\laravel\framework\src\Illuminate\Support\helpers.php(263): Illuminate\Database\Eloquent\Builder->Illuminate\Database\Eloquent\{closure}(Object(App\Models\OrdenPurchases))
#13 C:\laragon\www\akr\vendor\laravel\framework\src\Illuminate\Database\Eloquent\Builder.php(872): tap(Object(App\Models\OrdenPurchases), Object(Closure))
#14 C:\laragon\www\akr\vendor\laravel\framework\src\Illuminate\Support\Traits\ForwardsCalls.php(23): Illuminate\Database\Eloquent\Builder->create(Array)
#15 C:\laragon\www\akr\vendor\laravel\framework\src\Illuminate\Database\Eloquent\Model.php(1993): Illuminate\Database\Eloquent\Model->forwardCallTo(Object(Illuminate\Database\Eloquent\Builder), 'create', Array)
#16 C:\laragon\www\akr\vendor\laravel\framework\src\Illuminate\Database\Eloquent\Model.php(2005): Illuminate\Database\Eloquent\Model->__call('create', Array)
#17 C:\laragon\www\akr\app\Http\Controllers\TiendaController.php(399): Illuminate\Database\Eloquent\Model::__callStatic('create', Array)
#18 C:\laragon\www\akr\app\Http\Controllers\TiendaController.php(341): App\Http\Controllers\TiendaController->guardarOrden(Array)
#19 C:\laragon\www\akr\vendor\laravel\framework\src\Illuminate\Routing\Controller.php(54): App\Http\Controllers\TiendaController->makeInversion(Object(Illuminate\Http\Request))
#20 C:\laragon\www\akr\vendor\laravel\framework\src\Illuminate\Routing\ControllerDispatcher.php(45): Illuminate\Routing\Controller->callAction('makeInversion', Array)
#21 C:\laragon\www\akr\vendor\laravel\framework\src\Illuminate\Routing\Route.php(254): Illuminate\Routing\ControllerDispatcher->dispatch(Object(Illuminate\Routing\Route), Object(App\Http\Controllers\TiendaController), 'makeInversion')
#22 C:\laragon\www\akr\vendor\laravel\framework\src\Illuminate\Routing\Route.php(197): Illuminate\Routing\Route->runController()
#23 C:\laragon\www\akr\vendor\laravel\framework\src\Illuminate\Routing\Router.php(695): Illuminate\Routing\Route->run()
#24 C:\laragon\www\akr\vendor\laravel\framework\src\Illuminate\Pipeline\Pipeline.php(128): Illuminate\Routing\Router->Illuminate\Routing\{closure}(Object(Illuminate\Http\Request))
#25 C:\laragon\www\akr\app\Http\Middleware\Menu.php(28): Illuminate\Pipeline\Pipeline->Illuminate\Pipeline\{closure}(Object(Illuminate\Http\Request))
#26 C:\laragon\www\akr\vendor\laravel\framework\src\Illuminate\Pipeline\Pipeline.php(167): App\Http\Middleware\Menu->handle(Object(Illuminate\Http\Request), Object(Closure))
#27 C:\laragon\www\akr\vendor\laravel\framework\src\Illuminate\Routing\Middleware\SubstituteBindings.php(50): Illuminate\Pipeline\Pipeline->Illuminate\Pipeline\{closure}(Object(Illuminate\Http\Request))
#28 C:\laragon\www\akr\vendor\laravel\framework\src\Illuminate\Pipeline\Pipeline.php(167): Illuminate\Routing\Middleware\SubstituteBindings->handle(Object(Illuminate\Http\Request), Object(Closure))
#29 C:\laragon\www\akr\vendor\laravel\framework\src\Illuminate\Auth\Middleware\Authenticate.php(44): Illuminate\Pipeline\Pipeline->Illuminate\Pipeline\{closure}(Object(Illuminate\Http\Request))
#30 C:\laragon\www\akr\vendor\laravel\framework\src\Illuminate\Pipeline\Pipeline.php(167): Illuminate\Auth\Middleware\Authenticate->handle(Object(Illuminate\Http\Request), Object(Closure))
#31 C:\laragon\www\akr\vendor\laravel\framework\src\Illuminate\Foundation\Http\Middleware\VerifyCsrfToken.php(78): Illuminate\Pipeline\Pipeline->Illuminate\Pipeline\{closure}(Object(Illuminate\Http\Request))
#32 C:\laragon\www\akr\vendor\laravel\framework\src\Illuminate\Pipeline\Pipeline.php(167): Illuminate\Foundation\Http\Middleware\VerifyCsrfToken->handle(Object(Illuminate\Http\Request), Object(Closure))
#33 C:\laragon\www\akr\vendor\laravel\framework\src\Illuminate\View\Middleware\ShareErrorsFromSession.php(49): Illuminate\Pipeline\Pipeline->Illuminate\Pipeline\{closure}(Object(Illuminate\Http\Request))
#34 C:\laragon\www\akr\vendor\laravel\framework\src\Illuminate\Pipeline\Pipeline.php(167): Illuminate\View\Middleware\ShareErrorsFromSession->handle(Object(Illuminate\Http\Request), Object(Closure))
#35 C:\laragon\www\akr\vendor\laravel\framework\src\Illuminate\Session\Middleware\StartSession.php(121): Illuminate\Pipeline\Pipeline->Illuminate\Pipeline\{closure}(Object(Illuminate\Http\Request))
#36 C:\laragon\www\akr\vendor\laravel\framework\src\Illuminate\Session\Middleware\StartSession.php(64): Illuminate\Session\Middleware\StartSession->handleStatefulRequest(Object(Illuminate\Http\Request), Object(Illuminate\Session\Store), Object(Closure))
#37 C:\laragon\www\akr\vendor\laravel\framework\src\Illuminate\Pipeline\Pipeline.php(167): Illuminate\Session\Middleware\StartSession->handle(Object(Illuminate\Http\Request), Object(Closure))
#38 C:\laragon\www\akr\vendor\laravel\framework\src\Illuminate\Cookie\Middleware\AddQueuedCookiesToResponse.php(37): Illuminate\Pipeline\Pipeline->Illuminate\Pipeline\{closure}(Object(Illuminate\Http\Request))
#39 C:\laragon\www\akr\vendor\laravel\framework\src\Illuminate\Pipeline\Pipeline.php(167): Illuminate\Cookie\Middleware\AddQueuedCookiesToResponse->handle(Object(Illuminate\Http\Request), Object(Closure))
#40 C:\laragon\www\akr\vendor\laravel\framework\src\Illuminate\Cookie\Middleware\EncryptCookies.php(67): Illuminate\Pipeline\Pipeline->Illuminate\Pipeline\{closure}(Object(Illuminate\Http\Request))
#41 C:\laragon\www\akr\vendor\laravel\framework\src\Illuminate\Pipeline\Pipeline.php(167): Illuminate\Cookie\Middleware\EncryptCookies->handle(Object(Illuminate\Http\Request), Object(Closure))
#42 C:\laragon\www\akr\vendor\laravel\framework\src\Illuminate\Pipeline\Pipeline.php(103): Illuminate\Pipeline\Pipeline->Illuminate\Pipeline\{closure}(Object(Illuminate\Http\Request))
#43 C:\laragon\www\akr\vendor\laravel\framework\src\Illuminate\Routing\Router.php(697): Illuminate\Pipeline\Pipeline->then(Object(Closure))
#44 C:\laragon\www\akr\vendor\laravel\framework\src\Illuminate\Routing\Router.php(672): Illuminate\Routing\Router->runRouteWithinStack(Object(Illuminate\Routing\Route), Object(Illuminate\Http\Request))
#45 C:\laragon\www\akr\vendor\laravel\framework\src\Illuminate\Routing\Router.php(636): Illuminate\Routing\Router->runRoute(Object(Illuminate\Http\Request), Object(Illuminate\Routing\Route))
#46 C:\laragon\www\akr\vendor\laravel\framework\src\Illuminate\Routing\Router.php(625): Illuminate\Routing\Router->dispatchToRoute(Object(Illuminate\Http\Request))
#47 C:\laragon\www\akr\vendor\laravel\framework\src\Illuminate\Foundation\Http\Kernel.php(166): Illuminate\Routing\Router->dispatch(Object(Illuminate\Http\Request))
#48 C:\laragon\www\akr\vendor\laravel\framework\src\Illuminate\Pipeline\Pipeline.php(128): Illuminate\Foundation\Http\Kernel->Illuminate\Foundation\Http\{closure}(Object(Illuminate\Http\Request))
#49 C:\laragon\www\akr\vendor\laravel\framework\src\Illuminate\Foundation\Http\Middleware\TransformsRequest.php(21): Illuminate\Pipeline\Pipeline->Illuminate\Pipeline\{closure}(Object(Illuminate\Http\Request))
#50 C:\laragon\www\akr\vendor\laravel\framework\src\Illuminate\Foundation\Http\Middleware\ConvertEmptyStringsToNull.php(31): Illuminate\Foundation\Http\Middleware\TransformsRequest->handle(Object(Illuminate\Http\Request), Object(Closure))
#51 C:\laragon\www\akr\vendor\laravel\framework\src\Illuminate\Pipeline\Pipeline.php(167): Illuminate\Foundation\Http\Middleware\ConvertEmptyStringsToNull->handle(Object(Illuminate\Http\Request), Object(Closure))
#52 C:\laragon\www\akr\vendor\laravel\framework\src\Illuminate\Foundation\Http\Middleware\TransformsRequest.php(21): Illuminate\Pipeline\Pipeline->Illuminate\Pipeline\{closure}(Object(Illuminate\Http\Request))
#53 C:\laragon\www\akr\vendor\laravel\framework\src\Illuminate\Foundation\Http\Middleware\TrimStrings.php(40): Illuminate\Foundation\Http\Middleware\TransformsRequest->handle(Object(Illuminate\Http\Request), Object(Closure))
#54 C:\laragon\www\akr\vendor\laravel\framework\src\Illuminate\Pipeline\Pipeline.php(167): Illuminate\Foundation\Http\Middleware\TrimStrings->handle(Object(Illuminate\Http\Request), Object(Closure))
#55 C:\laragon\www\akr\vendor\laravel\framework\src\Illuminate\Foundation\Http\Middleware\ValidatePostSize.php(27): Illuminate\Pipeline\Pipeline->Illuminate\Pipeline\{closure}(Object(Illuminate\Http\Request))
#56 C:\laragon\www\akr\vendor\laravel\framework\src\Illuminate\Pipeline\Pipeline.php(167): Illuminate\Foundation\Http\Middleware\ValidatePostSize->handle(Object(Illuminate\Http\Request), Object(Closure))
#57 C:\laragon\www\akr\vendor\laravel\framework\src\Illuminate\Foundation\Http\Middleware\PreventRequestsDuringMaintenance.php(86): Illuminate\Pipeline\Pipeline->Illuminate\Pipeline\{closure}(Object(Illuminate\Http\Request))
#58 C:\laragon\www\akr\vendor\laravel\framework\src\Illuminate\Pipeline\Pipeline.php(167): Illuminate\Foundation\Http\Middleware\PreventRequestsDuringMaintenance->handle(Object(Illuminate\Http\Request), Object(Closure))
#59 C:\laragon\www\akr\vendor\fruitcake\laravel-cors\src\HandleCors.php(38): Illuminate\Pipeline\Pipeline->Illuminate\Pipeline\{closure}(Object(Illuminate\Http\Request))
#60 C:\laragon\www\akr\vendor\laravel\framework\src\Illuminate\Pipeline\Pipeline.php(167): Fruitcake\Cors\HandleCors->handle(Object(Illuminate\Http\Request), Object(Closure))
#61 C:\laragon\www\akr\vendor\fideloper\proxy\src\TrustProxies.php(57): Illuminate\Pipeline\Pipeline->Illuminate\Pipeline\{closure}(Object(Illuminate\Http\Request))
#62 C:\laragon\www\akr\vendor\laravel\framework\src\Illuminate\Pipeline\Pipeline.php(167): Fideloper\Proxy\TrustProxies->handle(Object(Illuminate\Http\Request), Object(Closure))
#63 C:\laragon\www\akr\vendor\laravel\framework\src\Illuminate\Pipeline\Pipeline.php(103): Illuminate\Pipeline\Pipeline->Illuminate\Pipeline\{closure}(Object(Illuminate\Http\Request))
#64 C:\laragon\www\akr\vendor\laravel\framework\src\Illuminate\Foundation\Http\Kernel.php(141): Illuminate\Pipeline\Pipeline->then(Object(Closure))
#65 C:\laragon\www\akr\vendor\laravel\framework\src\Illuminate\Foundation\Http\Kernel.php(110): Illuminate\Foundation\Http\Kernel->sendRequestThroughRouter(Object(Illuminate\Http\Request))
#66 C:\laragon\www\akr\public\index.php(55): Illuminate\Foundation\Http\Kernel->handle(Object(Illuminate\Http\Request))
#67 {main}

Next Illuminate\Database\QueryException: SQLSTATE[23000]: Integrity constraint violation: 1452 Cannot add or update a child row: a foreign key constraint fails (`akr`.`orden_purchases`, CONSTRAINT `orden_purchases_iduser_foreign` FOREIGN KEY (`iduser`) REFERENCES `users` (`id`)) (SQL: insert into `orden_purchases` (`status`, `cantidad`, `total`, `updated_at`, `created_at`) values (1, 1, 80, 2021-07-30 20:28:16, 2021-07-30 20:28:16)) in C:\laragon\www\akr\vendor\laravel\framework\src\Illuminate\Database\Connection.php:692
Stack trace:
#0 C:\laragon\www\akr\vendor\laravel\framework\src\Illuminate\Database\Connection.php(652): Illuminate\Database\Connection->runQueryCallback('insert into `or...', Array, Object(Closure))
#1 C:\laragon\www\akr\vendor\laravel\framework\src\Illuminate\Database\Connection.php(486): Illuminate\Database\Connection->run('insert into `or...', Array, Object(Closure))
#2 C:\laragon\www\akr\vendor\laravel\framework\src\Illuminate\Database\Connection.php(438): Illuminate\Database\Connection->statement('insert into `or...', Array)
#3 C:\laragon\www\akr\vendor\laravel\framework\src\Illuminate\Database\Query\Processors\Processor.php(32): Illuminate\Database\Connection->insert('insert into `or...', Array)
#4 C:\laragon\www\akr\vendor\laravel\framework\src\Illuminate\Database\Query\Builder.php(2963): Illuminate\Database\Query\Processors\Processor->processInsertGetId(Object(Illuminate\Database\Query\Builder), 'insert into `or...', Array, 'id')
#5 C:\laragon\www\akr\vendor\laravel\framework\src\Illuminate\Database\Eloquent\Builder.php(1617): Illuminate\Database\Query\Builder->insertGetId(Array, 'id')
#6 C:\laragon\www\akr\vendor\laravel\framework\src\Illuminate\Database\Eloquent\Model.php(1124): Illuminate\Database\Eloquent\Builder->__call('insertGetId', Array)
#7 C:\laragon\www\akr\vendor\laravel\framework\src\Illuminate\Database\Eloquent\Model.php(1089): Illuminate\Database\Eloquent\Model->insertAndSetId(Object(Illuminate\Database\Eloquent\Builder), Array)
#8 C:\laragon\www\akr\vendor\laravel\framework\src\Illuminate\Database\Eloquent\Model.php(930): Illuminate\Database\Eloquent\Model->performInsert(Object(Illuminate\Database\Eloquent\Builder))
#9 C:\laragon\www\akr\vendor\laravel\framework\src\Illuminate\Database\Eloquent\Builder.php(871): Illuminate\Database\Eloquent\Model->save()
#10 C:\laragon\www\akr\vendor\laravel\framework\src\Illuminate\Support\helpers.php(263): Illuminate\Database\Eloquent\Builder->Illuminate\Database\Eloquent\{closure}(Object(App\Models\OrdenPurchases))
#11 C:\laragon\www\akr\vendor\laravel\framework\src\Illuminate\Database\Eloquent\Builder.php(872): tap(Object(App\Models\OrdenPurchases), Object(Closure))
#12 C:\laragon\www\akr\vendor\laravel\framework\src\Illuminate\Support\Traits\ForwardsCalls.php(23): Illuminate\Database\Eloquent\Builder->create(Array)
#13 C:\laragon\www\akr\vendor\laravel\framework\src\Illuminate\Database\Eloquent\Model.php(1993): Illuminate\Database\Eloquent\Model->forwardCallTo(Object(Illuminate\Database\Eloquent\Builder), 'create', Array)
#14 C:\laragon\www\akr\vendor\laravel\framework\src\Illuminate\Database\Eloquent\Model.php(2005): Illuminate\Database\Eloquent\Model->__call('create', Array)
#15 C:\laragon\www\akr\app\Http\Controllers\TiendaController.php(399): Illuminate\Database\Eloquent\Model::__callStatic('create', Array)
#16 C:\laragon\www\akr\app\Http\Controllers\TiendaController.php(341): App\Http\Controllers\TiendaController->guardarOrden(Array)
#17 C:\laragon\www\akr\vendor\laravel\framework\src\Illuminate\Routing\Controller.php(54): App\Http\Controllers\TiendaController->makeInversion(Object(Illuminate\Http\Request))
#18 C:\laragon\www\akr\vendor\laravel\framework\src\Illuminate\Routing\ControllerDispatcher.php(45): Illuminate\Routing\Controller->callAction('makeInversion', Array)
#19 C:\laragon\www\akr\vendor\laravel\framework\src\Illuminate\Routing\Route.php(254): Illuminate\Routing\ControllerDispatcher->dispatch(Object(Illuminate\Routing\Route), Object(App\Http\Controllers\TiendaController), 'makeInversion')
#20 C:\laragon\www\akr\vendor\laravel\framework\src\Illuminate\Routing\Route.php(197): Illuminate\Routing\Route->runController()
#21 C:\laragon\www\akr\vendor\laravel\framework\src\Illuminate\Routing\Router.php(695): Illuminate\Routing\Route->run()
#22 C:\laragon\www\akr\vendor\laravel\framework\src\Illuminate\Pipeline\Pipeline.php(128): Illuminate\Routing\Router->Illuminate\Routing\{closure}(Object(Illuminate\Http\Request))
#23 C:\laragon\www\akr\app\Http\Middleware\Menu.php(28): Illuminate\Pipeline\Pipeline->Illuminate\Pipeline\{closure}(Object(Illuminate\Http\Request))
#24 C:\laragon\www\akr\vendor\laravel\framework\src\Illuminate\Pipeline\Pipeline.php(167): App\Http\Middleware\Menu->handle(Object(Illuminate\Http\Request), Object(Closure))
#25 C:\laragon\www\akr\vendor\laravel\framework\src\Illuminate\Routing\Middleware\SubstituteBindings.php(50): Illuminate\Pipeline\Pipeline->Illuminate\Pipeline\{closure}(Object(Illuminate\Http\Request))
#26 C:\laragon\www\akr\vendor\laravel\framework\src\Illuminate\Pipeline\Pipeline.php(167): Illuminate\Routing\Middleware\SubstituteBindings->handle(Object(Illuminate\Http\Request), Object(Closure))
#27 C:\laragon\www\akr\vendor\laravel\framework\src\Illuminate\Auth\Middleware\Authenticate.php(44): Illuminate\Pipeline\Pipeline->Illuminate\Pipeline\{closure}(Object(Illuminate\Http\Request))
#28 C:\laragon\www\akr\vendor\laravel\framework\src\Illuminate\Pipeline\Pipeline.php(167): Illuminate\Auth\Middleware\Authenticate->handle(Object(Illuminate\Http\Request), Object(Closure))
#29 C:\laragon\www\akr\vendor\laravel\framework\src\Illuminate\Foundation\Http\Middleware\VerifyCsrfToken.php(78): Illuminate\Pipeline\Pipeline->Illuminate\Pipeline\{closure}(Object(Illuminate\Http\Request))
#30 C:\laragon\www\akr\vendor\laravel\framework\src\Illuminate\Pipeline\Pipeline.php(167): Illuminate\Foundation\Http\Middleware\VerifyCsrfToken->handle(Object(Illuminate\Http\Request), Object(Closure))
#31 C:\laragon\www\akr\vendor\laravel\framework\src\Illuminate\View\Middleware\ShareErrorsFromSession.php(49): Illuminate\Pipeline\Pipeline->Illuminate\Pipeline\{closure}(Object(Illuminate\Http\Request))
#32 C:\laragon\www\akr\vendor\laravel\framework\src\Illuminate\Pipeline\Pipeline.php(167): Illuminate\View\Middleware\ShareErrorsFromSession->handle(Object(Illuminate\Http\Request), Object(Closure))
#33 C:\laragon\www\akr\vendor\laravel\framework\src\Illuminate\Session\Middleware\StartSession.php(121): Illuminate\Pipeline\Pipeline->Illuminate\Pipeline\{closure}(Object(Illuminate\Http\Request))
#34 C:\laragon\www\akr\vendor\laravel\framework\src\Illuminate\Session\Middleware\StartSession.php(64): Illuminate\Session\Middleware\StartSession->handleStatefulRequest(Object(Illuminate\Http\Request), Object(Illuminate\Session\Store), Object(Closure))
#35 C:\laragon\www\akr\vendor\laravel\framework\src\Illuminate\Pipeline\Pipeline.php(167): Illuminate\Session\Middleware\StartSession->handle(Object(Illuminate\Http\Request), Object(Closure))
#36 C:\laragon\www\akr\vendor\laravel\framework\src\Illuminate\Cookie\Middleware\AddQueuedCookiesToResponse.php(37): Illuminate\Pipeline\Pipeline->Illuminate\Pipeline\{closure}(Object(Illuminate\Http\Request))
#37 C:\laragon\www\akr\vendor\laravel\framework\src\Illuminate\Pipeline\Pipeline.php(167): Illuminate\Cookie\Middleware\AddQueuedCookiesToResponse->handle(Object(Illuminate\Http\Request), Object(Closure))
#38 C:\laragon\www\akr\vendor\laravel\framework\src\Illuminate\Cookie\Middleware\EncryptCookies.php(67): Illuminate\Pipeline\Pipeline->Illuminate\Pipeline\{closure}(Object(Illuminate\Http\Request))
#39 C:\laragon\www\akr\vendor\laravel\framework\src\Illuminate\Pipeline\Pipeline.php(167): Illuminate\Cookie\Middleware\EncryptCookies->handle(Object(Illuminate\Http\Request), Object(Closure))
#40 C:\laragon\www\akr\vendor\laravel\framework\src\Illuminate\Pipeline\Pipeline.php(103): Illuminate\Pipeline\Pipeline->Illuminate\Pipeline\{closure}(Object(Illuminate\Http\Request))
#41 C:\laragon\www\akr\vendor\laravel\framework\src\Illuminate\Routing\Router.php(697): Illuminate\Pipeline\Pipeline->then(Object(Closure))
#42 C:\laragon\www\akr\vendor\laravel\framework\src\Illuminate\Routing\Router.php(672): Illuminate\Routing\Router->runRouteWithinStack(Object(Illuminate\Routing\Route), Object(Illuminate\Http\Request))
#43 C:\laragon\www\akr\vendor\laravel\framework\src\Illuminate\Routing\Router.php(636): Illuminate\Routing\Router->runRoute(Object(Illuminate\Http\Request), Object(Illuminate\Routing\Route))
#44 C:\laragon\www\akr\vendor\laravel\framework\src\Illuminate\Routing\Router.php(625): Illuminate\Routing\Router->dispatchToRoute(Object(Illuminate\Http\Request))
#45 C:\laragon\www\akr\vendor\laravel\framework\src\Illuminate\Foundation\Http\Kernel.php(166): Illuminate\Routing\Router->dispatch(Object(Illuminate\Http\Request))
#46 C:\laragon\www\akr\vendor\laravel\framework\src\Illuminate\Pipeline\Pipeline.php(128): Illuminate\Foundation\Http\Kernel->Illuminate\Foundation\Http\{closure}(Object(Illuminate\Http\Request))
#47 C:\laragon\www\akr\vendor\laravel\framework\src\Illuminate\Foundation\Http\Middleware\TransformsRequest.php(21): Illuminate\Pipeline\Pipeline->Illuminate\Pipeline\{closure}(Object(Illuminate\Http\Request))
#48 C:\laragon\www\akr\vendor\laravel\framework\src\Illuminate\Foundation\Http\Middleware\ConvertEmptyStringsToNull.php(31): Illuminate\Foundation\Http\Middleware\TransformsRequest->handle(Object(Illuminate\Http\Request), Object(Closure))
#49 C:\laragon\www\akr\vendor\laravel\framework\src\Illuminate\Pipeline\Pipeline.php(167): Illuminate\Foundation\Http\Middleware\ConvertEmptyStringsToNull->handle(Object(Illuminate\Http\Request), Object(Closure))
#50 C:\laragon\www\akr\vendor\laravel\framework\src\Illuminate\Foundation\Http\Middleware\TransformsRequest.php(21): Illuminate\Pipeline\Pipeline->Illuminate\Pipeline\{closure}(Object(Illuminate\Http\Request))
#51 C:\laragon\www\akr\vendor\laravel\framework\src\Illuminate\Foundation\Http\Middleware\TrimStrings.php(40): Illuminate\Foundation\Http\Middleware\TransformsRequest->handle(Object(Illuminate\Http\Request), Object(Closure))
#52 C:\laragon\www\akr\vendor\laravel\framework\src\Illuminate\Pipeline\Pipeline.php(167): Illuminate\Foundation\Http\Middleware\TrimStrings->handle(Object(Illuminate\Http\Request), Object(Closure))
#53 C:\laragon\www\akr\vendor\laravel\framework\src\Illuminate\Foundation\Http\Middleware\ValidatePostSize.php(27): Illuminate\Pipeline\Pipeline->Illuminate\Pipeline\{closure}(Object(Illuminate\Http\Request))
#54 C:\laragon\www\akr\vendor\laravel\framework\src\Illuminate\Pipeline\Pipeline.php(167): Illuminate\Foundation\Http\Middleware\ValidatePostSize->handle(Object(Illuminate\Http\Request), Object(Closure))
#55 C:\laragon\www\akr\vendor\laravel\framework\src\Illuminate\Foundation\Http\Middleware\PreventRequestsDuringMaintenance.php(86): Illuminate\Pipeline\Pipeline->Illuminate\Pipeline\{closure}(Object(Illuminate\Http\Request))
#56 C:\laragon\www\akr\vendor\laravel\framework\src\Illuminate\Pipeline\Pipeline.php(167): Illuminate\Foundation\Http\Middleware\PreventRequestsDuringMaintenance->handle(Object(Illuminate\Http\Request), Object(Closure))
#57 C:\laragon\www\akr\vendor\fruitcake\laravel-cors\src\HandleCors.php(38): Illuminate\Pipeline\Pipeline->Illuminate\Pipeline\{closure}(Object(Illuminate\Http\Request))
#58 C:\laragon\www\akr\vendor\laravel\framework\src\Illuminate\Pipeline\Pipeline.php(167): Fruitcake\Cors\HandleCors->handle(Object(Illuminate\Http\Request), Object(Closure))
#59 C:\laragon\www\akr\vendor\fideloper\proxy\src\TrustProxies.php(57): Illuminate\Pipeline\Pipeline->Illuminate\Pipeline\{closure}(Object(Illuminate\Http\Request))
#60 C:\laragon\www\akr\vendor\laravel\framework\src\Illuminate\Pipeline\Pipeline.php(167): Fideloper\Proxy\TrustProxies->handle(Object(Illuminate\Http\Request), Object(Closure))
#61 C:\laragon\www\akr\vendor\laravel\framework\src\Illuminate\Pipeline\Pipeline.php(103): Illuminate\Pipeline\Pipeline->Illuminate\Pipeline\{closure}(Object(Illuminate\Http\Request))
#62 C:\laragon\www\akr\vendor\laravel\framework\src\Illuminate\Foundation\Http\Kernel.php(141): Illuminate\Pipeline\Pipeline->then(Object(Closure))
#63 C:\laragon\www\akr\vendor\laravel\framework\src\Illuminate\Foundation\Http\Kernel.php(110): Illuminate\Foundation\Http\Kernel->sendRequestThroughRouter(Object(Illuminate\Http\Request))
#64 C:\laragon\www\akr\public\index.php(55): Illuminate\Foundation\Http\Kernel->handle(Object(Illuminate\Http\Request))
#65 {main}  
