[2021-07-27 00:05:39] local.ERROR: syntax error, unexpected '::' (T_PAAMAYIM_NEKUDOTAYIM) {"exception":"[object] (ParseError(code: 0): syntax error, unexpected '::' (T_PAAMAYIM_NEKUDOTAYIM) at /home/abraham/Documents/coding/akr/app/Http/Controllers/WalletController.php:361)
[stacktrace]
#0 /home/abraham/Documents/coding/akr/vendor/composer/ClassLoader.php(346): Composer\\Autoload\\includeFile('/home/abraham/D...')
#1 [internal function]: Composer\\Autoload\\ClassLoader->loadClass('App\\\\Http\\\\Contro...')
#2 /home/abraham/Documents/coding/akr/app/Http/Controllers/CierreComisionController.php(32): spl_autoload_call('App\\\\Http\\\\Contro...')
#3 /home/abraham/Documents/coding/akr/app/Console/Commands/PagarUtilidadFinMes.php(33): App\\Http\\Controllers\\CierreComisionController->__construct()
#4 [internal function]: App\\Console\\Commands\\PagarUtilidadFinMes->__construct()
#5 /home/abraham/Documents/coding/akr/vendor/laravel/framework/src/Illuminate/Container/Container.php(917): ReflectionClass->newInstanceArgs(Array)
#6 /home/abraham/Documents/coding/akr/vendor/laravel/framework/src/Illuminate/Container/Container.php(754): Illuminate\\Container\\Container->build('App\\\\Console\\\\Com...')
#7 /home/abraham/Documents/coding/akr/vendor/laravel/framework/src/Illuminate/Foundation/Application.php(841): Illuminate\\Container\\Container->resolve('App\\\\Console\\\\Com...', Array, true)
#8 /home/abraham/Documents/coding/akr/vendor/laravel/framework/src/Illuminate/Container/Container.php(692): Illuminate\\Foundation\\Application->resolve('App\\\\Console\\\\Com...', Array)
#9 /home/abraham/Documents/coding/akr/vendor/laravel/framework/src/Illuminate/Foundation/Application.php(826): Illuminate\\Container\\Container->make('App\\\\Console\\\\Com...', Array)
#10 /home/abraham/Documents/coding/akr/vendor/laravel/framework/src/Illuminate/Console/Application.php(260): Illuminate\\Foundation\\Application->make('App\\\\Console\\\\Com...')
#11 /home/abraham/Documents/coding/akr/vendor/laravel/framework/src/Illuminate/Foundation/Console/Kernel.php(232): Illuminate\\Console\\Application->resolve('App\\\\Console\\\\Com...')
#12 /home/abraham/Documents/coding/akr/vendor/laravel/framework/src/Illuminate/Console/Application.php(151): Illuminate\\Foundation\\Console\\Kernel->Illuminate\\Foundation\\Console\\{closure}(Object(Illuminate\\Console\\Application))
#13 /home/abraham/Documents/coding/akr/vendor/laravel/framework/src/Illuminate/Console/Application.php(74): Illuminate\\Console\\Application->bootstrap()
#14 /home/abraham/Documents/coding/akr/vendor/laravel/framework/src/Illuminate/Foundation/Console/Kernel.php(330): Illuminate\\Console\\Application->__construct(Object(Illuminate\\Foundation\\Application), Object(Illuminate\\Events\\Dispatcher), '8.51.0')
#15 /home/abraham/Documents/coding/akr/vendor/laravel/framework/src/Illuminate/Foundation/Console/Kernel.php(129): Illuminate\\Foundation\\Console\\Kernel->getArtisan()
#16 Command line code(1): Illuminate\\Foundation\\Console\\Kernel->handle(Object(Symfony\\Component\\Console\\Input\\ArgvInput), Object(Symfony\\Component\\Console\\Output\\ConsoleOutput))
#17 {main}
"} 
