[2021-08-13 16:28:47] local.ERROR: Liquidaction Crypto - getTotalCrypto -> Error: PDOException: SQLSTATE[42S02]: Base table or view not found: 1146 Table 'akr_project.crypto_value' doesn't exist in /home/abraham/Documents/coding/akr/vendor/laravel/framework/src/Illuminate/Database/Connection.php:352
Stack trace:
#0 /home/abraham/Documents/coding/akr/vendor/laravel/framework/src/Illuminate/Database/Connection.php(352): PDO->prepare('select sum(cant...')
#1 /home/abraham/Documents/coding/akr/vendor/laravel/framework/src/Illuminate/Database/Connection.php(685): Illuminate\Database\Connection->Illuminate\Database\{closure}('select sum(cant...', Array)
#2 /home/abraham/Documents/coding/akr/vendor/laravel/framework/src/Illuminate/Database/Connection.php(652): Illuminate\Database\Connection->runQueryCallback('select sum(cant...', Array, Object(Closure))
#3 /home/abraham/Documents/coding/akr/vendor/laravel/framework/src/Illuminate/Database/Connection.php(360): Illuminate\Database\Connection->run('select sum(cant...', Array, Object(Closure))
#4 /home/abraham/Documents/coding/akr/vendor/laravel/framework/src/Illuminate/Database/Query/Builder.php(2350): Illuminate\Database\Connection->select('select sum(cant...', Array, true)
#5 /home/abraham/Documents/coding/akr/vendor/laravel/framework/src/Illuminate/Database/Query/Builder.php(2338): Illuminate\Database\Query\Builder->runSelect()
#6 /home/abraham/Documents/coding/akr/vendor/laravel/framework/src/Illuminate/Database/Query/Builder.php(2872): Illuminate\Database\Query\Builder->Illuminate\Database\Query\{closure}()
#7 /home/abraham/Documents/coding/akr/vendor/laravel/framework/src/Illuminate/Database/Query/Builder.php(2339): Illuminate\Database\Query\Builder->onceWithColumns(Array, Object(Closure))
#8 /home/abraham/Documents/coding/akr/vendor/laravel/framework/src/Illuminate/Database/Eloquent/Builder.php(602): Illuminate\Database\Query\Builder->get(Array)
#9 /home/abraham/Documents/coding/akr/vendor/laravel/framework/src/Illuminate/Database/Eloquent/Builder.php(586): Illuminate\Database\Eloquent\Builder->getModels(Array)
#10 /home/abraham/Documents/coding/akr/app/Http/Controllers/LiquidationCryptoController.php(49): Illuminate\Database\Eloquent\Builder->get()
#11 /home/abraham/Documents/coding/akr/app/Http/Controllers/LiquidationCryptoController.php(21): App\Http\Controllers\LiquidationCryptoController->getTotalCryptos(Array, NULL)
#12 /home/abraham/Documents/coding/akr/vendor/laravel/framework/src/Illuminate/Routing/Controller.php(54): App\Http\Controllers\LiquidationCryptoController->index()
#13 /home/abraham/Documents/coding/akr/vendor/laravel/framework/src/Illuminate/Routing/ControllerDispatcher.php(45): Illuminate\Routing\Controller->callAction('index', Array)
#14 /home/abraham/Documents/coding/akr/vendor/laravel/framework/src/Illuminate/Routing/Route.php(254): Illuminate\Routing\ControllerDispatcher->dispatch(Object(Illuminate\Routing\Route), Object(App\Http\Controllers\LiquidationCryptoController), 'index')
#15 /home/abraham/Documents/coding/akr/vendor/laravel/framework/src/Illuminate/Routing/Route.php(197): Illuminate\Routing\Route->runController()
#16 /home/abraham/Documents/coding/akr/vendor/laravel/framework/src/Illuminate/Routing/Router.php(695): Illuminate\Routing\Route->run()
#17 /home/abraham/Documents/coding/akr/vendor/laravel/framework/src/Illuminate/Pipeline/Pipeline.php(128): Illuminate\Routing\Router->Illuminate\Routing\{closure}(Object(Illuminate\Http\Request))
#18 /home/abraham/Documents/coding/akr/app/Http/Middleware/CheckRole.php(21): Illuminate\Pipeline\Pipeline->Illuminate\Pipeline\{closure}(Object(Illuminate\Http\Request))
#19 /home/abraham/Documents/coding/akr/vendor/laravel/framework/src/Illuminate/Pipeline/Pipeline.php(167): App\Http\Middleware\CheckRole->handle(Object(Illuminate\Http\Request), Object(Closure))
#20 /home/abraham/Documents/coding/akr/app/Http/Middleware/Menu.php(28): Illuminate\Pipeline\Pipeline->Illuminate\Pipeline\{closure}(Object(Illuminate\Http\Request))
#21 /home/abraham/Documents/coding/akr/vendor/laravel/framework/src/Illuminate/Pipeline/Pipeline.php(167): App\Http\Middleware\Menu->handle(Object(Illuminate\Http\Request), Object(Closure))
#22 /home/abraham/Documents/coding/akr/vendor/laravel/framework/src/Illuminate/Routing/Middleware/SubstituteBindings.php(50): Illuminate\Pipeline\Pipeline->Illuminate\Pipeline\{closure}(Object(Illuminate\Http\Request))
#23 /home/abraham/Documents/coding/akr/vendor/laravel/framework/src/Illuminate/Pipeline/Pipeline.php(167): Illuminate\Routing\Middleware\SubstituteBindings->handle(Object(Illuminate\Http\Request), Object(Closure))
#24 /home/abraham/Documents/coding/akr/vendor/laravel/framework/src/Illuminate/Auth/Middleware/Authenticate.php(44): Illuminate\Pipeline\Pipeline->Illuminate\Pipeline\{closure}(Object(Illuminate\Http\Request))
#25 /home/abraham/Documents/coding/akr/vendor/laravel/framework/src/Illuminate/Pipeline/Pipeline.php(167): Illuminate\Auth\Middleware\Authenticate->handle(Object(Illuminate\Http\Request), Object(Closure))
#26 /home/abraham/Documents/coding/akr/vendor/laravel/framework/src/Illuminate/Foundation/Http/Middleware/VerifyCsrfToken.php(78): Illuminate\Pipeline\Pipeline->Illuminate\Pipeline\{closure}(Object(Illuminate\Http\Request))
#27 /home/abraham/Documents/coding/akr/vendor/laravel/framework/src/Illuminate/Pipeline/Pipeline.php(167): Illuminate\Foundation\Http\Middleware\VerifyCsrfToken->handle(Object(Illuminate\Http\Request), Object(Closure))
#28 /home/abraham/Documents/coding/akr/vendor/laravel/framework/src/Illuminate/View/Middleware/ShareErrorsFromSession.php(49): Illuminate\Pipeline\Pipeline->Illuminate\Pipeline\{closure}(Object(Illuminate\Http\Request))
#29 /home/abraham/Documents/coding/akr/vendor/laravel/framework/src/Illuminate/Pipeline/Pipeline.php(167): Illuminate\View\Middleware\ShareErrorsFromSession->handle(Object(Illuminate\Http\Request), Object(Closure))
#30 /home/abraham/Documents/coding/akr/vendor/laravel/framework/src/Illuminate/Session/Middleware/StartSession.php(121): Illuminate\Pipeline\Pipeline->Illuminate\Pipeline\{closure}(Object(Illuminate\Http\Request))
#31 /home/abraham/Documents/coding/akr/vendor/laravel/framework/src/Illuminate/Session/Middleware/StartSession.php(64): Illuminate\Session\Middleware\StartSession->handleStatefulRequest(Object(Illuminate\Http\Request), Object(Illuminate\Session\Store), Object(Closure))
#32 /home/abraham/Documents/coding/akr/vendor/laravel/framework/src/Illuminate/Pipeline/Pipeline.php(167): Illuminate\Session\Middleware\StartSession->handle(Object(Illuminate\Http\Request), Object(Closure))
#33 /home/abraham/Documents/coding/akr/vendor/laravel/framework/src/Illuminate/Cookie/Middleware/AddQueuedCookiesToResponse.php(37): Illuminate\Pipeline\Pipeline->Illuminate\Pipeline\{closure}(Object(Illuminate\Http\Request))
#34 /home/abraham/Documents/coding/akr/vendor/laravel/framework/src/Illuminate/Pipeline/Pipeline.php(167): Illuminate\Cookie\Middleware\AddQueuedCookiesToResponse->handle(Object(Illuminate\Http\Request), Object(Closure))
#35 /home/abraham/Documents/coding/akr/vendor/laravel/framework/src/Illuminate/Cookie/Middleware/EncryptCookies.php(67): Illuminate\Pipeline\Pipeline->Illuminate\Pipeline\{closure}(Object(Illuminate\Http\Request))
#36 /home/abraham/Documents/coding/akr/vendor/laravel/framework/src/Illuminate/Pipeline/Pipeline.php(167): Illuminate\Cookie\Middleware\EncryptCookies->handle(Object(Illuminate\Http\Request), Object(Closure))
#37 /home/abraham/Documents/coding/akr/vendor/laravel/framework/src/Illuminate/Pipeline/Pipeline.php(103): Illuminate\Pipeline\Pipeline->Illuminate\Pipeline\{closure}(Object(Illuminate\Http\Request))
#38 /home/abraham/Documents/coding/akr/vendor/laravel/framework/src/Illuminate/Routing/Router.php(697): Illuminate\Pipeline\Pipeline->then(Object(Closure))
#39 /home/abraham/Documents/coding/akr/vendor/laravel/framework/src/Illuminate/Routing/Router.php(672): Illuminate\Routing\Router->runRouteWithinStack(Object(Illuminate\Routing\Route), Object(Illuminate\Http\Request))
#40 /home/abraham/Documents/coding/akr/vendor/laravel/framework/src/Illuminate/Routing/Router.php(636): Illuminate\Routing\Router->runRoute(Object(Illuminate\Http\Request), Object(Illuminate\Routing\Route))
#41 /home/abraham/Documents/coding/akr/vendor/laravel/framework/src/Illuminate/Routing/Router.php(625): Illuminate\Routing\Router->dispatchToRoute(Object(Illuminate\Http\Request))
#42 /home/abraham/Documents/coding/akr/vendor/laravel/framework/src/Illuminate/Foundation/Http/Kernel.php(166): Illuminate\Routing\Router->dispatch(Object(Illuminate\Http\Request))
#43 /home/abraham/Documents/coding/akr/vendor/laravel/framework/src/Illuminate/Pipeline/Pipeline.php(128): Illuminate\Foundation\Http\Kernel->Illuminate\Foundation\Http\{closure}(Object(Illuminate\Http\Request))
#44 /home/abraham/Documents/coding/akr/vendor/laravel/framework/src/Illuminate/Foundation/Http/Middleware/TransformsRequest.php(21): Illuminate\Pipeline\Pipeline->Illuminate\Pipeline\{closure}(Object(Illuminate\Http\Request))
#45 /home/abraham/Documents/coding/akr/vendor/laravel/framework/src/Illuminate/Foundation/Http/Middleware/ConvertEmptyStringsToNull.php(31): Illuminate\Foundation\Http\Middleware\TransformsRequest->handle(Object(Illuminate\Http\Request), Object(Closure))
#46 /home/abraham/Documents/coding/akr/vendor/laravel/framework/src/Illuminate/Pipeline/Pipeline.php(167): Illuminate\Foundation\Http\Middleware\ConvertEmptyStringsToNull->handle(Object(Illuminate\Http\Request), Object(Closure))
#47 /home/abraham/Documents/coding/akr/vendor/laravel/framework/src/Illuminate/Foundation/Http/Middleware/TransformsRequest.php(21): Illuminate\Pipeline\Pipeline->Illuminate\Pipeline\{closure}(Object(Illuminate\Http\Request))
#48 /home/abraham/Documents/coding/akr/vendor/laravel/framework/src/Illuminate/Foundation/Http/Middleware/TrimStrings.php(40): Illuminate\Foundation\Http\Middleware\TransformsRequest->handle(Object(Illuminate\Http\Request), Object(Closure))
#49 /home/abraham/Documents/coding/akr/vendor/laravel/framework/src/Illuminate/Pipeline/Pipeline.php(167): Illuminate\Foundation\Http\Middleware\TrimStrings->handle(Object(Illuminate\Http\Request), Object(Closure))
#50 /home/abraham/Documents/coding/akr/vendor/laravel/framework/src/Illuminate/Foundation/Http/Middleware/ValidatePostSize.php(27): Illuminate\Pipeline\Pipeline->Illuminate\Pipeline\{closure}(Object(Illuminate\Http\Request))
#51 /home/abraham/Documents/coding/akr/vendor/laravel/framework/src/Illuminate/Pipeline/Pipeline.php(167): Illuminate\Foundation\Http\Middleware\ValidatePostSize->handle(Object(Illuminate\Http\Request), Object(Closure))
#52 /home/abraham/Documents/coding/akr/vendor/laravel/framework/src/Illuminate/Foundation/Http/Middleware/PreventRequestsDuringMaintenance.php(86): Illuminate\Pipeline\Pipeline->Illuminate\Pipeline\{closure}(Object(Illuminate\Http\Request))
#53 /home/abraham/Documents/coding/akr/vendor/laravel/framework/src/Illuminate/Pipeline/Pipeline.php(167): Illuminate\Foundation\Http\Middleware\PreventRequestsDuringMaintenance->handle(Object(Illuminate\Http\Request), Object(Closure))
#54 /home/abraham/Documents/coding/akr/vendor/fruitcake/laravel-cors/src/HandleCors.php(38): Illuminate\Pipeline\Pipeline->Illuminate\Pipeline\{closure}(Object(Illuminate\Http\Request))
#55 /home/abraham/Documents/coding/akr/vendor/laravel/framework/src/Illuminate/Pipeline/Pipeline.php(167): Fruitcake\Cors\HandleCors->handle(Object(Illuminate\Http\Request), Object(Closure))
#56 /home/abraham/Documents/coding/akr/vendor/fideloper/proxy/src/TrustProxies.php(57): Illuminate\Pipeline\Pipeline->Illuminate\Pipeline\{closure}(Object(Illuminate\Http\Request))
#57 /home/abraham/Documents/coding/akr/vendor/laravel/framework/src/Illuminate/Pipeline/Pipeline.php(167): Fideloper\Proxy\TrustProxies->handle(Object(Illuminate\Http\Request), Object(Closure))
#58 /home/abraham/Documents/coding/akr/vendor/laravel/framework/src/Illuminate/Pipeline/Pipeline.php(103): Illuminate\Pipeline\Pipeline->Illuminate\Pipeline\{closure}(Object(Illuminate\Http\Request))
#59 /home/abraham/Documents/coding/akr/vendor/laravel/framework/src/Illuminate/Foundation/Http/Kernel.php(141): Illuminate\Pipeline\Pipeline->then(Object(Closure))
#60 /home/abraham/Documents/coding/akr/vendor/laravel/framework/src/Illuminate/Foundation/Http/Kernel.php(110): Illuminate\Foundation\Http\Kernel->sendRequestThroughRouter(Object(Illuminate\Http\Request))
#61 /home/abraham/Documents/coding/akr/public/index.php(55): Illuminate\Foundation\Http\Kernel->handle(Object(Illuminate\Http\Request))
#62 /home/abraham/Documents/coding/akr/server.php(21): require_once('/home/abraham/D...')
#63 {main}

Next Illuminate\Database\QueryException: SQLSTATE[42S02]: Base table or view not found: 1146 Table 'akr_project.crypto_value' doesn't exist (SQL: select sum(cantidad) as total, `iduser` from `crypto_value` where (`status` = 0 and `liquidation_crypto_id` is null) group by `iduser`) in /home/abraham/Documents/coding/akr/vendor/laravel/framework/src/Illuminate/Database/Connection.php:692
Stack trace:
#0 /home/abraham/Documents/coding/akr/vendor/laravel/framework/src/Illuminate/Database/Connection.php(652): Illuminate\Database\Connection->runQueryCallback('select sum(cant...', Array, Object(Closure))
#1 /home/abraham/Documents/coding/akr/vendor/laravel/framework/src/Illuminate/Database/Connection.php(360): Illuminate\Database\Connection->run('select sum(cant...', Array, Object(Closure))
#2 /home/abraham/Documents/coding/akr/vendor/laravel/framework/src/Illuminate/Database/Query/Builder.php(2350): Illuminate\Database\Connection->select('select sum(cant...', Array, true)
#3 /home/abraham/Documents/coding/akr/vendor/laravel/framework/src/Illuminate/Database/Query/Builder.php(2338): Illuminate\Database\Query\Builder->runSelect()
#4 /home/abraham/Documents/coding/akr/vendor/laravel/framework/src/Illuminate/Database/Query/Builder.php(2872): Illuminate\Database\Query\Builder->Illuminate\Database\Query\{closure}()
#5 /home/abraham/Documents/coding/akr/vendor/laravel/framework/src/Illuminate/Database/Query/Builder.php(2339): Illuminate\Database\Query\Builder->onceWithColumns(Array, Object(Closure))
#6 /home/abraham/Documents/coding/akr/vendor/laravel/framework/src/Illuminate/Database/Eloquent/Builder.php(602): Illuminate\Database\Query\Builder->get(Array)
#7 /home/abraham/Documents/coding/akr/vendor/laravel/framework/src/Illuminate/Database/Eloquent/Builder.php(586): Illuminate\Database\Eloquent\Builder->getModels(Array)
#8 /home/abraham/Documents/coding/akr/app/Http/Controllers/LiquidationCryptoController.php(49): Illuminate\Database\Eloquent\Builder->get()
#9 /home/abraham/Documents/coding/akr/app/Http/Controllers/LiquidationCryptoController.php(21): App\Http\Controllers\LiquidationCryptoController->getTotalCryptos(Array, NULL)
#10 /home/abraham/Documents/coding/akr/vendor/laravel/framework/src/Illuminate/Routing/Controller.php(54): App\Http\Controllers\LiquidationCryptoController->index()
#11 /home/abraham/Documents/coding/akr/vendor/laravel/framework/src/Illuminate/Routing/ControllerDispatcher.php(45): Illuminate\Routing\Controller->callAction('index', Array)
#12 /home/abraham/Documents/coding/akr/vendor/laravel/framework/src/Illuminate/Routing/Route.php(254): Illuminate\Routing\ControllerDispatcher->dispatch(Object(Illuminate\Routing\Route), Object(App\Http\Controllers\LiquidationCryptoController), 'index')
#13 /home/abraham/Documents/coding/akr/vendor/laravel/framework/src/Illuminate/Routing/Route.php(197): Illuminate\Routing\Route->runController()
#14 /home/abraham/Documents/coding/akr/vendor/laravel/framework/src/Illuminate/Routing/Router.php(695): Illuminate\Routing\Route->run()
#15 /home/abraham/Documents/coding/akr/vendor/laravel/framework/src/Illuminate/Pipeline/Pipeline.php(128): Illuminate\Routing\Router->Illuminate\Routing\{closure}(Object(Illuminate\Http\Request))
#16 /home/abraham/Documents/coding/akr/app/Http/Middleware/CheckRole.php(21): Illuminate\Pipeline\Pipeline->Illuminate\Pipeline\{closure}(Object(Illuminate\Http\Request))
#17 /home/abraham/Documents/coding/akr/vendor/laravel/framework/src/Illuminate/Pipeline/Pipeline.php(167): App\Http\Middleware\CheckRole->handle(Object(Illuminate\Http\Request), Object(Closure))
#18 /home/abraham/Documents/coding/akr/app/Http/Middleware/Menu.php(28): Illuminate\Pipeline\Pipeline->Illuminate\Pipeline\{closure}(Object(Illuminate\Http\Request))
#19 /home/abraham/Documents/coding/akr/vendor/laravel/framework/src/Illuminate/Pipeline/Pipeline.php(167): App\Http\Middleware\Menu->handle(Object(Illuminate\Http\Request), Object(Closure))
#20 /home/abraham/Documents/coding/akr/vendor/laravel/framework/src/Illuminate/Routing/Middleware/SubstituteBindings.php(50): Illuminate\Pipeline\Pipeline->Illuminate\Pipeline\{closure}(Object(Illuminate\Http\Request))
#21 /home/abraham/Documents/coding/akr/vendor/laravel/framework/src/Illuminate/Pipeline/Pipeline.php(167): Illuminate\Routing\Middleware\SubstituteBindings->handle(Object(Illuminate\Http\Request), Object(Closure))
#22 /home/abraham/Documents/coding/akr/vendor/laravel/framework/src/Illuminate/Auth/Middleware/Authenticate.php(44): Illuminate\Pipeline\Pipeline->Illuminate\Pipeline\{closure}(Object(Illuminate\Http\Request))
#23 /home/abraham/Documents/coding/akr/vendor/laravel/framework/src/Illuminate/Pipeline/Pipeline.php(167): Illuminate\Auth\Middleware\Authenticate->handle(Object(Illuminate\Http\Request), Object(Closure))
#24 /home/abraham/Documents/coding/akr/vendor/laravel/framework/src/Illuminate/Foundation/Http/Middleware/VerifyCsrfToken.php(78): Illuminate\Pipeline\Pipeline->Illuminate\Pipeline\{closure}(Object(Illuminate\Http\Request))
#25 /home/abraham/Documents/coding/akr/vendor/laravel/framework/src/Illuminate/Pipeline/Pipeline.php(167): Illuminate\Foundation\Http\Middleware\VerifyCsrfToken->handle(Object(Illuminate\Http\Request), Object(Closure))
#26 /home/abraham/Documents/coding/akr/vendor/laravel/framework/src/Illuminate/View/Middleware/ShareErrorsFromSession.php(49): Illuminate\Pipeline\Pipeline->Illuminate\Pipeline\{closure}(Object(Illuminate\Http\Request))
#27 /home/abraham/Documents/coding/akr/vendor/laravel/framework/src/Illuminate/Pipeline/Pipeline.php(167): Illuminate\View\Middleware\ShareErrorsFromSession->handle(Object(Illuminate\Http\Request), Object(Closure))
#28 /home/abraham/Documents/coding/akr/vendor/laravel/framework/src/Illuminate/Session/Middleware/StartSession.php(121): Illuminate\Pipeline\Pipeline->Illuminate\Pipeline\{closure}(Object(Illuminate\Http\Request))
#29 /home/abraham/Documents/coding/akr/vendor/laravel/framework/src/Illuminate/Session/Middleware/StartSession.php(64): Illuminate\Session\Middleware\StartSession->handleStatefulRequest(Object(Illuminate\Http\Request), Object(Illuminate\Session\Store), Object(Closure))
#30 /home/abraham/Documents/coding/akr/vendor/laravel/framework/src/Illuminate/Pipeline/Pipeline.php(167): Illuminate\Session\Middleware\StartSession->handle(Object(Illuminate\Http\Request), Object(Closure))
#31 /home/abraham/Documents/coding/akr/vendor/laravel/framework/src/Illuminate/Cookie/Middleware/AddQueuedCookiesToResponse.php(37): Illuminate\Pipeline\Pipeline->Illuminate\Pipeline\{closure}(Object(Illuminate\Http\Request))
#32 /home/abraham/Documents/coding/akr/vendor/laravel/framework/src/Illuminate/Pipeline/Pipeline.php(167): Illuminate\Cookie\Middleware\AddQueuedCookiesToResponse->handle(Object(Illuminate\Http\Request), Object(Closure))
#33 /home/abraham/Documents/coding/akr/vendor/laravel/framework/src/Illuminate/Cookie/Middleware/EncryptCookies.php(67): Illuminate\Pipeline\Pipeline->Illuminate\Pipeline\{closure}(Object(Illuminate\Http\Request))
#34 /home/abraham/Documents/coding/akr/vendor/laravel/framework/src/Illuminate/Pipeline/Pipeline.php(167): Illuminate\Cookie\Middleware\EncryptCookies->handle(Object(Illuminate\Http\Request), Object(Closure))
#35 /home/abraham/Documents/coding/akr/vendor/laravel/framework/src/Illuminate/Pipeline/Pipeline.php(103): Illuminate\Pipeline\Pipeline->Illuminate\Pipeline\{closure}(Object(Illuminate\Http\Request))
#36 /home/abraham/Documents/coding/akr/vendor/laravel/framework/src/Illuminate/Routing/Router.php(697): Illuminate\Pipeline\Pipeline->then(Object(Closure))
#37 /home/abraham/Documents/coding/akr/vendor/laravel/framework/src/Illuminate/Routing/Router.php(672): Illuminate\Routing\Router->runRouteWithinStack(Object(Illuminate\Routing\Route), Object(Illuminate\Http\Request))
#38 /home/abraham/Documents/coding/akr/vendor/laravel/framework/src/Illuminate/Routing/Router.php(636): Illuminate\Routing\Router->runRoute(Object(Illuminate\Http\Request), Object(Illuminate\Routing\Route))
#39 /home/abraham/Documents/coding/akr/vendor/laravel/framework/src/Illuminate/Routing/Router.php(625): Illuminate\Routing\Router->dispatchToRoute(Object(Illuminate\Http\Request))
#40 /home/abraham/Documents/coding/akr/vendor/laravel/framework/src/Illuminate/Foundation/Http/Kernel.php(166): Illuminate\Routing\Router->dispatch(Object(Illuminate\Http\Request))
#41 /home/abraham/Documents/coding/akr/vendor/laravel/framework/src/Illuminate/Pipeline/Pipeline.php(128): Illuminate\Foundation\Http\Kernel->Illuminate\Foundation\Http\{closure}(Object(Illuminate\Http\Request))
#42 /home/abraham/Documents/coding/akr/vendor/laravel/framework/src/Illuminate/Foundation/Http/Middleware/TransformsRequest.php(21): Illuminate\Pipeline\Pipeline->Illuminate\Pipeline\{closure}(Object(Illuminate\Http\Request))
#43 /home/abraham/Documents/coding/akr/vendor/laravel/framework/src/Illuminate/Foundation/Http/Middleware/ConvertEmptyStringsToNull.php(31): Illuminate\Foundation\Http\Middleware\TransformsRequest->handle(Object(Illuminate\Http\Request), Object(Closure))
#44 /home/abraham/Documents/coding/akr/vendor/laravel/framework/src/Illuminate/Pipeline/Pipeline.php(167): Illuminate\Foundation\Http\Middleware\ConvertEmptyStringsToNull->handle(Object(Illuminate\Http\Request), Object(Closure))
#45 /home/abraham/Documents/coding/akr/vendor/laravel/framework/src/Illuminate/Foundation/Http/Middleware/TransformsRequest.php(21): Illuminate\Pipeline\Pipeline->Illuminate\Pipeline\{closure}(Object(Illuminate\Http\Request))
#46 /home/abraham/Documents/coding/akr/vendor/laravel/framework/src/Illuminate/Foundation/Http/Middleware/TrimStrings.php(40): Illuminate\Foundation\Http\Middleware\TransformsRequest->handle(Object(Illuminate\Http\Request), Object(Closure))
#47 /home/abraham/Documents/coding/akr/vendor/laravel/framework/src/Illuminate/Pipeline/Pipeline.php(167): Illuminate\Foundation\Http\Middleware\TrimStrings->handle(Object(Illuminate\Http\Request), Object(Closure))
#48 /home/abraham/Documents/coding/akr/vendor/laravel/framework/src/Illuminate/Foundation/Http/Middleware/ValidatePostSize.php(27): Illuminate\Pipeline\Pipeline->Illuminate\Pipeline\{closure}(Object(Illuminate\Http\Request))
#49 /home/abraham/Documents/coding/akr/vendor/laravel/framework/src/Illuminate/Pipeline/Pipeline.php(167): Illuminate\Foundation\Http\Middleware\ValidatePostSize->handle(Object(Illuminate\Http\Request), Object(Closure))
#50 /home/abraham/Documents/coding/akr/vendor/laravel/framework/src/Illuminate/Foundation/Http/Middleware/PreventRequestsDuringMaintenance.php(86): Illuminate\Pipeline\Pipeline->Illuminate\Pipeline\{closure}(Object(Illuminate\Http\Request))
#51 /home/abraham/Documents/coding/akr/vendor/laravel/framework/src/Illuminate/Pipeline/Pipeline.php(167): Illuminate\Foundation\Http\Middleware\PreventRequestsDuringMaintenance->handle(Object(Illuminate\Http\Request), Object(Closure))
#52 /home/abraham/Documents/coding/akr/vendor/fruitcake/laravel-cors/src/HandleCors.php(38): Illuminate\Pipeline\Pipeline->Illuminate\Pipeline\{closure}(Object(Illuminate\Http\Request))
#53 /home/abraham/Documents/coding/akr/vendor/laravel/framework/src/Illuminate/Pipeline/Pipeline.php(167): Fruitcake\Cors\HandleCors->handle(Object(Illuminate\Http\Request), Object(Closure))
#54 /home/abraham/Documents/coding/akr/vendor/fideloper/proxy/src/TrustProxies.php(57): Illuminate\Pipeline\Pipeline->Illuminate\Pipeline\{closure}(Object(Illuminate\Http\Request))
#55 /home/abraham/Documents/coding/akr/vendor/laravel/framework/src/Illuminate/Pipeline/Pipeline.php(167): Fideloper\Proxy\TrustProxies->handle(Object(Illuminate\Http\Request), Object(Closure))
#56 /home/abraham/Documents/coding/akr/vendor/laravel/framework/src/Illuminate/Pipeline/Pipeline.php(103): Illuminate\Pipeline\Pipeline->Illuminate\Pipeline\{closure}(Object(Illuminate\Http\Request))
#57 /home/abraham/Documents/coding/akr/vendor/laravel/framework/src/Illuminate/Foundation/Http/Kernel.php(141): Illuminate\Pipeline\Pipeline->then(Object(Closure))
#58 /home/abraham/Documents/coding/akr/vendor/laravel/framework/src/Illuminate/Foundation/Http/Kernel.php(110): Illuminate\Foundation\Http\Kernel->sendRequestThroughRouter(Object(Illuminate\Http\Request))
#59 /home/abraham/Documents/coding/akr/public/index.php(55): Illuminate\Foundation\Http\Kernel->handle(Object(Illuminate\Http\Request))
#60 /home/abraham/Documents/coding/akr/server.php(21): require_once('/home/abraham/D...')
#61 {main}  
[2021-08-13 16:28:47] local.ERROR: Liquidaction Crypto- index -> Error: Symfony\Component\HttpKernel\Exception\HttpException: Ocurrio un error, contacte con el administrador in /home/abraham/Documents/coding/akr/vendor/laravel/framework/src/Illuminate/Foundation/Application.php:1116
Stack trace:
#0 /home/abraham/Documents/coding/akr/vendor/laravel/framework/src/Illuminate/Foundation/helpers.php(44): Illuminate\Foundation\Application->abort(403, 'Ocurrio un erro...', Array)
#1 /home/abraham/Documents/coding/akr/app/Http/Controllers/LiquidationCryptoController.php(83): abort(403, 'Ocurrio un erro...')
#2 /home/abraham/Documents/coding/akr/app/Http/Controllers/LiquidationCryptoController.php(21): App\Http\Controllers\LiquidationCryptoController->getTotalCryptos(Array, NULL)
#3 /home/abraham/Documents/coding/akr/vendor/laravel/framework/src/Illuminate/Routing/Controller.php(54): App\Http\Controllers\LiquidationCryptoController->index()
#4 /home/abraham/Documents/coding/akr/vendor/laravel/framework/src/Illuminate/Routing/ControllerDispatcher.php(45): Illuminate\Routing\Controller->callAction('index', Array)
#5 /home/abraham/Documents/coding/akr/vendor/laravel/framework/src/Illuminate/Routing/Route.php(254): Illuminate\Routing\ControllerDispatcher->dispatch(Object(Illuminate\Routing\Route), Object(App\Http\Controllers\LiquidationCryptoController), 'index')
#6 /home/abraham/Documents/coding/akr/vendor/laravel/framework/src/Illuminate/Routing/Route.php(197): Illuminate\Routing\Route->runController()
#7 /home/abraham/Documents/coding/akr/vendor/laravel/framework/src/Illuminate/Routing/Router.php(695): Illuminate\Routing\Route->run()
#8 /home/abraham/Documents/coding/akr/vendor/laravel/framework/src/Illuminate/Pipeline/Pipeline.php(128): Illuminate\Routing\Router->Illuminate\Routing\{closure}(Object(Illuminate\Http\Request))
#9 /home/abraham/Documents/coding/akr/app/Http/Middleware/CheckRole.php(21): Illuminate\Pipeline\Pipeline->Illuminate\Pipeline\{closure}(Object(Illuminate\Http\Request))
#10 /home/abraham/Documents/coding/akr/vendor/laravel/framework/src/Illuminate/Pipeline/Pipeline.php(167): App\Http\Middleware\CheckRole->handle(Object(Illuminate\Http\Request), Object(Closure))
#11 /home/abraham/Documents/coding/akr/app/Http/Middleware/Menu.php(28): Illuminate\Pipeline\Pipeline->Illuminate\Pipeline\{closure}(Object(Illuminate\Http\Request))
#12 /home/abraham/Documents/coding/akr/vendor/laravel/framework/src/Illuminate/Pipeline/Pipeline.php(167): App\Http\Middleware\Menu->handle(Object(Illuminate\Http\Request), Object(Closure))
#13 /home/abraham/Documents/coding/akr/vendor/laravel/framework/src/Illuminate/Routing/Middleware/SubstituteBindings.php(50): Illuminate\Pipeline\Pipeline->Illuminate\Pipeline\{closure}(Object(Illuminate\Http\Request))
#14 /home/abraham/Documents/coding/akr/vendor/laravel/framework/src/Illuminate/Pipeline/Pipeline.php(167): Illuminate\Routing\Middleware\SubstituteBindings->handle(Object(Illuminate\Http\Request), Object(Closure))
#15 /home/abraham/Documents/coding/akr/vendor/laravel/framework/src/Illuminate/Auth/Middleware/Authenticate.php(44): Illuminate\Pipeline\Pipeline->Illuminate\Pipeline\{closure}(Object(Illuminate\Http\Request))
#16 /home/abraham/Documents/coding/akr/vendor/laravel/framework/src/Illuminate/Pipeline/Pipeline.php(167): Illuminate\Auth\Middleware\Authenticate->handle(Object(Illuminate\Http\Request), Object(Closure))
#17 /home/abraham/Documents/coding/akr/vendor/laravel/framework/src/Illuminate/Foundation/Http/Middleware/VerifyCsrfToken.php(78): Illuminate\Pipeline\Pipeline->Illuminate\Pipeline\{closure}(Object(Illuminate\Http\Request))
#18 /home/abraham/Documents/coding/akr/vendor/laravel/framework/src/Illuminate/Pipeline/Pipeline.php(167): Illuminate\Foundation\Http\Middleware\VerifyCsrfToken->handle(Object(Illuminate\Http\Request), Object(Closure))
#19 /home/abraham/Documents/coding/akr/vendor/laravel/framework/src/Illuminate/View/Middleware/ShareErrorsFromSession.php(49): Illuminate\Pipeline\Pipeline->Illuminate\Pipeline\{closure}(Object(Illuminate\Http\Request))
#20 /home/abraham/Documents/coding/akr/vendor/laravel/framework/src/Illuminate/Pipeline/Pipeline.php(167): Illuminate\View\Middleware\ShareErrorsFromSession->handle(Object(Illuminate\Http\Request), Object(Closure))
#21 /home/abraham/Documents/coding/akr/vendor/laravel/framework/src/Illuminate/Session/Middleware/StartSession.php(121): Illuminate\Pipeline\Pipeline->Illuminate\Pipeline\{closure}(Object(Illuminate\Http\Request))
#22 /home/abraham/Documents/coding/akr/vendor/laravel/framework/src/Illuminate/Session/Middleware/StartSession.php(64): Illuminate\Session\Middleware\StartSession->handleStatefulRequest(Object(Illuminate\Http\Request), Object(Illuminate\Session\Store), Object(Closure))
#23 /home/abraham/Documents/coding/akr/vendor/laravel/framework/src/Illuminate/Pipeline/Pipeline.php(167): Illuminate\Session\Middleware\StartSession->handle(Object(Illuminate\Http\Request), Object(Closure))
#24 /home/abraham/Documents/coding/akr/vendor/laravel/framework/src/Illuminate/Cookie/Middleware/AddQueuedCookiesToResponse.php(37): Illuminate\Pipeline\Pipeline->Illuminate\Pipeline\{closure}(Object(Illuminate\Http\Request))
#25 /home/abraham/Documents/coding/akr/vendor/laravel/framework/src/Illuminate/Pipeline/Pipeline.php(167): Illuminate\Cookie\Middleware\AddQueuedCookiesToResponse->handle(Object(Illuminate\Http\Request), Object(Closure))
#26 /home/abraham/Documents/coding/akr/vendor/laravel/framework/src/Illuminate/Cookie/Middleware/EncryptCookies.php(67): Illuminate\Pipeline\Pipeline->Illuminate\Pipeline\{closure}(Object(Illuminate\Http\Request))
#27 /home/abraham/Documents/coding/akr/vendor/laravel/framework/src/Illuminate/Pipeline/Pipeline.php(167): Illuminate\Cookie\Middleware\EncryptCookies->handle(Object(Illuminate\Http\Request), Object(Closure))
#28 /home/abraham/Documents/coding/akr/vendor/laravel/framework/src/Illuminate/Pipeline/Pipeline.php(103): Illuminate\Pipeline\Pipeline->Illuminate\Pipeline\{closure}(Object(Illuminate\Http\Request))
#29 /home/abraham/Documents/coding/akr/vendor/laravel/framework/src/Illuminate/Routing/Router.php(697): Illuminate\Pipeline\Pipeline->then(Object(Closure))
#30 /home/abraham/Documents/coding/akr/vendor/laravel/framework/src/Illuminate/Routing/Router.php(672): Illuminate\Routing\Router->runRouteWithinStack(Object(Illuminate\Routing\Route), Object(Illuminate\Http\Request))
#31 /home/abraham/Documents/coding/akr/vendor/laravel/framework/src/Illuminate/Routing/Router.php(636): Illuminate\Routing\Router->runRoute(Object(Illuminate\Http\Request), Object(Illuminate\Routing\Route))
#32 /home/abraham/Documents/coding/akr/vendor/laravel/framework/src/Illuminate/Routing/Router.php(625): Illuminate\Routing\Router->dispatchToRoute(Object(Illuminate\Http\Request))
#33 /home/abraham/Documents/coding/akr/vendor/laravel/framework/src/Illuminate/Foundation/Http/Kernel.php(166): Illuminate\Routing\Router->dispatch(Object(Illuminate\Http\Request))
#34 /home/abraham/Documents/coding/akr/vendor/laravel/framework/src/Illuminate/Pipeline/Pipeline.php(128): Illuminate\Foundation\Http\Kernel->Illuminate\Foundation\Http\{closure}(Object(Illuminate\Http\Request))
#35 /home/abraham/Documents/coding/akr/vendor/laravel/framework/src/Illuminate/Foundation/Http/Middleware/TransformsRequest.php(21): Illuminate\Pipeline\Pipeline->Illuminate\Pipeline\{closure}(Object(Illuminate\Http\Request))
#36 /home/abraham/Documents/coding/akr/vendor/laravel/framework/src/Illuminate/Foundation/Http/Middleware/ConvertEmptyStringsToNull.php(31): Illuminate\Foundation\Http\Middleware\TransformsRequest->handle(Object(Illuminate\Http\Request), Object(Closure))
#37 /home/abraham/Documents/coding/akr/vendor/laravel/framework/src/Illuminate/Pipeline/Pipeline.php(167): Illuminate\Foundation\Http\Middleware\ConvertEmptyStringsToNull->handle(Object(Illuminate\Http\Request), Object(Closure))
#38 /home/abraham/Documents/coding/akr/vendor/laravel/framework/src/Illuminate/Foundation/Http/Middleware/TransformsRequest.php(21): Illuminate\Pipeline\Pipeline->Illuminate\Pipeline\{closure}(Object(Illuminate\Http\Request))
#39 /home/abraham/Documents/coding/akr/vendor/laravel/framework/src/Illuminate/Foundation/Http/Middleware/TrimStrings.php(40): Illuminate\Foundation\Http\Middleware\TransformsRequest->handle(Object(Illuminate\Http\Request), Object(Closure))
#40 /home/abraham/Documents/coding/akr/vendor/laravel/framework/src/Illuminate/Pipeline/Pipeline.php(167): Illuminate\Foundation\Http\Middleware\TrimStrings->handle(Object(Illuminate\Http\Request), Object(Closure))
#41 /home/abraham/Documents/coding/akr/vendor/laravel/framework/src/Illuminate/Foundation/Http/Middleware/ValidatePostSize.php(27): Illuminate\Pipeline\Pipeline->Illuminate\Pipeline\{closure}(Object(Illuminate\Http\Request))
#42 /home/abraham/Documents/coding/akr/vendor/laravel/framework/src/Illuminate/Pipeline/Pipeline.php(167): Illuminate\Foundation\Http\Middleware\ValidatePostSize->handle(Object(Illuminate\Http\Request), Object(Closure))
#43 /home/abraham/Documents/coding/akr/vendor/laravel/framework/src/Illuminate/Foundation/Http/Middleware/PreventRequestsDuringMaintenance.php(86): Illuminate\Pipeline\Pipeline->Illuminate\Pipeline\{closure}(Object(Illuminate\Http\Request))
#44 /home/abraham/Documents/coding/akr/vendor/laravel/framework/src/Illuminate/Pipeline/Pipeline.php(167): Illuminate\Foundation\Http\Middleware\PreventRequestsDuringMaintenance->handle(Object(Illuminate\Http\Request), Object(Closure))
#45 /home/abraham/Documents/coding/akr/vendor/fruitcake/laravel-cors/src/HandleCors.php(38): Illuminate\Pipeline\Pipeline->Illuminate\Pipeline\{closure}(Object(Illuminate\Http\Request))
#46 /home/abraham/Documents/coding/akr/vendor/laravel/framework/src/Illuminate/Pipeline/Pipeline.php(167): Fruitcake\Cors\HandleCors->handle(Object(Illuminate\Http\Request), Object(Closure))
#47 /home/abraham/Documents/coding/akr/vendor/fideloper/proxy/src/TrustProxies.php(57): Illuminate\Pipeline\Pipeline->Illuminate\Pipeline\{closure}(Object(Illuminate\Http\Request))
#48 /home/abraham/Documents/coding/akr/vendor/laravel/framework/src/Illuminate/Pipeline/Pipeline.php(167): Fideloper\Proxy\TrustProxies->handle(Object(Illuminate\Http\Request), Object(Closure))
#49 /home/abraham/Documents/coding/akr/vendor/laravel/framework/src/Illuminate/Pipeline/Pipeline.php(103): Illuminate\Pipeline\Pipeline->Illuminate\Pipeline\{closure}(Object(Illuminate\Http\Request))
#50 /home/abraham/Documents/coding/akr/vendor/laravel/framework/src/Illuminate/Foundation/Http/Kernel.php(141): Illuminate\Pipeline\Pipeline->then(Object(Closure))
#51 /home/abraham/Documents/coding/akr/vendor/laravel/framework/src/Illuminate/Foundation/Http/Kernel.php(110): Illuminate\Foundation\Http\Kernel->sendRequestThroughRouter(Object(Illuminate\Http\Request))
#52 /home/abraham/Documents/coding/akr/public/index.php(55): Illuminate\Foundation\Http\Kernel->handle(Object(Illuminate\Http\Request))
#53 /home/abraham/Documents/coding/akr/server.php(21): require_once('/home/abraham/D...')
#54 {main}  
