[2021-07-16 13:32:04] local.ERROR: Target class [OrdenPurchaseSeeder] does not exist. {"exception":"[object] (Illuminate\\Contracts\\Container\\BindingResolutionException(code: 0): Target class [OrdenPurchaseSeeder] does not exist. at /opt/lampp/htdocs/akr/vendor/laravel/framework/src/Illuminate/Container/Container.php:875)
[stacktrace]
#0 /opt/lampp/htdocs/akr/vendor/laravel/framework/src/Illuminate/Container/Container.php(754): Illuminate\\Container\\Container->build()
#1 /opt/lampp/htdocs/akr/vendor/laravel/framework/src/Illuminate/Foundation/Application.php(841): Illuminate\\Container\\Container->resolve()
#2 /opt/lampp/htdocs/akr/vendor/laravel/framework/src/Illuminate/Container/Container.php(692): Illuminate\\Foundation\\Application->resolve()
#3 /opt/lampp/htdocs/akr/vendor/laravel/framework/src/Illuminate/Foundation/Application.php(826): Illuminate\\Container\\Container->make()
#4 /opt/lampp/htdocs/akr/vendor/laravel/framework/src/Illuminate/Database/Seeder.php(94): Illuminate\\Foundation\\Application->make()
#5 /opt/lampp/htdocs/akr/vendor/laravel/framework/src/Illuminate/Database/Seeder.php(39): Illuminate\\Database\\Seeder->resolve()
#6 /opt/lampp/htdocs/akr/database/seeders/DatabaseSeeder.php(16): Illuminate\\Database\\Seeder->call()
#7 /opt/lampp/htdocs/akr/vendor/laravel/framework/src/Illuminate/Container/BoundMethod.php(36): DatabaseSeeder->run()
#8 /opt/lampp/htdocs/akr/vendor/laravel/framework/src/Illuminate/Container/Util.php(40): Illuminate\\Container\\BoundMethod::Illuminate\\Container\\{closure}()
#9 /opt/lampp/htdocs/akr/vendor/laravel/framework/src/Illuminate/Container/BoundMethod.php(93): Illuminate\\Container\\Util::unwrapIfClosure()
#10 /opt/lampp/htdocs/akr/vendor/laravel/framework/src/Illuminate/Container/BoundMethod.php(37): Illuminate\\Container\\BoundMethod::callBoundMethod()
#11 /opt/lampp/htdocs/akr/vendor/laravel/framework/src/Illuminate/Container/Container.php(651): Illuminate\\Container\\BoundMethod::call()
#12 /opt/lampp/htdocs/akr/vendor/laravel/framework/src/Illuminate/Database/Seeder.php(149): Illuminate\\Container\\Container->call()
#13 /opt/lampp/htdocs/akr/vendor/laravel/framework/src/Illuminate/Database/Console/Seeds/SeedCommand.php(66): Illuminate\\Database\\Seeder->__invoke()
#14 /opt/lampp/htdocs/akr/vendor/laravel/framework/src/Illuminate/Database/Eloquent/Concerns/GuardsAttributes.php(157): Illuminate\\Database\\Console\\Seeds\\SeedCommand->Illuminate\\Database\\Console\\Seeds\\{closure}()
#15 /opt/lampp/htdocs/akr/vendor/laravel/framework/src/Illuminate/Database/Console/Seeds/SeedCommand.php(67): Illuminate\\Database\\Eloquent\\Model::unguarded()
#16 /opt/lampp/htdocs/akr/vendor/laravel/framework/src/Illuminate/Container/BoundMethod.php(36): Illuminate\\Database\\Console\\Seeds\\SeedCommand->handle()
#17 /opt/lampp/htdocs/akr/vendor/laravel/framework/src/Illuminate/Container/Util.php(40): Illuminate\\Container\\BoundMethod::Illuminate\\Container\\{closure}()
#18 /opt/lampp/htdocs/akr/vendor/laravel/framework/src/Illuminate/Container/BoundMethod.php(93): Illuminate\\Container\\Util::unwrapIfClosure()
#19 /opt/lampp/htdocs/akr/vendor/laravel/framework/src/Illuminate/Container/BoundMethod.php(37): Illuminate\\Container\\BoundMethod::callBoundMethod()
#20 /opt/lampp/htdocs/akr/vendor/laravel/framework/src/Illuminate/Container/Container.php(651): Illuminate\\Container\\BoundMethod::call()
#21 /opt/lampp/htdocs/akr/vendor/laravel/framework/src/Illuminate/Console/Command.php(136): Illuminate\\Container\\Container->call()
#22 /opt/lampp/htdocs/akr/vendor/symfony/console/Command/Command.php(299): Illuminate\\Console\\Command->execute()
#23 /opt/lampp/htdocs/akr/vendor/laravel/framework/src/Illuminate/Console/Command.php(121): Symfony\\Component\\Console\\Command\\Command->run()
#24 /opt/lampp/htdocs/akr/vendor/laravel/framework/src/Illuminate/Console/Concerns/CallsCommands.php(68): Illuminate\\Console\\Command->run()
#25 /opt/lampp/htdocs/akr/vendor/laravel/framework/src/Illuminate/Console/Concerns/CallsCommands.php(28): Illuminate\\Console\\Command->runCommand()
#26 /opt/lampp/htdocs/akr/vendor/laravel/framework/src/Illuminate/Database/Console/Migrations/FreshCommand.php(90): Illuminate\\Console\\Command->call()
#27 /opt/lampp/htdocs/akr/vendor/laravel/framework/src/Illuminate/Database/Console/Migrations/FreshCommand.php(65): Illuminate\\Database\\Console\\Migrations\\FreshCommand->runSeeder()
#28 /opt/lampp/htdocs/akr/vendor/laravel/framework/src/Illuminate/Container/BoundMethod.php(36): Illuminate\\Database\\Console\\Migrations\\FreshCommand->handle()
#29 /opt/lampp/htdocs/akr/vendor/laravel/framework/src/Illuminate/Container/Util.php(40): Illuminate\\Container\\BoundMethod::Illuminate\\Container\\{closure}()
#30 /opt/lampp/htdocs/akr/vendor/laravel/framework/src/Illuminate/Container/BoundMethod.php(93): Illuminate\\Container\\Util::unwrapIfClosure()
#31 /opt/lampp/htdocs/akr/vendor/laravel/framework/src/Illuminate/Container/BoundMethod.php(37): Illuminate\\Container\\BoundMethod::callBoundMethod()
#32 /opt/lampp/htdocs/akr/vendor/laravel/framework/src/Illuminate/Container/Container.php(651): Illuminate\\Container\\BoundMethod::call()
#33 /opt/lampp/htdocs/akr/vendor/laravel/framework/src/Illuminate/Console/Command.php(136): Illuminate\\Container\\Container->call()
#34 /opt/lampp/htdocs/akr/vendor/symfony/console/Command/Command.php(299): Illuminate\\Console\\Command->execute()
#35 /opt/lampp/htdocs/akr/vendor/laravel/framework/src/Illuminate/Console/Command.php(121): Symfony\\Component\\Console\\Command\\Command->run()
#36 /opt/lampp/htdocs/akr/vendor/symfony/console/Application.php(978): Illuminate\\Console\\Command->run()
#37 /opt/lampp/htdocs/akr/vendor/symfony/console/Application.php(295): Symfony\\Component\\Console\\Application->doRunCommand()
#38 /opt/lampp/htdocs/akr/vendor/symfony/console/Application.php(167): Symfony\\Component\\Console\\Application->doRun()
#39 /opt/lampp/htdocs/akr/vendor/laravel/framework/src/Illuminate/Console/Application.php(92): Symfony\\Component\\Console\\Application->run()
#40 /opt/lampp/htdocs/akr/vendor/laravel/framework/src/Illuminate/Foundation/Console/Kernel.php(129): Illuminate\\Console\\Application->run()
#41 /opt/lampp/htdocs/akr/artisan(37): Illuminate\\Foundation\\Console\\Kernel->handle()
#42 {main}

[previous exception] [object] (ReflectionException(code: -1): Class \"OrdenPurchaseSeeder\" does not exist at /opt/lampp/htdocs/akr/vendor/laravel/framework/src/Illuminate/Container/Container.php:873)
[stacktrace]
#0 /opt/lampp/htdocs/akr/vendor/laravel/framework/src/Illuminate/Container/Container.php(873): ReflectionClass->__construct()
#1 /opt/lampp/htdocs/akr/vendor/laravel/framework/src/Illuminate/Container/Container.php(754): Illuminate\\Container\\Container->build()
#2 /opt/lampp/htdocs/akr/vendor/laravel/framework/src/Illuminate/Foundation/Application.php(841): Illuminate\\Container\\Container->resolve()
#3 /opt/lampp/htdocs/akr/vendor/laravel/framework/src/Illuminate/Container/Container.php(692): Illuminate\\Foundation\\Application->resolve()
#4 /opt/lampp/htdocs/akr/vendor/laravel/framework/src/Illuminate/Foundation/Application.php(826): Illuminate\\Container\\Container->make()
#5 /opt/lampp/htdocs/akr/vendor/laravel/framework/src/Illuminate/Database/Seeder.php(94): Illuminate\\Foundation\\Application->make()
#6 /opt/lampp/htdocs/akr/vendor/laravel/framework/src/Illuminate/Database/Seeder.php(39): Illuminate\\Database\\Seeder->resolve()
#7 /opt/lampp/htdocs/akr/database/seeders/DatabaseSeeder.php(16): Illuminate\\Database\\Seeder->call()
#8 /opt/lampp/htdocs/akr/vendor/laravel/framework/src/Illuminate/Container/BoundMethod.php(36): DatabaseSeeder->run()
#9 /opt/lampp/htdocs/akr/vendor/laravel/framework/src/Illuminate/Container/Util.php(40): Illuminate\\Container\\BoundMethod::Illuminate\\Container\\{closure}()
#10 /opt/lampp/htdocs/akr/vendor/laravel/framework/src/Illuminate/Container/BoundMethod.php(93): Illuminate\\Container\\Util::unwrapIfClosure()
#11 /opt/lampp/htdocs/akr/vendor/laravel/framework/src/Illuminate/Container/BoundMethod.php(37): Illuminate\\Container\\BoundMethod::callBoundMethod()
#12 /opt/lampp/htdocs/akr/vendor/laravel/framework/src/Illuminate/Container/Container.php(651): Illuminate\\Container\\BoundMethod::call()
#13 /opt/lampp/htdocs/akr/vendor/laravel/framework/src/Illuminate/Database/Seeder.php(149): Illuminate\\Container\\Container->call()
#14 /opt/lampp/htdocs/akr/vendor/laravel/framework/src/Illuminate/Database/Console/Seeds/SeedCommand.php(66): Illuminate\\Database\\Seeder->__invoke()
#15 /opt/lampp/htdocs/akr/vendor/laravel/framework/src/Illuminate/Database/Eloquent/Concerns/GuardsAttributes.php(157): Illuminate\\Database\\Console\\Seeds\\SeedCommand->Illuminate\\Database\\Console\\Seeds\\{closure}()
#16 /opt/lampp/htdocs/akr/vendor/laravel/framework/src/Illuminate/Database/Console/Seeds/SeedCommand.php(67): Illuminate\\Database\\Eloquent\\Model::unguarded()
#17 /opt/lampp/htdocs/akr/vendor/laravel/framework/src/Illuminate/Container/BoundMethod.php(36): Illuminate\\Database\\Console\\Seeds\\SeedCommand->handle()
#18 /opt/lampp/htdocs/akr/vendor/laravel/framework/src/Illuminate/Container/Util.php(40): Illuminate\\Container\\BoundMethod::Illuminate\\Container\\{closure}()
#19 /opt/lampp/htdocs/akr/vendor/laravel/framework/src/Illuminate/Container/BoundMethod.php(93): Illuminate\\Container\\Util::unwrapIfClosure()
#20 /opt/lampp/htdocs/akr/vendor/laravel/framework/src/Illuminate/Container/BoundMethod.php(37): Illuminate\\Container\\BoundMethod::callBoundMethod()
#21 /opt/lampp/htdocs/akr/vendor/laravel/framework/src/Illuminate/Container/Container.php(651): Illuminate\\Container\\BoundMethod::call()
#22 /opt/lampp/htdocs/akr/vendor/laravel/framework/src/Illuminate/Console/Command.php(136): Illuminate\\Container\\Container->call()
#23 /opt/lampp/htdocs/akr/vendor/symfony/console/Command/Command.php(299): Illuminate\\Console\\Command->execute()
#24 /opt/lampp/htdocs/akr/vendor/laravel/framework/src/Illuminate/Console/Command.php(121): Symfony\\Component\\Console\\Command\\Command->run()
#25 /opt/lampp/htdocs/akr/vendor/laravel/framework/src/Illuminate/Console/Concerns/CallsCommands.php(68): Illuminate\\Console\\Command->run()
#26 /opt/lampp/htdocs/akr/vendor/laravel/framework/src/Illuminate/Console/Concerns/CallsCommands.php(28): Illuminate\\Console\\Command->runCommand()
#27 /opt/lampp/htdocs/akr/vendor/laravel/framework/src/Illuminate/Database/Console/Migrations/FreshCommand.php(90): Illuminate\\Console\\Command->call()
#28 /opt/lampp/htdocs/akr/vendor/laravel/framework/src/Illuminate/Database/Console/Migrations/FreshCommand.php(65): Illuminate\\Database\\Console\\Migrations\\FreshCommand->runSeeder()
#29 /opt/lampp/htdocs/akr/vendor/laravel/framework/src/Illuminate/Container/BoundMethod.php(36): Illuminate\\Database\\Console\\Migrations\\FreshCommand->handle()
#30 /opt/lampp/htdocs/akr/vendor/laravel/framework/src/Illuminate/Container/Util.php(40): Illuminate\\Container\\BoundMethod::Illuminate\\Container\\{closure}()
#31 /opt/lampp/htdocs/akr/vendor/laravel/framework/src/Illuminate/Container/BoundMethod.php(93): Illuminate\\Container\\Util::unwrapIfClosure()
#32 /opt/lampp/htdocs/akr/vendor/laravel/framework/src/Illuminate/Container/BoundMethod.php(37): Illuminate\\Container\\BoundMethod::callBoundMethod()
#33 /opt/lampp/htdocs/akr/vendor/laravel/framework/src/Illuminate/Container/Container.php(651): Illuminate\\Container\\BoundMethod::call()
#34 /opt/lampp/htdocs/akr/vendor/laravel/framework/src/Illuminate/Console/Command.php(136): Illuminate\\Container\\Container->call()
#35 /opt/lampp/htdocs/akr/vendor/symfony/console/Command/Command.php(299): Illuminate\\Console\\Command->execute()
#36 /opt/lampp/htdocs/akr/vendor/laravel/framework/src/Illuminate/Console/Command.php(121): Symfony\\Component\\Console\\Command\\Command->run()
#37 /opt/lampp/htdocs/akr/vendor/symfony/console/Application.php(978): Illuminate\\Console\\Command->run()
#38 /opt/lampp/htdocs/akr/vendor/symfony/console/Application.php(295): Symfony\\Component\\Console\\Application->doRunCommand()
#39 /opt/lampp/htdocs/akr/vendor/symfony/console/Application.php(167): Symfony\\Component\\Console\\Application->doRun()
#40 /opt/lampp/htdocs/akr/vendor/laravel/framework/src/Illuminate/Console/Application.php(92): Symfony\\Component\\Console\\Application->run()
#41 /opt/lampp/htdocs/akr/vendor/laravel/framework/src/Illuminate/Foundation/Console/Kernel.php(129): Illuminate\\Console\\Application->run()
#42 /opt/lampp/htdocs/akr/artisan(37): Illuminate\\Foundation\\Console\\Kernel->handle()
#43 {main}
"} 
[2021-07-16 13:34:26] local.ERROR: Target class [OrdenPurchaseSeeder] does not exist. {"exception":"[object] (Illuminate\\Contracts\\Container\\BindingResolutionException(code: 0): Target class [OrdenPurchaseSeeder] does not exist. at /opt/lampp/htdocs/akr/vendor/laravel/framework/src/Illuminate/Container/Container.php:875)
[stacktrace]
#0 /opt/lampp/htdocs/akr/vendor/laravel/framework/src/Illuminate/Container/Container.php(754): Illuminate\\Container\\Container->build()
#1 /opt/lampp/htdocs/akr/vendor/laravel/framework/src/Illuminate/Foundation/Application.php(841): Illuminate\\Container\\Container->resolve()
#2 /opt/lampp/htdocs/akr/vendor/laravel/framework/src/Illuminate/Container/Container.php(692): Illuminate\\Foundation\\Application->resolve()
#3 /opt/lampp/htdocs/akr/vendor/laravel/framework/src/Illuminate/Foundation/Application.php(826): Illuminate\\Container\\Container->make()
#4 /opt/lampp/htdocs/akr/vendor/laravel/framework/src/Illuminate/Database/Seeder.php(94): Illuminate\\Foundation\\Application->make()
#5 /opt/lampp/htdocs/akr/vendor/laravel/framework/src/Illuminate/Database/Seeder.php(39): Illuminate\\Database\\Seeder->resolve()
#6 /opt/lampp/htdocs/akr/database/seeders/DatabaseSeeder.php(16): Illuminate\\Database\\Seeder->call()
#7 /opt/lampp/htdocs/akr/vendor/laravel/framework/src/Illuminate/Container/BoundMethod.php(36): DatabaseSeeder->run()
#8 /opt/lampp/htdocs/akr/vendor/laravel/framework/src/Illuminate/Container/Util.php(40): Illuminate\\Container\\BoundMethod::Illuminate\\Container\\{closure}()
#9 /opt/lampp/htdocs/akr/vendor/laravel/framework/src/Illuminate/Container/BoundMethod.php(93): Illuminate\\Container\\Util::unwrapIfClosure()
#10 /opt/lampp/htdocs/akr/vendor/laravel/framework/src/Illuminate/Container/BoundMethod.php(37): Illuminate\\Container\\BoundMethod::callBoundMethod()
#11 /opt/lampp/htdocs/akr/vendor/laravel/framework/src/Illuminate/Container/Container.php(651): Illuminate\\Container\\BoundMethod::call()
#12 /opt/lampp/htdocs/akr/vendor/laravel/framework/src/Illuminate/Database/Seeder.php(149): Illuminate\\Container\\Container->call()
#13 /opt/lampp/htdocs/akr/vendor/laravel/framework/src/Illuminate/Database/Console/Seeds/SeedCommand.php(66): Illuminate\\Database\\Seeder->__invoke()
#14 /opt/lampp/htdocs/akr/vendor/laravel/framework/src/Illuminate/Database/Eloquent/Concerns/GuardsAttributes.php(157): Illuminate\\Database\\Console\\Seeds\\SeedCommand->Illuminate\\Database\\Console\\Seeds\\{closure}()
#15 /opt/lampp/htdocs/akr/vendor/laravel/framework/src/Illuminate/Database/Console/Seeds/SeedCommand.php(67): Illuminate\\Database\\Eloquent\\Model::unguarded()
#16 /opt/lampp/htdocs/akr/vendor/laravel/framework/src/Illuminate/Container/BoundMethod.php(36): Illuminate\\Database\\Console\\Seeds\\SeedCommand->handle()
#17 /opt/lampp/htdocs/akr/vendor/laravel/framework/src/Illuminate/Container/Util.php(40): Illuminate\\Container\\BoundMethod::Illuminate\\Container\\{closure}()
#18 /opt/lampp/htdocs/akr/vendor/laravel/framework/src/Illuminate/Container/BoundMethod.php(93): Illuminate\\Container\\Util::unwrapIfClosure()
#19 /opt/lampp/htdocs/akr/vendor/laravel/framework/src/Illuminate/Container/BoundMethod.php(37): Illuminate\\Container\\BoundMethod::callBoundMethod()
#20 /opt/lampp/htdocs/akr/vendor/laravel/framework/src/Illuminate/Container/Container.php(651): Illuminate\\Container\\BoundMethod::call()
#21 /opt/lampp/htdocs/akr/vendor/laravel/framework/src/Illuminate/Console/Command.php(136): Illuminate\\Container\\Container->call()
#22 /opt/lampp/htdocs/akr/vendor/symfony/console/Command/Command.php(299): Illuminate\\Console\\Command->execute()
#23 /opt/lampp/htdocs/akr/vendor/laravel/framework/src/Illuminate/Console/Command.php(121): Symfony\\Component\\Console\\Command\\Command->run()
#24 /opt/lampp/htdocs/akr/vendor/laravel/framework/src/Illuminate/Console/Concerns/CallsCommands.php(68): Illuminate\\Console\\Command->run()
#25 /opt/lampp/htdocs/akr/vendor/laravel/framework/src/Illuminate/Console/Concerns/CallsCommands.php(28): Illuminate\\Console\\Command->runCommand()
#26 /opt/lampp/htdocs/akr/vendor/laravel/framework/src/Illuminate/Database/Console/Migrations/FreshCommand.php(90): Illuminate\\Console\\Command->call()
#27 /opt/lampp/htdocs/akr/vendor/laravel/framework/src/Illuminate/Database/Console/Migrations/FreshCommand.php(65): Illuminate\\Database\\Console\\Migrations\\FreshCommand->runSeeder()
#28 /opt/lampp/htdocs/akr/vendor/laravel/framework/src/Illuminate/Container/BoundMethod.php(36): Illuminate\\Database\\Console\\Migrations\\FreshCommand->handle()
#29 /opt/lampp/htdocs/akr/vendor/laravel/framework/src/Illuminate/Container/Util.php(40): Illuminate\\Container\\BoundMethod::Illuminate\\Container\\{closure}()
#30 /opt/lampp/htdocs/akr/vendor/laravel/framework/src/Illuminate/Container/BoundMethod.php(93): Illuminate\\Container\\Util::unwrapIfClosure()
#31 /opt/lampp/htdocs/akr/vendor/laravel/framework/src/Illuminate/Container/BoundMethod.php(37): Illuminate\\Container\\BoundMethod::callBoundMethod()
#32 /opt/lampp/htdocs/akr/vendor/laravel/framework/src/Illuminate/Container/Container.php(651): Illuminate\\Container\\BoundMethod::call()
#33 /opt/lampp/htdocs/akr/vendor/laravel/framework/src/Illuminate/Console/Command.php(136): Illuminate\\Container\\Container->call()
#34 /opt/lampp/htdocs/akr/vendor/symfony/console/Command/Command.php(299): Illuminate\\Console\\Command->execute()
#35 /opt/lampp/htdocs/akr/vendor/laravel/framework/src/Illuminate/Console/Command.php(121): Symfony\\Component\\Console\\Command\\Command->run()
#36 /opt/lampp/htdocs/akr/vendor/symfony/console/Application.php(978): Illuminate\\Console\\Command->run()
#37 /opt/lampp/htdocs/akr/vendor/symfony/console/Application.php(295): Symfony\\Component\\Console\\Application->doRunCommand()
#38 /opt/lampp/htdocs/akr/vendor/symfony/console/Application.php(167): Symfony\\Component\\Console\\Application->doRun()
#39 /opt/lampp/htdocs/akr/vendor/laravel/framework/src/Illuminate/Console/Application.php(92): Symfony\\Component\\Console\\Application->run()
#40 /opt/lampp/htdocs/akr/vendor/laravel/framework/src/Illuminate/Foundation/Console/Kernel.php(129): Illuminate\\Console\\Application->run()
#41 /opt/lampp/htdocs/akr/artisan(37): Illuminate\\Foundation\\Console\\Kernel->handle()
#42 {main}

[previous exception] [object] (ReflectionException(code: -1): Class \"OrdenPurchaseSeeder\" does not exist at /opt/lampp/htdocs/akr/vendor/laravel/framework/src/Illuminate/Container/Container.php:873)
[stacktrace]
#0 /opt/lampp/htdocs/akr/vendor/laravel/framework/src/Illuminate/Container/Container.php(873): ReflectionClass->__construct()
#1 /opt/lampp/htdocs/akr/vendor/laravel/framework/src/Illuminate/Container/Container.php(754): Illuminate\\Container\\Container->build()
#2 /opt/lampp/htdocs/akr/vendor/laravel/framework/src/Illuminate/Foundation/Application.php(841): Illuminate\\Container\\Container->resolve()
#3 /opt/lampp/htdocs/akr/vendor/laravel/framework/src/Illuminate/Container/Container.php(692): Illuminate\\Foundation\\Application->resolve()
#4 /opt/lampp/htdocs/akr/vendor/laravel/framework/src/Illuminate/Foundation/Application.php(826): Illuminate\\Container\\Container->make()
#5 /opt/lampp/htdocs/akr/vendor/laravel/framework/src/Illuminate/Database/Seeder.php(94): Illuminate\\Foundation\\Application->make()
#6 /opt/lampp/htdocs/akr/vendor/laravel/framework/src/Illuminate/Database/Seeder.php(39): Illuminate\\Database\\Seeder->resolve()
#7 /opt/lampp/htdocs/akr/database/seeders/DatabaseSeeder.php(16): Illuminate\\Database\\Seeder->call()
#8 /opt/lampp/htdocs/akr/vendor/laravel/framework/src/Illuminate/Container/BoundMethod.php(36): DatabaseSeeder->run()
#9 /opt/lampp/htdocs/akr/vendor/laravel/framework/src/Illuminate/Container/Util.php(40): Illuminate\\Container\\BoundMethod::Illuminate\\Container\\{closure}()
#10 /opt/lampp/htdocs/akr/vendor/laravel/framework/src/Illuminate/Container/BoundMethod.php(93): Illuminate\\Container\\Util::unwrapIfClosure()
#11 /opt/lampp/htdocs/akr/vendor/laravel/framework/src/Illuminate/Container/BoundMethod.php(37): Illuminate\\Container\\BoundMethod::callBoundMethod()
#12 /opt/lampp/htdocs/akr/vendor/laravel/framework/src/Illuminate/Container/Container.php(651): Illuminate\\Container\\BoundMethod::call()
#13 /opt/lampp/htdocs/akr/vendor/laravel/framework/src/Illuminate/Database/Seeder.php(149): Illuminate\\Container\\Container->call()
#14 /opt/lampp/htdocs/akr/vendor/laravel/framework/src/Illuminate/Database/Console/Seeds/SeedCommand.php(66): Illuminate\\Database\\Seeder->__invoke()
#15 /opt/lampp/htdocs/akr/vendor/laravel/framework/src/Illuminate/Database/Eloquent/Concerns/GuardsAttributes.php(157): Illuminate\\Database\\Console\\Seeds\\SeedCommand->Illuminate\\Database\\Console\\Seeds\\{closure}()
#16 /opt/lampp/htdocs/akr/vendor/laravel/framework/src/Illuminate/Database/Console/Seeds/SeedCommand.php(67): Illuminate\\Database\\Eloquent\\Model::unguarded()
#17 /opt/lampp/htdocs/akr/vendor/laravel/framework/src/Illuminate/Container/BoundMethod.php(36): Illuminate\\Database\\Console\\Seeds\\SeedCommand->handle()
#18 /opt/lampp/htdocs/akr/vendor/laravel/framework/src/Illuminate/Container/Util.php(40): Illuminate\\Container\\BoundMethod::Illuminate\\Container\\{closure}()
#19 /opt/lampp/htdocs/akr/vendor/laravel/framework/src/Illuminate/Container/BoundMethod.php(93): Illuminate\\Container\\Util::unwrapIfClosure()
#20 /opt/lampp/htdocs/akr/vendor/laravel/framework/src/Illuminate/Container/BoundMethod.php(37): Illuminate\\Container\\BoundMethod::callBoundMethod()
#21 /opt/lampp/htdocs/akr/vendor/laravel/framework/src/Illuminate/Container/Container.php(651): Illuminate\\Container\\BoundMethod::call()
#22 /opt/lampp/htdocs/akr/vendor/laravel/framework/src/Illuminate/Console/Command.php(136): Illuminate\\Container\\Container->call()
#23 /opt/lampp/htdocs/akr/vendor/symfony/console/Command/Command.php(299): Illuminate\\Console\\Command->execute()
#24 /opt/lampp/htdocs/akr/vendor/laravel/framework/src/Illuminate/Console/Command.php(121): Symfony\\Component\\Console\\Command\\Command->run()
#25 /opt/lampp/htdocs/akr/vendor/laravel/framework/src/Illuminate/Console/Concerns/CallsCommands.php(68): Illuminate\\Console\\Command->run()
#26 /opt/lampp/htdocs/akr/vendor/laravel/framework/src/Illuminate/Console/Concerns/CallsCommands.php(28): Illuminate\\Console\\Command->runCommand()
#27 /opt/lampp/htdocs/akr/vendor/laravel/framework/src/Illuminate/Database/Console/Migrations/FreshCommand.php(90): Illuminate\\Console\\Command->call()
#28 /opt/lampp/htdocs/akr/vendor/laravel/framework/src/Illuminate/Database/Console/Migrations/FreshCommand.php(65): Illuminate\\Database\\Console\\Migrations\\FreshCommand->runSeeder()
#29 /opt/lampp/htdocs/akr/vendor/laravel/framework/src/Illuminate/Container/BoundMethod.php(36): Illuminate\\Database\\Console\\Migrations\\FreshCommand->handle()
#30 /opt/lampp/htdocs/akr/vendor/laravel/framework/src/Illuminate/Container/Util.php(40): Illuminate\\Container\\BoundMethod::Illuminate\\Container\\{closure}()
#31 /opt/lampp/htdocs/akr/vendor/laravel/framework/src/Illuminate/Container/BoundMethod.php(93): Illuminate\\Container\\Util::unwrapIfClosure()
#32 /opt/lampp/htdocs/akr/vendor/laravel/framework/src/Illuminate/Container/BoundMethod.php(37): Illuminate\\Container\\BoundMethod::callBoundMethod()
#33 /opt/lampp/htdocs/akr/vendor/laravel/framework/src/Illuminate/Container/Container.php(651): Illuminate\\Container\\BoundMethod::call()
#34 /opt/lampp/htdocs/akr/vendor/laravel/framework/src/Illuminate/Console/Command.php(136): Illuminate\\Container\\Container->call()
#35 /opt/lampp/htdocs/akr/vendor/symfony/console/Command/Command.php(299): Illuminate\\Console\\Command->execute()
#36 /opt/lampp/htdocs/akr/vendor/laravel/framework/src/Illuminate/Console/Command.php(121): Symfony\\Component\\Console\\Command\\Command->run()
#37 /opt/lampp/htdocs/akr/vendor/symfony/console/Application.php(978): Illuminate\\Console\\Command->run()
#38 /opt/lampp/htdocs/akr/vendor/symfony/console/Application.php(295): Symfony\\Component\\Console\\Application->doRunCommand()
#39 /opt/lampp/htdocs/akr/vendor/symfony/console/Application.php(167): Symfony\\Component\\Console\\Application->doRun()
#40 /opt/lampp/htdocs/akr/vendor/laravel/framework/src/Illuminate/Console/Application.php(92): Symfony\\Component\\Console\\Application->run()
#41 /opt/lampp/htdocs/akr/vendor/laravel/framework/src/Illuminate/Foundation/Console/Kernel.php(129): Illuminate\\Console\\Application->run()
#42 /opt/lampp/htdocs/akr/artisan(37): Illuminate\\Foundation\\Console\\Kernel->handle()
#43 {main}
"} 
[2021-07-16 13:37:56] local.ERROR: Target class [OrdenPurchaseSeeder] does not exist. {"exception":"[object] (Illuminate\\Contracts\\Container\\BindingResolutionException(code: 0): Target class [OrdenPurchaseSeeder] does not exist. at /opt/lampp/htdocs/akr/vendor/laravel/framework/src/Illuminate/Container/Container.php:875)
[stacktrace]
#0 /opt/lampp/htdocs/akr/vendor/laravel/framework/src/Illuminate/Container/Container.php(754): Illuminate\\Container\\Container->build()
#1 /opt/lampp/htdocs/akr/vendor/laravel/framework/src/Illuminate/Foundation/Application.php(841): Illuminate\\Container\\Container->resolve()
#2 /opt/lampp/htdocs/akr/vendor/laravel/framework/src/Illuminate/Container/Container.php(692): Illuminate\\Foundation\\Application->resolve()
#3 /opt/lampp/htdocs/akr/vendor/laravel/framework/src/Illuminate/Foundation/Application.php(826): Illuminate\\Container\\Container->make()
#4 /opt/lampp/htdocs/akr/vendor/laravel/framework/src/Illuminate/Database/Seeder.php(94): Illuminate\\Foundation\\Application->make()
#5 /opt/lampp/htdocs/akr/vendor/laravel/framework/src/Illuminate/Database/Seeder.php(39): Illuminate\\Database\\Seeder->resolve()
#6 /opt/lampp/htdocs/akr/database/seeders/DatabaseSeeder.php(16): Illuminate\\Database\\Seeder->call()
#7 /opt/lampp/htdocs/akr/vendor/laravel/framework/src/Illuminate/Container/BoundMethod.php(36): DatabaseSeeder->run()
#8 /opt/lampp/htdocs/akr/vendor/laravel/framework/src/Illuminate/Container/Util.php(40): Illuminate\\Container\\BoundMethod::Illuminate\\Container\\{closure}()
#9 /opt/lampp/htdocs/akr/vendor/laravel/framework/src/Illuminate/Container/BoundMethod.php(93): Illuminate\\Container\\Util::unwrapIfClosure()
#10 /opt/lampp/htdocs/akr/vendor/laravel/framework/src/Illuminate/Container/BoundMethod.php(37): Illuminate\\Container\\BoundMethod::callBoundMethod()
#11 /opt/lampp/htdocs/akr/vendor/laravel/framework/src/Illuminate/Container/Container.php(651): Illuminate\\Container\\BoundMethod::call()
#12 /opt/lampp/htdocs/akr/vendor/laravel/framework/src/Illuminate/Database/Seeder.php(149): Illuminate\\Container\\Container->call()
#13 /opt/lampp/htdocs/akr/vendor/laravel/framework/src/Illuminate/Database/Console/Seeds/SeedCommand.php(66): Illuminate\\Database\\Seeder->__invoke()
#14 /opt/lampp/htdocs/akr/vendor/laravel/framework/src/Illuminate/Database/Eloquent/Concerns/GuardsAttributes.php(157): Illuminate\\Database\\Console\\Seeds\\SeedCommand->Illuminate\\Database\\Console\\Seeds\\{closure}()
#15 /opt/lampp/htdocs/akr/vendor/laravel/framework/src/Illuminate/Database/Console/Seeds/SeedCommand.php(67): Illuminate\\Database\\Eloquent\\Model::unguarded()
#16 /opt/lampp/htdocs/akr/vendor/laravel/framework/src/Illuminate/Container/BoundMethod.php(36): Illuminate\\Database\\Console\\Seeds\\SeedCommand->handle()
#17 /opt/lampp/htdocs/akr/vendor/laravel/framework/src/Illuminate/Container/Util.php(40): Illuminate\\Container\\BoundMethod::Illuminate\\Container\\{closure}()
#18 /opt/lampp/htdocs/akr/vendor/laravel/framework/src/Illuminate/Container/BoundMethod.php(93): Illuminate\\Container\\Util::unwrapIfClosure()
#19 /opt/lampp/htdocs/akr/vendor/laravel/framework/src/Illuminate/Container/BoundMethod.php(37): Illuminate\\Container\\BoundMethod::callBoundMethod()
#20 /opt/lampp/htdocs/akr/vendor/laravel/framework/src/Illuminate/Container/Container.php(651): Illuminate\\Container\\BoundMethod::call()
#21 /opt/lampp/htdocs/akr/vendor/laravel/framework/src/Illuminate/Console/Command.php(136): Illuminate\\Container\\Container->call()
#22 /opt/lampp/htdocs/akr/vendor/symfony/console/Command/Command.php(299): Illuminate\\Console\\Command->execute()
#23 /opt/lampp/htdocs/akr/vendor/laravel/framework/src/Illuminate/Console/Command.php(121): Symfony\\Component\\Console\\Command\\Command->run()
#24 /opt/lampp/htdocs/akr/vendor/laravel/framework/src/Illuminate/Console/Concerns/CallsCommands.php(68): Illuminate\\Console\\Command->run()
#25 /opt/lampp/htdocs/akr/vendor/laravel/framework/src/Illuminate/Console/Concerns/CallsCommands.php(28): Illuminate\\Console\\Command->runCommand()
#26 /opt/lampp/htdocs/akr/vendor/laravel/framework/src/Illuminate/Database/Console/Migrations/FreshCommand.php(90): Illuminate\\Console\\Command->call()
#27 /opt/lampp/htdocs/akr/vendor/laravel/framework/src/Illuminate/Database/Console/Migrations/FreshCommand.php(65): Illuminate\\Database\\Console\\Migrations\\FreshCommand->runSeeder()
#28 /opt/lampp/htdocs/akr/vendor/laravel/framework/src/Illuminate/Container/BoundMethod.php(36): Illuminate\\Database\\Console\\Migrations\\FreshCommand->handle()
#29 /opt/lampp/htdocs/akr/vendor/laravel/framework/src/Illuminate/Container/Util.php(40): Illuminate\\Container\\BoundMethod::Illuminate\\Container\\{closure}()
#30 /opt/lampp/htdocs/akr/vendor/laravel/framework/src/Illuminate/Container/BoundMethod.php(93): Illuminate\\Container\\Util::unwrapIfClosure()
#31 /opt/lampp/htdocs/akr/vendor/laravel/framework/src/Illuminate/Container/BoundMethod.php(37): Illuminate\\Container\\BoundMethod::callBoundMethod()
#32 /opt/lampp/htdocs/akr/vendor/laravel/framework/src/Illuminate/Container/Container.php(651): Illuminate\\Container\\BoundMethod::call()
#33 /opt/lampp/htdocs/akr/vendor/laravel/framework/src/Illuminate/Console/Command.php(136): Illuminate\\Container\\Container->call()
#34 /opt/lampp/htdocs/akr/vendor/symfony/console/Command/Command.php(299): Illuminate\\Console\\Command->execute()
#35 /opt/lampp/htdocs/akr/vendor/laravel/framework/src/Illuminate/Console/Command.php(121): Symfony\\Component\\Console\\Command\\Command->run()
#36 /opt/lampp/htdocs/akr/vendor/symfony/console/Application.php(978): Illuminate\\Console\\Command->run()
#37 /opt/lampp/htdocs/akr/vendor/symfony/console/Application.php(295): Symfony\\Component\\Console\\Application->doRunCommand()
#38 /opt/lampp/htdocs/akr/vendor/symfony/console/Application.php(167): Symfony\\Component\\Console\\Application->doRun()
#39 /opt/lampp/htdocs/akr/vendor/laravel/framework/src/Illuminate/Console/Application.php(92): Symfony\\Component\\Console\\Application->run()
#40 /opt/lampp/htdocs/akr/vendor/laravel/framework/src/Illuminate/Foundation/Console/Kernel.php(129): Illuminate\\Console\\Application->run()
#41 /opt/lampp/htdocs/akr/artisan(37): Illuminate\\Foundation\\Console\\Kernel->handle()
#42 {main}

[previous exception] [object] (ReflectionException(code: -1): Class \"OrdenPurchaseSeeder\" does not exist at /opt/lampp/htdocs/akr/vendor/laravel/framework/src/Illuminate/Container/Container.php:873)
[stacktrace]
#0 /opt/lampp/htdocs/akr/vendor/laravel/framework/src/Illuminate/Container/Container.php(873): ReflectionClass->__construct()
#1 /opt/lampp/htdocs/akr/vendor/laravel/framework/src/Illuminate/Container/Container.php(754): Illuminate\\Container\\Container->build()
#2 /opt/lampp/htdocs/akr/vendor/laravel/framework/src/Illuminate/Foundation/Application.php(841): Illuminate\\Container\\Container->resolve()
#3 /opt/lampp/htdocs/akr/vendor/laravel/framework/src/Illuminate/Container/Container.php(692): Illuminate\\Foundation\\Application->resolve()
#4 /opt/lampp/htdocs/akr/vendor/laravel/framework/src/Illuminate/Foundation/Application.php(826): Illuminate\\Container\\Container->make()
#5 /opt/lampp/htdocs/akr/vendor/laravel/framework/src/Illuminate/Database/Seeder.php(94): Illuminate\\Foundation\\Application->make()
#6 /opt/lampp/htdocs/akr/vendor/laravel/framework/src/Illuminate/Database/Seeder.php(39): Illuminate\\Database\\Seeder->resolve()
#7 /opt/lampp/htdocs/akr/database/seeders/DatabaseSeeder.php(16): Illuminate\\Database\\Seeder->call()
#8 /opt/lampp/htdocs/akr/vendor/laravel/framework/src/Illuminate/Container/BoundMethod.php(36): DatabaseSeeder->run()
#9 /opt/lampp/htdocs/akr/vendor/laravel/framework/src/Illuminate/Container/Util.php(40): Illuminate\\Container\\BoundMethod::Illuminate\\Container\\{closure}()
#10 /opt/lampp/htdocs/akr/vendor/laravel/framework/src/Illuminate/Container/BoundMethod.php(93): Illuminate\\Container\\Util::unwrapIfClosure()
#11 /opt/lampp/htdocs/akr/vendor/laravel/framework/src/Illuminate/Container/BoundMethod.php(37): Illuminate\\Container\\BoundMethod::callBoundMethod()
#12 /opt/lampp/htdocs/akr/vendor/laravel/framework/src/Illuminate/Container/Container.php(651): Illuminate\\Container\\BoundMethod::call()
#13 /opt/lampp/htdocs/akr/vendor/laravel/framework/src/Illuminate/Database/Seeder.php(149): Illuminate\\Container\\Container->call()
#14 /opt/lampp/htdocs/akr/vendor/laravel/framework/src/Illuminate/Database/Console/Seeds/SeedCommand.php(66): Illuminate\\Database\\Seeder->__invoke()
#15 /opt/lampp/htdocs/akr/vendor/laravel/framework/src/Illuminate/Database/Eloquent/Concerns/GuardsAttributes.php(157): Illuminate\\Database\\Console\\Seeds\\SeedCommand->Illuminate\\Database\\Console\\Seeds\\{closure}()
#16 /opt/lampp/htdocs/akr/vendor/laravel/framework/src/Illuminate/Database/Console/Seeds/SeedCommand.php(67): Illuminate\\Database\\Eloquent\\Model::unguarded()
#17 /opt/lampp/htdocs/akr/vendor/laravel/framework/src/Illuminate/Container/BoundMethod.php(36): Illuminate\\Database\\Console\\Seeds\\SeedCommand->handle()
#18 /opt/lampp/htdocs/akr/vendor/laravel/framework/src/Illuminate/Container/Util.php(40): Illuminate\\Container\\BoundMethod::Illuminate\\Container\\{closure}()
#19 /opt/lampp/htdocs/akr/vendor/laravel/framework/src/Illuminate/Container/BoundMethod.php(93): Illuminate\\Container\\Util::unwrapIfClosure()
#20 /opt/lampp/htdocs/akr/vendor/laravel/framework/src/Illuminate/Container/BoundMethod.php(37): Illuminate\\Container\\BoundMethod::callBoundMethod()
#21 /opt/lampp/htdocs/akr/vendor/laravel/framework/src/Illuminate/Container/Container.php(651): Illuminate\\Container\\BoundMethod::call()
#22 /opt/lampp/htdocs/akr/vendor/laravel/framework/src/Illuminate/Console/Command.php(136): Illuminate\\Container\\Container->call()
#23 /opt/lampp/htdocs/akr/vendor/symfony/console/Command/Command.php(299): Illuminate\\Console\\Command->execute()
#24 /opt/lampp/htdocs/akr/vendor/laravel/framework/src/Illuminate/Console/Command.php(121): Symfony\\Component\\Console\\Command\\Command->run()
#25 /opt/lampp/htdocs/akr/vendor/laravel/framework/src/Illuminate/Console/Concerns/CallsCommands.php(68): Illuminate\\Console\\Command->run()
#26 /opt/lampp/htdocs/akr/vendor/laravel/framework/src/Illuminate/Console/Concerns/CallsCommands.php(28): Illuminate\\Console\\Command->runCommand()
#27 /opt/lampp/htdocs/akr/vendor/laravel/framework/src/Illuminate/Database/Console/Migrations/FreshCommand.php(90): Illuminate\\Console\\Command->call()
#28 /opt/lampp/htdocs/akr/vendor/laravel/framework/src/Illuminate/Database/Console/Migrations/FreshCommand.php(65): Illuminate\\Database\\Console\\Migrations\\FreshCommand->runSeeder()
#29 /opt/lampp/htdocs/akr/vendor/laravel/framework/src/Illuminate/Container/BoundMethod.php(36): Illuminate\\Database\\Console\\Migrations\\FreshCommand->handle()
#30 /opt/lampp/htdocs/akr/vendor/laravel/framework/src/Illuminate/Container/Util.php(40): Illuminate\\Container\\BoundMethod::Illuminate\\Container\\{closure}()
#31 /opt/lampp/htdocs/akr/vendor/laravel/framework/src/Illuminate/Container/BoundMethod.php(93): Illuminate\\Container\\Util::unwrapIfClosure()
#32 /opt/lampp/htdocs/akr/vendor/laravel/framework/src/Illuminate/Container/BoundMethod.php(37): Illuminate\\Container\\BoundMethod::callBoundMethod()
#33 /opt/lampp/htdocs/akr/vendor/laravel/framework/src/Illuminate/Container/Container.php(651): Illuminate\\Container\\BoundMethod::call()
#34 /opt/lampp/htdocs/akr/vendor/laravel/framework/src/Illuminate/Console/Command.php(136): Illuminate\\Container\\Container->call()
#35 /opt/lampp/htdocs/akr/vendor/symfony/console/Command/Command.php(299): Illuminate\\Console\\Command->execute()
#36 /opt/lampp/htdocs/akr/vendor/laravel/framework/src/Illuminate/Console/Command.php(121): Symfony\\Component\\Console\\Command\\Command->run()
#37 /opt/lampp/htdocs/akr/vendor/symfony/console/Application.php(978): Illuminate\\Console\\Command->run()
#38 /opt/lampp/htdocs/akr/vendor/symfony/console/Application.php(295): Symfony\\Component\\Console\\Application->doRunCommand()
#39 /opt/lampp/htdocs/akr/vendor/symfony/console/Application.php(167): Symfony\\Component\\Console\\Application->doRun()
#40 /opt/lampp/htdocs/akr/vendor/laravel/framework/src/Illuminate/Console/Application.php(92): Symfony\\Component\\Console\\Application->run()
#41 /opt/lampp/htdocs/akr/vendor/laravel/framework/src/Illuminate/Foundation/Console/Kernel.php(129): Illuminate\\Console\\Application->run()
#42 /opt/lampp/htdocs/akr/artisan(37): Illuminate\\Foundation\\Console\\Kernel->handle()
#43 {main}
"} 
[2021-07-16 13:43:51] local.ERROR: Target class [PackagesTableSeeder] does not exist. {"exception":"[object] (Illuminate\\Contracts\\Container\\BindingResolutionException(code: 0): Target class [PackagesTableSeeder] does not exist. at /opt/lampp/htdocs/akr/vendor/laravel/framework/src/Illuminate/Container/Container.php:875)
[stacktrace]
#0 /opt/lampp/htdocs/akr/vendor/laravel/framework/src/Illuminate/Container/Container.php(754): Illuminate\\Container\\Container->build()
#1 /opt/lampp/htdocs/akr/vendor/laravel/framework/src/Illuminate/Foundation/Application.php(841): Illuminate\\Container\\Container->resolve()
#2 /opt/lampp/htdocs/akr/vendor/laravel/framework/src/Illuminate/Container/Container.php(692): Illuminate\\Foundation\\Application->resolve()
#3 /opt/lampp/htdocs/akr/vendor/laravel/framework/src/Illuminate/Foundation/Application.php(826): Illuminate\\Container\\Container->make()
#4 /opt/lampp/htdocs/akr/vendor/laravel/framework/src/Illuminate/Database/Seeder.php(94): Illuminate\\Foundation\\Application->make()
#5 /opt/lampp/htdocs/akr/vendor/laravel/framework/src/Illuminate/Database/Seeder.php(39): Illuminate\\Database\\Seeder->resolve()
#6 /opt/lampp/htdocs/akr/database/seeders/DatabaseSeeder.php(16): Illuminate\\Database\\Seeder->call()
#7 /opt/lampp/htdocs/akr/vendor/laravel/framework/src/Illuminate/Container/BoundMethod.php(36): DatabaseSeeder->run()
#8 /opt/lampp/htdocs/akr/vendor/laravel/framework/src/Illuminate/Container/Util.php(40): Illuminate\\Container\\BoundMethod::Illuminate\\Container\\{closure}()
#9 /opt/lampp/htdocs/akr/vendor/laravel/framework/src/Illuminate/Container/BoundMethod.php(93): Illuminate\\Container\\Util::unwrapIfClosure()
#10 /opt/lampp/htdocs/akr/vendor/laravel/framework/src/Illuminate/Container/BoundMethod.php(37): Illuminate\\Container\\BoundMethod::callBoundMethod()
#11 /opt/lampp/htdocs/akr/vendor/laravel/framework/src/Illuminate/Container/Container.php(651): Illuminate\\Container\\BoundMethod::call()
#12 /opt/lampp/htdocs/akr/vendor/laravel/framework/src/Illuminate/Database/Seeder.php(149): Illuminate\\Container\\Container->call()
#13 /opt/lampp/htdocs/akr/vendor/laravel/framework/src/Illuminate/Database/Console/Seeds/SeedCommand.php(66): Illuminate\\Database\\Seeder->__invoke()
#14 /opt/lampp/htdocs/akr/vendor/laravel/framework/src/Illuminate/Database/Eloquent/Concerns/GuardsAttributes.php(157): Illuminate\\Database\\Console\\Seeds\\SeedCommand->Illuminate\\Database\\Console\\Seeds\\{closure}()
#15 /opt/lampp/htdocs/akr/vendor/laravel/framework/src/Illuminate/Database/Console/Seeds/SeedCommand.php(67): Illuminate\\Database\\Eloquent\\Model::unguarded()
#16 /opt/lampp/htdocs/akr/vendor/laravel/framework/src/Illuminate/Container/BoundMethod.php(36): Illuminate\\Database\\Console\\Seeds\\SeedCommand->handle()
#17 /opt/lampp/htdocs/akr/vendor/laravel/framework/src/Illuminate/Container/Util.php(40): Illuminate\\Container\\BoundMethod::Illuminate\\Container\\{closure}()
#18 /opt/lampp/htdocs/akr/vendor/laravel/framework/src/Illuminate/Container/BoundMethod.php(93): Illuminate\\Container\\Util::unwrapIfClosure()
#19 /opt/lampp/htdocs/akr/vendor/laravel/framework/src/Illuminate/Container/BoundMethod.php(37): Illuminate\\Container\\BoundMethod::callBoundMethod()
#20 /opt/lampp/htdocs/akr/vendor/laravel/framework/src/Illuminate/Container/Container.php(651): Illuminate\\Container\\BoundMethod::call()
#21 /opt/lampp/htdocs/akr/vendor/laravel/framework/src/Illuminate/Console/Command.php(136): Illuminate\\Container\\Container->call()
#22 /opt/lampp/htdocs/akr/vendor/symfony/console/Command/Command.php(299): Illuminate\\Console\\Command->execute()
#23 /opt/lampp/htdocs/akr/vendor/laravel/framework/src/Illuminate/Console/Command.php(121): Symfony\\Component\\Console\\Command\\Command->run()
#24 /opt/lampp/htdocs/akr/vendor/laravel/framework/src/Illuminate/Console/Concerns/CallsCommands.php(68): Illuminate\\Console\\Command->run()
#25 /opt/lampp/htdocs/akr/vendor/laravel/framework/src/Illuminate/Console/Concerns/CallsCommands.php(28): Illuminate\\Console\\Command->runCommand()
#26 /opt/lampp/htdocs/akr/vendor/laravel/framework/src/Illuminate/Database/Console/Migrations/FreshCommand.php(90): Illuminate\\Console\\Command->call()
#27 /opt/lampp/htdocs/akr/vendor/laravel/framework/src/Illuminate/Database/Console/Migrations/FreshCommand.php(65): Illuminate\\Database\\Console\\Migrations\\FreshCommand->runSeeder()
#28 /opt/lampp/htdocs/akr/vendor/laravel/framework/src/Illuminate/Container/BoundMethod.php(36): Illuminate\\Database\\Console\\Migrations\\FreshCommand->handle()
#29 /opt/lampp/htdocs/akr/vendor/laravel/framework/src/Illuminate/Container/Util.php(40): Illuminate\\Container\\BoundMethod::Illuminate\\Container\\{closure}()
#30 /opt/lampp/htdocs/akr/vendor/laravel/framework/src/Illuminate/Container/BoundMethod.php(93): Illuminate\\Container\\Util::unwrapIfClosure()
#31 /opt/lampp/htdocs/akr/vendor/laravel/framework/src/Illuminate/Container/BoundMethod.php(37): Illuminate\\Container\\BoundMethod::callBoundMethod()
#32 /opt/lampp/htdocs/akr/vendor/laravel/framework/src/Illuminate/Container/Container.php(651): Illuminate\\Container\\BoundMethod::call()
#33 /opt/lampp/htdocs/akr/vendor/laravel/framework/src/Illuminate/Console/Command.php(136): Illuminate\\Container\\Container->call()
#34 /opt/lampp/htdocs/akr/vendor/symfony/console/Command/Command.php(299): Illuminate\\Console\\Command->execute()
#35 /opt/lampp/htdocs/akr/vendor/laravel/framework/src/Illuminate/Console/Command.php(121): Symfony\\Component\\Console\\Command\\Command->run()
#36 /opt/lampp/htdocs/akr/vendor/symfony/console/Application.php(978): Illuminate\\Console\\Command->run()
#37 /opt/lampp/htdocs/akr/vendor/symfony/console/Application.php(295): Symfony\\Component\\Console\\Application->doRunCommand()
#38 /opt/lampp/htdocs/akr/vendor/symfony/console/Application.php(167): Symfony\\Component\\Console\\Application->doRun()
#39 /opt/lampp/htdocs/akr/vendor/laravel/framework/src/Illuminate/Console/Application.php(92): Symfony\\Component\\Console\\Application->run()
#40 /opt/lampp/htdocs/akr/vendor/laravel/framework/src/Illuminate/Foundation/Console/Kernel.php(129): Illuminate\\Console\\Application->run()
#41 /opt/lampp/htdocs/akr/artisan(37): Illuminate\\Foundation\\Console\\Kernel->handle()
#42 {main}

[previous exception] [object] (ReflectionException(code: -1): Class \"PackagesTableSeeder\" does not exist at /opt/lampp/htdocs/akr/vendor/laravel/framework/src/Illuminate/Container/Container.php:873)
[stacktrace]
#0 /opt/lampp/htdocs/akr/vendor/laravel/framework/src/Illuminate/Container/Container.php(873): ReflectionClass->__construct()
#1 /opt/lampp/htdocs/akr/vendor/laravel/framework/src/Illuminate/Container/Container.php(754): Illuminate\\Container\\Container->build()
#2 /opt/lampp/htdocs/akr/vendor/laravel/framework/src/Illuminate/Foundation/Application.php(841): Illuminate\\Container\\Container->resolve()
#3 /opt/lampp/htdocs/akr/vendor/laravel/framework/src/Illuminate/Container/Container.php(692): Illuminate\\Foundation\\Application->resolve()
#4 /opt/lampp/htdocs/akr/vendor/laravel/framework/src/Illuminate/Foundation/Application.php(826): Illuminate\\Container\\Container->make()
#5 /opt/lampp/htdocs/akr/vendor/laravel/framework/src/Illuminate/Database/Seeder.php(94): Illuminate\\Foundation\\Application->make()
#6 /opt/lampp/htdocs/akr/vendor/laravel/framework/src/Illuminate/Database/Seeder.php(39): Illuminate\\Database\\Seeder->resolve()
#7 /opt/lampp/htdocs/akr/database/seeders/DatabaseSeeder.php(16): Illuminate\\Database\\Seeder->call()
#8 /opt/lampp/htdocs/akr/vendor/laravel/framework/src/Illuminate/Container/BoundMethod.php(36): DatabaseSeeder->run()
#9 /opt/lampp/htdocs/akr/vendor/laravel/framework/src/Illuminate/Container/Util.php(40): Illuminate\\Container\\BoundMethod::Illuminate\\Container\\{closure}()
#10 /opt/lampp/htdocs/akr/vendor/laravel/framework/src/Illuminate/Container/BoundMethod.php(93): Illuminate\\Container\\Util::unwrapIfClosure()
#11 /opt/lampp/htdocs/akr/vendor/laravel/framework/src/Illuminate/Container/BoundMethod.php(37): Illuminate\\Container\\BoundMethod::callBoundMethod()
#12 /opt/lampp/htdocs/akr/vendor/laravel/framework/src/Illuminate/Container/Container.php(651): Illuminate\\Container\\BoundMethod::call()
#13 /opt/lampp/htdocs/akr/vendor/laravel/framework/src/Illuminate/Database/Seeder.php(149): Illuminate\\Container\\Container->call()
#14 /opt/lampp/htdocs/akr/vendor/laravel/framework/src/Illuminate/Database/Console/Seeds/SeedCommand.php(66): Illuminate\\Database\\Seeder->__invoke()
#15 /opt/lampp/htdocs/akr/vendor/laravel/framework/src/Illuminate/Database/Eloquent/Concerns/GuardsAttributes.php(157): Illuminate\\Database\\Console\\Seeds\\SeedCommand->Illuminate\\Database\\Console\\Seeds\\{closure}()
#16 /opt/lampp/htdocs/akr/vendor/laravel/framework/src/Illuminate/Database/Console/Seeds/SeedCommand.php(67): Illuminate\\Database\\Eloquent\\Model::unguarded()
#17 /opt/lampp/htdocs/akr/vendor/laravel/framework/src/Illuminate/Container/BoundMethod.php(36): Illuminate\\Database\\Console\\Seeds\\SeedCommand->handle()
#18 /opt/lampp/htdocs/akr/vendor/laravel/framework/src/Illuminate/Container/Util.php(40): Illuminate\\Container\\BoundMethod::Illuminate\\Container\\{closure}()
#19 /opt/lampp/htdocs/akr/vendor/laravel/framework/src/Illuminate/Container/BoundMethod.php(93): Illuminate\\Container\\Util::unwrapIfClosure()
#20 /opt/lampp/htdocs/akr/vendor/laravel/framework/src/Illuminate/Container/BoundMethod.php(37): Illuminate\\Container\\BoundMethod::callBoundMethod()
#21 /opt/lampp/htdocs/akr/vendor/laravel/framework/src/Illuminate/Container/Container.php(651): Illuminate\\Container\\BoundMethod::call()
#22 /opt/lampp/htdocs/akr/vendor/laravel/framework/src/Illuminate/Console/Command.php(136): Illuminate\\Container\\Container->call()
#23 /opt/lampp/htdocs/akr/vendor/symfony/console/Command/Command.php(299): Illuminate\\Console\\Command->execute()
#24 /opt/lampp/htdocs/akr/vendor/laravel/framework/src/Illuminate/Console/Command.php(121): Symfony\\Component\\Console\\Command\\Command->run()
#25 /opt/lampp/htdocs/akr/vendor/laravel/framework/src/Illuminate/Console/Concerns/CallsCommands.php(68): Illuminate\\Console\\Command->run()
#26 /opt/lampp/htdocs/akr/vendor/laravel/framework/src/Illuminate/Console/Concerns/CallsCommands.php(28): Illuminate\\Console\\Command->runCommand()
#27 /opt/lampp/htdocs/akr/vendor/laravel/framework/src/Illuminate/Database/Console/Migrations/FreshCommand.php(90): Illuminate\\Console\\Command->call()
#28 /opt/lampp/htdocs/akr/vendor/laravel/framework/src/Illuminate/Database/Console/Migrations/FreshCommand.php(65): Illuminate\\Database\\Console\\Migrations\\FreshCommand->runSeeder()
#29 /opt/lampp/htdocs/akr/vendor/laravel/framework/src/Illuminate/Container/BoundMethod.php(36): Illuminate\\Database\\Console\\Migrations\\FreshCommand->handle()
#30 /opt/lampp/htdocs/akr/vendor/laravel/framework/src/Illuminate/Container/Util.php(40): Illuminate\\Container\\BoundMethod::Illuminate\\Container\\{closure}()
#31 /opt/lampp/htdocs/akr/vendor/laravel/framework/src/Illuminate/Container/BoundMethod.php(93): Illuminate\\Container\\Util::unwrapIfClosure()
#32 /opt/lampp/htdocs/akr/vendor/laravel/framework/src/Illuminate/Container/BoundMethod.php(37): Illuminate\\Container\\BoundMethod::callBoundMethod()
#33 /opt/lampp/htdocs/akr/vendor/laravel/framework/src/Illuminate/Container/Container.php(651): Illuminate\\Container\\BoundMethod::call()
#34 /opt/lampp/htdocs/akr/vendor/laravel/framework/src/Illuminate/Console/Command.php(136): Illuminate\\Container\\Container->call()
#35 /opt/lampp/htdocs/akr/vendor/symfony/console/Command/Command.php(299): Illuminate\\Console\\Command->execute()
#36 /opt/lampp/htdocs/akr/vendor/laravel/framework/src/Illuminate/Console/Command.php(121): Symfony\\Component\\Console\\Command\\Command->run()
#37 /opt/lampp/htdocs/akr/vendor/symfony/console/Application.php(978): Illuminate\\Console\\Command->run()
#38 /opt/lampp/htdocs/akr/vendor/symfony/console/Application.php(295): Symfony\\Component\\Console\\Application->doRunCommand()
#39 /opt/lampp/htdocs/akr/vendor/symfony/console/Application.php(167): Symfony\\Component\\Console\\Application->doRun()
#40 /opt/lampp/htdocs/akr/vendor/laravel/framework/src/Illuminate/Console/Application.php(92): Symfony\\Component\\Console\\Application->run()
#41 /opt/lampp/htdocs/akr/vendor/laravel/framework/src/Illuminate/Foundation/Console/Kernel.php(129): Illuminate\\Console\\Application->run()
#42 /opt/lampp/htdocs/akr/artisan(37): Illuminate\\Foundation\\Console\\Kernel->handle()
#43 {main}
"} 
[2021-07-16 13:46:29] local.ERROR: Target class [Database\Seeders\PackagesTableSeeder] does not exist. {"exception":"[object] (Illuminate\\Contracts\\Container\\BindingResolutionException(code: 0): Target class [Database\\Seeders\\PackagesTableSeeder] does not exist. at /opt/lampp/htdocs/akr/vendor/laravel/framework/src/Illuminate/Container/Container.php:875)
[stacktrace]
#0 /opt/lampp/htdocs/akr/vendor/laravel/framework/src/Illuminate/Container/Container.php(754): Illuminate\\Container\\Container->build()
#1 /opt/lampp/htdocs/akr/vendor/laravel/framework/src/Illuminate/Foundation/Application.php(841): Illuminate\\Container\\Container->resolve()
#2 /opt/lampp/htdocs/akr/vendor/laravel/framework/src/Illuminate/Container/Container.php(692): Illuminate\\Foundation\\Application->resolve()
#3 /opt/lampp/htdocs/akr/vendor/laravel/framework/src/Illuminate/Foundation/Application.php(826): Illuminate\\Container\\Container->make()
#4 /opt/lampp/htdocs/akr/vendor/laravel/framework/src/Illuminate/Database/Seeder.php(94): Illuminate\\Foundation\\Application->make()
#5 /opt/lampp/htdocs/akr/vendor/laravel/framework/src/Illuminate/Database/Seeder.php(39): Illuminate\\Database\\Seeder->resolve()
#6 /opt/lampp/htdocs/akr/database/seeders/DatabaseSeeder.php(19): Illuminate\\Database\\Seeder->call()
#7 /opt/lampp/htdocs/akr/vendor/laravel/framework/src/Illuminate/Container/BoundMethod.php(36): DatabaseSeeder->run()
#8 /opt/lampp/htdocs/akr/vendor/laravel/framework/src/Illuminate/Container/Util.php(40): Illuminate\\Container\\BoundMethod::Illuminate\\Container\\{closure}()
#9 /opt/lampp/htdocs/akr/vendor/laravel/framework/src/Illuminate/Container/BoundMethod.php(93): Illuminate\\Container\\Util::unwrapIfClosure()
#10 /opt/lampp/htdocs/akr/vendor/laravel/framework/src/Illuminate/Container/BoundMethod.php(37): Illuminate\\Container\\BoundMethod::callBoundMethod()
#11 /opt/lampp/htdocs/akr/vendor/laravel/framework/src/Illuminate/Container/Container.php(651): Illuminate\\Container\\BoundMethod::call()
#12 /opt/lampp/htdocs/akr/vendor/laravel/framework/src/Illuminate/Database/Seeder.php(149): Illuminate\\Container\\Container->call()
#13 /opt/lampp/htdocs/akr/vendor/laravel/framework/src/Illuminate/Database/Console/Seeds/SeedCommand.php(66): Illuminate\\Database\\Seeder->__invoke()
#14 /opt/lampp/htdocs/akr/vendor/laravel/framework/src/Illuminate/Database/Eloquent/Concerns/GuardsAttributes.php(157): Illuminate\\Database\\Console\\Seeds\\SeedCommand->Illuminate\\Database\\Console\\Seeds\\{closure}()
#15 /opt/lampp/htdocs/akr/vendor/laravel/framework/src/Illuminate/Database/Console/Seeds/SeedCommand.php(67): Illuminate\\Database\\Eloquent\\Model::unguarded()
#16 /opt/lampp/htdocs/akr/vendor/laravel/framework/src/Illuminate/Container/BoundMethod.php(36): Illuminate\\Database\\Console\\Seeds\\SeedCommand->handle()
#17 /opt/lampp/htdocs/akr/vendor/laravel/framework/src/Illuminate/Container/Util.php(40): Illuminate\\Container\\BoundMethod::Illuminate\\Container\\{closure}()
#18 /opt/lampp/htdocs/akr/vendor/laravel/framework/src/Illuminate/Container/BoundMethod.php(93): Illuminate\\Container\\Util::unwrapIfClosure()
#19 /opt/lampp/htdocs/akr/vendor/laravel/framework/src/Illuminate/Container/BoundMethod.php(37): Illuminate\\Container\\BoundMethod::callBoundMethod()
#20 /opt/lampp/htdocs/akr/vendor/laravel/framework/src/Illuminate/Container/Container.php(651): Illuminate\\Container\\BoundMethod::call()
#21 /opt/lampp/htdocs/akr/vendor/laravel/framework/src/Illuminate/Console/Command.php(136): Illuminate\\Container\\Container->call()
#22 /opt/lampp/htdocs/akr/vendor/symfony/console/Command/Command.php(299): Illuminate\\Console\\Command->execute()
#23 /opt/lampp/htdocs/akr/vendor/laravel/framework/src/Illuminate/Console/Command.php(121): Symfony\\Component\\Console\\Command\\Command->run()
#24 /opt/lampp/htdocs/akr/vendor/laravel/framework/src/Illuminate/Console/Concerns/CallsCommands.php(68): Illuminate\\Console\\Command->run()
#25 /opt/lampp/htdocs/akr/vendor/laravel/framework/src/Illuminate/Console/Concerns/CallsCommands.php(28): Illuminate\\Console\\Command->runCommand()
#26 /opt/lampp/htdocs/akr/vendor/laravel/framework/src/Illuminate/Database/Console/Migrations/FreshCommand.php(90): Illuminate\\Console\\Command->call()
#27 /opt/lampp/htdocs/akr/vendor/laravel/framework/src/Illuminate/Database/Console/Migrations/FreshCommand.php(65): Illuminate\\Database\\Console\\Migrations\\FreshCommand->runSeeder()
#28 /opt/lampp/htdocs/akr/vendor/laravel/framework/src/Illuminate/Container/BoundMethod.php(36): Illuminate\\Database\\Console\\Migrations\\FreshCommand->handle()
#29 /opt/lampp/htdocs/akr/vendor/laravel/framework/src/Illuminate/Container/Util.php(40): Illuminate\\Container\\BoundMethod::Illuminate\\Container\\{closure}()
#30 /opt/lampp/htdocs/akr/vendor/laravel/framework/src/Illuminate/Container/BoundMethod.php(93): Illuminate\\Container\\Util::unwrapIfClosure()
#31 /opt/lampp/htdocs/akr/vendor/laravel/framework/src/Illuminate/Container/BoundMethod.php(37): Illuminate\\Container\\BoundMethod::callBoundMethod()
#32 /opt/lampp/htdocs/akr/vendor/laravel/framework/src/Illuminate/Container/Container.php(651): Illuminate\\Container\\BoundMethod::call()
#33 /opt/lampp/htdocs/akr/vendor/laravel/framework/src/Illuminate/Console/Command.php(136): Illuminate\\Container\\Container->call()
#34 /opt/lampp/htdocs/akr/vendor/symfony/console/Command/Command.php(299): Illuminate\\Console\\Command->execute()
#35 /opt/lampp/htdocs/akr/vendor/laravel/framework/src/Illuminate/Console/Command.php(121): Symfony\\Component\\Console\\Command\\Command->run()
#36 /opt/lampp/htdocs/akr/vendor/symfony/console/Application.php(978): Illuminate\\Console\\Command->run()
#37 /opt/lampp/htdocs/akr/vendor/symfony/console/Application.php(295): Symfony\\Component\\Console\\Application->doRunCommand()
#38 /opt/lampp/htdocs/akr/vendor/symfony/console/Application.php(167): Symfony\\Component\\Console\\Application->doRun()
#39 /opt/lampp/htdocs/akr/vendor/laravel/framework/src/Illuminate/Console/Application.php(92): Symfony\\Component\\Console\\Application->run()
#40 /opt/lampp/htdocs/akr/vendor/laravel/framework/src/Illuminate/Foundation/Console/Kernel.php(129): Illuminate\\Console\\Application->run()
#41 /opt/lampp/htdocs/akr/artisan(37): Illuminate\\Foundation\\Console\\Kernel->handle()
#42 {main}

[previous exception] [object] (ReflectionException(code: -1): Class \"Database\\Seeders\\PackagesTableSeeder\" does not exist at /opt/lampp/htdocs/akr/vendor/laravel/framework/src/Illuminate/Container/Container.php:873)
[stacktrace]
#0 /opt/lampp/htdocs/akr/vendor/laravel/framework/src/Illuminate/Container/Container.php(873): ReflectionClass->__construct()
#1 /opt/lampp/htdocs/akr/vendor/laravel/framework/src/Illuminate/Container/Container.php(754): Illuminate\\Container\\Container->build()
#2 /opt/lampp/htdocs/akr/vendor/laravel/framework/src/Illuminate/Foundation/Application.php(841): Illuminate\\Container\\Container->resolve()
#3 /opt/lampp/htdocs/akr/vendor/laravel/framework/src/Illuminate/Container/Container.php(692): Illuminate\\Foundation\\Application->resolve()
#4 /opt/lampp/htdocs/akr/vendor/laravel/framework/src/Illuminate/Foundation/Application.php(826): Illuminate\\Container\\Container->make()
#5 /opt/lampp/htdocs/akr/vendor/laravel/framework/src/Illuminate/Database/Seeder.php(94): Illuminate\\Foundation\\Application->make()
#6 /opt/lampp/htdocs/akr/vendor/laravel/framework/src/Illuminate/Database/Seeder.php(39): Illuminate\\Database\\Seeder->resolve()
#7 /opt/lampp/htdocs/akr/database/seeders/DatabaseSeeder.php(19): Illuminate\\Database\\Seeder->call()
#8 /opt/lampp/htdocs/akr/vendor/laravel/framework/src/Illuminate/Container/BoundMethod.php(36): DatabaseSeeder->run()
#9 /opt/lampp/htdocs/akr/vendor/laravel/framework/src/Illuminate/Container/Util.php(40): Illuminate\\Container\\BoundMethod::Illuminate\\Container\\{closure}()
#10 /opt/lampp/htdocs/akr/vendor/laravel/framework/src/Illuminate/Container/BoundMethod.php(93): Illuminate\\Container\\Util::unwrapIfClosure()
#11 /opt/lampp/htdocs/akr/vendor/laravel/framework/src/Illuminate/Container/BoundMethod.php(37): Illuminate\\Container\\BoundMethod::callBoundMethod()
#12 /opt/lampp/htdocs/akr/vendor/laravel/framework/src/Illuminate/Container/Container.php(651): Illuminate\\Container\\BoundMethod::call()
#13 /opt/lampp/htdocs/akr/vendor/laravel/framework/src/Illuminate/Database/Seeder.php(149): Illuminate\\Container\\Container->call()
#14 /opt/lampp/htdocs/akr/vendor/laravel/framework/src/Illuminate/Database/Console/Seeds/SeedCommand.php(66): Illuminate\\Database\\Seeder->__invoke()
#15 /opt/lampp/htdocs/akr/vendor/laravel/framework/src/Illuminate/Database/Eloquent/Concerns/GuardsAttributes.php(157): Illuminate\\Database\\Console\\Seeds\\SeedCommand->Illuminate\\Database\\Console\\Seeds\\{closure}()
#16 /opt/lampp/htdocs/akr/vendor/laravel/framework/src/Illuminate/Database/Console/Seeds/SeedCommand.php(67): Illuminate\\Database\\Eloquent\\Model::unguarded()
#17 /opt/lampp/htdocs/akr/vendor/laravel/framework/src/Illuminate/Container/BoundMethod.php(36): Illuminate\\Database\\Console\\Seeds\\SeedCommand->handle()
#18 /opt/lampp/htdocs/akr/vendor/laravel/framework/src/Illuminate/Container/Util.php(40): Illuminate\\Container\\BoundMethod::Illuminate\\Container\\{closure}()
#19 /opt/lampp/htdocs/akr/vendor/laravel/framework/src/Illuminate/Container/BoundMethod.php(93): Illuminate\\Container\\Util::unwrapIfClosure()
#20 /opt/lampp/htdocs/akr/vendor/laravel/framework/src/Illuminate/Container/BoundMethod.php(37): Illuminate\\Container\\BoundMethod::callBoundMethod()
#21 /opt/lampp/htdocs/akr/vendor/laravel/framework/src/Illuminate/Container/Container.php(651): Illuminate\\Container\\BoundMethod::call()
#22 /opt/lampp/htdocs/akr/vendor/laravel/framework/src/Illuminate/Console/Command.php(136): Illuminate\\Container\\Container->call()
#23 /opt/lampp/htdocs/akr/vendor/symfony/console/Command/Command.php(299): Illuminate\\Console\\Command->execute()
#24 /opt/lampp/htdocs/akr/vendor/laravel/framework/src/Illuminate/Console/Command.php(121): Symfony\\Component\\Console\\Command\\Command->run()
#25 /opt/lampp/htdocs/akr/vendor/laravel/framework/src/Illuminate/Console/Concerns/CallsCommands.php(68): Illuminate\\Console\\Command->run()
#26 /opt/lampp/htdocs/akr/vendor/laravel/framework/src/Illuminate/Console/Concerns/CallsCommands.php(28): Illuminate\\Console\\Command->runCommand()
#27 /opt/lampp/htdocs/akr/vendor/laravel/framework/src/Illuminate/Database/Console/Migrations/FreshCommand.php(90): Illuminate\\Console\\Command->call()
#28 /opt/lampp/htdocs/akr/vendor/laravel/framework/src/Illuminate/Database/Console/Migrations/FreshCommand.php(65): Illuminate\\Database\\Console\\Migrations\\FreshCommand->runSeeder()
#29 /opt/lampp/htdocs/akr/vendor/laravel/framework/src/Illuminate/Container/BoundMethod.php(36): Illuminate\\Database\\Console\\Migrations\\FreshCommand->handle()
#30 /opt/lampp/htdocs/akr/vendor/laravel/framework/src/Illuminate/Container/Util.php(40): Illuminate\\Container\\BoundMethod::Illuminate\\Container\\{closure}()
#31 /opt/lampp/htdocs/akr/vendor/laravel/framework/src/Illuminate/Container/BoundMethod.php(93): Illuminate\\Container\\Util::unwrapIfClosure()
#32 /opt/lampp/htdocs/akr/vendor/laravel/framework/src/Illuminate/Container/BoundMethod.php(37): Illuminate\\Container\\BoundMethod::callBoundMethod()
#33 /opt/lampp/htdocs/akr/vendor/laravel/framework/src/Illuminate/Container/Container.php(651): Illuminate\\Container\\BoundMethod::call()
#34 /opt/lampp/htdocs/akr/vendor/laravel/framework/src/Illuminate/Console/Command.php(136): Illuminate\\Container\\Container->call()
#35 /opt/lampp/htdocs/akr/vendor/symfony/console/Command/Command.php(299): Illuminate\\Console\\Command->execute()
#36 /opt/lampp/htdocs/akr/vendor/laravel/framework/src/Illuminate/Console/Command.php(121): Symfony\\Component\\Console\\Command\\Command->run()
#37 /opt/lampp/htdocs/akr/vendor/symfony/console/Application.php(978): Illuminate\\Console\\Command->run()
#38 /opt/lampp/htdocs/akr/vendor/symfony/console/Application.php(295): Symfony\\Component\\Console\\Application->doRunCommand()
#39 /opt/lampp/htdocs/akr/vendor/symfony/console/Application.php(167): Symfony\\Component\\Console\\Application->doRun()
#40 /opt/lampp/htdocs/akr/vendor/laravel/framework/src/Illuminate/Console/Application.php(92): Symfony\\Component\\Console\\Application->run()
#41 /opt/lampp/htdocs/akr/vendor/laravel/framework/src/Illuminate/Foundation/Console/Kernel.php(129): Illuminate\\Console\\Application->run()
#42 /opt/lampp/htdocs/akr/artisan(37): Illuminate\\Foundation\\Console\\Kernel->handle()
#43 {main}
"} 
[2021-07-16 13:47:51] local.ERROR: Target class [OrdenPurchasesSeeder] does not exist. {"exception":"[object] (Illuminate\\Contracts\\Container\\BindingResolutionException(code: 0): Target class [OrdenPurchasesSeeder] does not exist. at /opt/lampp/htdocs/akr/vendor/laravel/framework/src/Illuminate/Container/Container.php:875)
[stacktrace]
#0 /opt/lampp/htdocs/akr/vendor/laravel/framework/src/Illuminate/Container/Container.php(754): Illuminate\\Container\\Container->build()
#1 /opt/lampp/htdocs/akr/vendor/laravel/framework/src/Illuminate/Foundation/Application.php(841): Illuminate\\Container\\Container->resolve()
#2 /opt/lampp/htdocs/akr/vendor/laravel/framework/src/Illuminate/Container/Container.php(692): Illuminate\\Foundation\\Application->resolve()
#3 /opt/lampp/htdocs/akr/vendor/laravel/framework/src/Illuminate/Foundation/Application.php(826): Illuminate\\Container\\Container->make()
#4 /opt/lampp/htdocs/akr/vendor/laravel/framework/src/Illuminate/Database/Seeder.php(94): Illuminate\\Foundation\\Application->make()
#5 /opt/lampp/htdocs/akr/vendor/laravel/framework/src/Illuminate/Database/Seeder.php(39): Illuminate\\Database\\Seeder->resolve()
#6 /opt/lampp/htdocs/akr/database/seeders/DatabaseSeeder.php(19): Illuminate\\Database\\Seeder->call()
#7 /opt/lampp/htdocs/akr/vendor/laravel/framework/src/Illuminate/Container/BoundMethod.php(36): DatabaseSeeder->run()
#8 /opt/lampp/htdocs/akr/vendor/laravel/framework/src/Illuminate/Container/Util.php(40): Illuminate\\Container\\BoundMethod::Illuminate\\Container\\{closure}()
#9 /opt/lampp/htdocs/akr/vendor/laravel/framework/src/Illuminate/Container/BoundMethod.php(93): Illuminate\\Container\\Util::unwrapIfClosure()
#10 /opt/lampp/htdocs/akr/vendor/laravel/framework/src/Illuminate/Container/BoundMethod.php(37): Illuminate\\Container\\BoundMethod::callBoundMethod()
#11 /opt/lampp/htdocs/akr/vendor/laravel/framework/src/Illuminate/Container/Container.php(651): Illuminate\\Container\\BoundMethod::call()
#12 /opt/lampp/htdocs/akr/vendor/laravel/framework/src/Illuminate/Database/Seeder.php(149): Illuminate\\Container\\Container->call()
#13 /opt/lampp/htdocs/akr/vendor/laravel/framework/src/Illuminate/Database/Console/Seeds/SeedCommand.php(66): Illuminate\\Database\\Seeder->__invoke()
#14 /opt/lampp/htdocs/akr/vendor/laravel/framework/src/Illuminate/Database/Eloquent/Concerns/GuardsAttributes.php(157): Illuminate\\Database\\Console\\Seeds\\SeedCommand->Illuminate\\Database\\Console\\Seeds\\{closure}()
#15 /opt/lampp/htdocs/akr/vendor/laravel/framework/src/Illuminate/Database/Console/Seeds/SeedCommand.php(67): Illuminate\\Database\\Eloquent\\Model::unguarded()
#16 /opt/lampp/htdocs/akr/vendor/laravel/framework/src/Illuminate/Container/BoundMethod.php(36): Illuminate\\Database\\Console\\Seeds\\SeedCommand->handle()
#17 /opt/lampp/htdocs/akr/vendor/laravel/framework/src/Illuminate/Container/Util.php(40): Illuminate\\Container\\BoundMethod::Illuminate\\Container\\{closure}()
#18 /opt/lampp/htdocs/akr/vendor/laravel/framework/src/Illuminate/Container/BoundMethod.php(93): Illuminate\\Container\\Util::unwrapIfClosure()
#19 /opt/lampp/htdocs/akr/vendor/laravel/framework/src/Illuminate/Container/BoundMethod.php(37): Illuminate\\Container\\BoundMethod::callBoundMethod()
#20 /opt/lampp/htdocs/akr/vendor/laravel/framework/src/Illuminate/Container/Container.php(651): Illuminate\\Container\\BoundMethod::call()
#21 /opt/lampp/htdocs/akr/vendor/laravel/framework/src/Illuminate/Console/Command.php(136): Illuminate\\Container\\Container->call()
#22 /opt/lampp/htdocs/akr/vendor/symfony/console/Command/Command.php(299): Illuminate\\Console\\Command->execute()
#23 /opt/lampp/htdocs/akr/vendor/laravel/framework/src/Illuminate/Console/Command.php(121): Symfony\\Component\\Console\\Command\\Command->run()
#24 /opt/lampp/htdocs/akr/vendor/laravel/framework/src/Illuminate/Console/Concerns/CallsCommands.php(68): Illuminate\\Console\\Command->run()
#25 /opt/lampp/htdocs/akr/vendor/laravel/framework/src/Illuminate/Console/Concerns/CallsCommands.php(28): Illuminate\\Console\\Command->runCommand()
#26 /opt/lampp/htdocs/akr/vendor/laravel/framework/src/Illuminate/Database/Console/Migrations/FreshCommand.php(90): Illuminate\\Console\\Command->call()
#27 /opt/lampp/htdocs/akr/vendor/laravel/framework/src/Illuminate/Database/Console/Migrations/FreshCommand.php(65): Illuminate\\Database\\Console\\Migrations\\FreshCommand->runSeeder()
#28 /opt/lampp/htdocs/akr/vendor/laravel/framework/src/Illuminate/Container/BoundMethod.php(36): Illuminate\\Database\\Console\\Migrations\\FreshCommand->handle()
#29 /opt/lampp/htdocs/akr/vendor/laravel/framework/src/Illuminate/Container/Util.php(40): Illuminate\\Container\\BoundMethod::Illuminate\\Container\\{closure}()
#30 /opt/lampp/htdocs/akr/vendor/laravel/framework/src/Illuminate/Container/BoundMethod.php(93): Illuminate\\Container\\Util::unwrapIfClosure()
#31 /opt/lampp/htdocs/akr/vendor/laravel/framework/src/Illuminate/Container/BoundMethod.php(37): Illuminate\\Container\\BoundMethod::callBoundMethod()
#32 /opt/lampp/htdocs/akr/vendor/laravel/framework/src/Illuminate/Container/Container.php(651): Illuminate\\Container\\BoundMethod::call()
#33 /opt/lampp/htdocs/akr/vendor/laravel/framework/src/Illuminate/Console/Command.php(136): Illuminate\\Container\\Container->call()
#34 /opt/lampp/htdocs/akr/vendor/symfony/console/Command/Command.php(299): Illuminate\\Console\\Command->execute()
#35 /opt/lampp/htdocs/akr/vendor/laravel/framework/src/Illuminate/Console/Command.php(121): Symfony\\Component\\Console\\Command\\Command->run()
#36 /opt/lampp/htdocs/akr/vendor/symfony/console/Application.php(978): Illuminate\\Console\\Command->run()
#37 /opt/lampp/htdocs/akr/vendor/symfony/console/Application.php(295): Symfony\\Component\\Console\\Application->doRunCommand()
#38 /opt/lampp/htdocs/akr/vendor/symfony/console/Application.php(167): Symfony\\Component\\Console\\Application->doRun()
#39 /opt/lampp/htdocs/akr/vendor/laravel/framework/src/Illuminate/Console/Application.php(92): Symfony\\Component\\Console\\Application->run()
#40 /opt/lampp/htdocs/akr/vendor/laravel/framework/src/Illuminate/Foundation/Console/Kernel.php(129): Illuminate\\Console\\Application->run()
#41 /opt/lampp/htdocs/akr/artisan(37): Illuminate\\Foundation\\Console\\Kernel->handle()
#42 {main}

[previous exception] [object] (ReflectionException(code: -1): Class \"OrdenPurchasesSeeder\" does not exist at /opt/lampp/htdocs/akr/vendor/laravel/framework/src/Illuminate/Container/Container.php:873)
[stacktrace]
#0 /opt/lampp/htdocs/akr/vendor/laravel/framework/src/Illuminate/Container/Container.php(873): ReflectionClass->__construct()
#1 /opt/lampp/htdocs/akr/vendor/laravel/framework/src/Illuminate/Container/Container.php(754): Illuminate\\Container\\Container->build()
#2 /opt/lampp/htdocs/akr/vendor/laravel/framework/src/Illuminate/Foundation/Application.php(841): Illuminate\\Container\\Container->resolve()
#3 /opt/lampp/htdocs/akr/vendor/laravel/framework/src/Illuminate/Container/Container.php(692): Illuminate\\Foundation\\Application->resolve()
#4 /opt/lampp/htdocs/akr/vendor/laravel/framework/src/Illuminate/Foundation/Application.php(826): Illuminate\\Container\\Container->make()
#5 /opt/lampp/htdocs/akr/vendor/laravel/framework/src/Illuminate/Database/Seeder.php(94): Illuminate\\Foundation\\Application->make()
#6 /opt/lampp/htdocs/akr/vendor/laravel/framework/src/Illuminate/Database/Seeder.php(39): Illuminate\\Database\\Seeder->resolve()
#7 /opt/lampp/htdocs/akr/database/seeders/DatabaseSeeder.php(19): Illuminate\\Database\\Seeder->call()
#8 /opt/lampp/htdocs/akr/vendor/laravel/framework/src/Illuminate/Container/BoundMethod.php(36): DatabaseSeeder->run()
#9 /opt/lampp/htdocs/akr/vendor/laravel/framework/src/Illuminate/Container/Util.php(40): Illuminate\\Container\\BoundMethod::Illuminate\\Container\\{closure}()
#10 /opt/lampp/htdocs/akr/vendor/laravel/framework/src/Illuminate/Container/BoundMethod.php(93): Illuminate\\Container\\Util::unwrapIfClosure()
#11 /opt/lampp/htdocs/akr/vendor/laravel/framework/src/Illuminate/Container/BoundMethod.php(37): Illuminate\\Container\\BoundMethod::callBoundMethod()
#12 /opt/lampp/htdocs/akr/vendor/laravel/framework/src/Illuminate/Container/Container.php(651): Illuminate\\Container\\BoundMethod::call()
#13 /opt/lampp/htdocs/akr/vendor/laravel/framework/src/Illuminate/Database/Seeder.php(149): Illuminate\\Container\\Container->call()
#14 /opt/lampp/htdocs/akr/vendor/laravel/framework/src/Illuminate/Database/Console/Seeds/SeedCommand.php(66): Illuminate\\Database\\Seeder->__invoke()
#15 /opt/lampp/htdocs/akr/vendor/laravel/framework/src/Illuminate/Database/Eloquent/Concerns/GuardsAttributes.php(157): Illuminate\\Database\\Console\\Seeds\\SeedCommand->Illuminate\\Database\\Console\\Seeds\\{closure}()
#16 /opt/lampp/htdocs/akr/vendor/laravel/framework/src/Illuminate/Database/Console/Seeds/SeedCommand.php(67): Illuminate\\Database\\Eloquent\\Model::unguarded()
#17 /opt/lampp/htdocs/akr/vendor/laravel/framework/src/Illuminate/Container/BoundMethod.php(36): Illuminate\\Database\\Console\\Seeds\\SeedCommand->handle()
#18 /opt/lampp/htdocs/akr/vendor/laravel/framework/src/Illuminate/Container/Util.php(40): Illuminate\\Container\\BoundMethod::Illuminate\\Container\\{closure}()
#19 /opt/lampp/htdocs/akr/vendor/laravel/framework/src/Illuminate/Container/BoundMethod.php(93): Illuminate\\Container\\Util::unwrapIfClosure()
#20 /opt/lampp/htdocs/akr/vendor/laravel/framework/src/Illuminate/Container/BoundMethod.php(37): Illuminate\\Container\\BoundMethod::callBoundMethod()
#21 /opt/lampp/htdocs/akr/vendor/laravel/framework/src/Illuminate/Container/Container.php(651): Illuminate\\Container\\BoundMethod::call()
#22 /opt/lampp/htdocs/akr/vendor/laravel/framework/src/Illuminate/Console/Command.php(136): Illuminate\\Container\\Container->call()
#23 /opt/lampp/htdocs/akr/vendor/symfony/console/Command/Command.php(299): Illuminate\\Console\\Command->execute()
#24 /opt/lampp/htdocs/akr/vendor/laravel/framework/src/Illuminate/Console/Command.php(121): Symfony\\Component\\Console\\Command\\Command->run()
#25 /opt/lampp/htdocs/akr/vendor/laravel/framework/src/Illuminate/Console/Concerns/CallsCommands.php(68): Illuminate\\Console\\Command->run()
#26 /opt/lampp/htdocs/akr/vendor/laravel/framework/src/Illuminate/Console/Concerns/CallsCommands.php(28): Illuminate\\Console\\Command->runCommand()
#27 /opt/lampp/htdocs/akr/vendor/laravel/framework/src/Illuminate/Database/Console/Migrations/FreshCommand.php(90): Illuminate\\Console\\Command->call()
#28 /opt/lampp/htdocs/akr/vendor/laravel/framework/src/Illuminate/Database/Console/Migrations/FreshCommand.php(65): Illuminate\\Database\\Console\\Migrations\\FreshCommand->runSeeder()
#29 /opt/lampp/htdocs/akr/vendor/laravel/framework/src/Illuminate/Container/BoundMethod.php(36): Illuminate\\Database\\Console\\Migrations\\FreshCommand->handle()
#30 /opt/lampp/htdocs/akr/vendor/laravel/framework/src/Illuminate/Container/Util.php(40): Illuminate\\Container\\BoundMethod::Illuminate\\Container\\{closure}()
#31 /opt/lampp/htdocs/akr/vendor/laravel/framework/src/Illuminate/Container/BoundMethod.php(93): Illuminate\\Container\\Util::unwrapIfClosure()
#32 /opt/lampp/htdocs/akr/vendor/laravel/framework/src/Illuminate/Container/BoundMethod.php(37): Illuminate\\Container\\BoundMethod::callBoundMethod()
#33 /opt/lampp/htdocs/akr/vendor/laravel/framework/src/Illuminate/Container/Container.php(651): Illuminate\\Container\\BoundMethod::call()
#34 /opt/lampp/htdocs/akr/vendor/laravel/framework/src/Illuminate/Console/Command.php(136): Illuminate\\Container\\Container->call()
#35 /opt/lampp/htdocs/akr/vendor/symfony/console/Command/Command.php(299): Illuminate\\Console\\Command->execute()
#36 /opt/lampp/htdocs/akr/vendor/laravel/framework/src/Illuminate/Console/Command.php(121): Symfony\\Component\\Console\\Command\\Command->run()
#37 /opt/lampp/htdocs/akr/vendor/symfony/console/Application.php(978): Illuminate\\Console\\Command->run()
#38 /opt/lampp/htdocs/akr/vendor/symfony/console/Application.php(295): Symfony\\Component\\Console\\Application->doRunCommand()
#39 /opt/lampp/htdocs/akr/vendor/symfony/console/Application.php(167): Symfony\\Component\\Console\\Application->doRun()
#40 /opt/lampp/htdocs/akr/vendor/laravel/framework/src/Illuminate/Console/Application.php(92): Symfony\\Component\\Console\\Application->run()
#41 /opt/lampp/htdocs/akr/vendor/laravel/framework/src/Illuminate/Foundation/Console/Kernel.php(129): Illuminate\\Console\\Application->run()
#42 /opt/lampp/htdocs/akr/artisan(37): Illuminate\\Foundation\\Console\\Kernel->handle()
#43 {main}
"} 
[2021-07-16 13:55:32] local.ERROR: Target class [Database\Seeders\PackagesTableSeeder] does not exist. {"exception":"[object] (Illuminate\\Contracts\\Container\\BindingResolutionException(code: 0): Target class [Database\\Seeders\\PackagesTableSeeder] does not exist. at /opt/lampp/htdocs/akr/vendor/laravel/framework/src/Illuminate/Container/Container.php:875)
[stacktrace]
#0 /opt/lampp/htdocs/akr/vendor/laravel/framework/src/Illuminate/Container/Container.php(754): Illuminate\\Container\\Container->build()
#1 /opt/lampp/htdocs/akr/vendor/laravel/framework/src/Illuminate/Foundation/Application.php(841): Illuminate\\Container\\Container->resolve()
#2 /opt/lampp/htdocs/akr/vendor/laravel/framework/src/Illuminate/Container/Container.php(692): Illuminate\\Foundation\\Application->resolve()
#3 /opt/lampp/htdocs/akr/vendor/laravel/framework/src/Illuminate/Foundation/Application.php(826): Illuminate\\Container\\Container->make()
#4 /opt/lampp/htdocs/akr/vendor/laravel/framework/src/Illuminate/Database/Seeder.php(94): Illuminate\\Foundation\\Application->make()
#5 /opt/lampp/htdocs/akr/vendor/laravel/framework/src/Illuminate/Database/Seeder.php(39): Illuminate\\Database\\Seeder->resolve()
#6 /opt/lampp/htdocs/akr/database/seeders/DatabaseSeeder.php(20): Illuminate\\Database\\Seeder->call()
#7 /opt/lampp/htdocs/akr/vendor/laravel/framework/src/Illuminate/Container/BoundMethod.php(36): DatabaseSeeder->run()
#8 /opt/lampp/htdocs/akr/vendor/laravel/framework/src/Illuminate/Container/Util.php(40): Illuminate\\Container\\BoundMethod::Illuminate\\Container\\{closure}()
#9 /opt/lampp/htdocs/akr/vendor/laravel/framework/src/Illuminate/Container/BoundMethod.php(93): Illuminate\\Container\\Util::unwrapIfClosure()
#10 /opt/lampp/htdocs/akr/vendor/laravel/framework/src/Illuminate/Container/BoundMethod.php(37): Illuminate\\Container\\BoundMethod::callBoundMethod()
#11 /opt/lampp/htdocs/akr/vendor/laravel/framework/src/Illuminate/Container/Container.php(651): Illuminate\\Container\\BoundMethod::call()
#12 /opt/lampp/htdocs/akr/vendor/laravel/framework/src/Illuminate/Database/Seeder.php(149): Illuminate\\Container\\Container->call()
#13 /opt/lampp/htdocs/akr/vendor/laravel/framework/src/Illuminate/Database/Console/Seeds/SeedCommand.php(66): Illuminate\\Database\\Seeder->__invoke()
#14 /opt/lampp/htdocs/akr/vendor/laravel/framework/src/Illuminate/Database/Eloquent/Concerns/GuardsAttributes.php(157): Illuminate\\Database\\Console\\Seeds\\SeedCommand->Illuminate\\Database\\Console\\Seeds\\{closure}()
#15 /opt/lampp/htdocs/akr/vendor/laravel/framework/src/Illuminate/Database/Console/Seeds/SeedCommand.php(67): Illuminate\\Database\\Eloquent\\Model::unguarded()
#16 /opt/lampp/htdocs/akr/vendor/laravel/framework/src/Illuminate/Container/BoundMethod.php(36): Illuminate\\Database\\Console\\Seeds\\SeedCommand->handle()
#17 /opt/lampp/htdocs/akr/vendor/laravel/framework/src/Illuminate/Container/Util.php(40): Illuminate\\Container\\BoundMethod::Illuminate\\Container\\{closure}()
#18 /opt/lampp/htdocs/akr/vendor/laravel/framework/src/Illuminate/Container/BoundMethod.php(93): Illuminate\\Container\\Util::unwrapIfClosure()
#19 /opt/lampp/htdocs/akr/vendor/laravel/framework/src/Illuminate/Container/BoundMethod.php(37): Illuminate\\Container\\BoundMethod::callBoundMethod()
#20 /opt/lampp/htdocs/akr/vendor/laravel/framework/src/Illuminate/Container/Container.php(651): Illuminate\\Container\\BoundMethod::call()
#21 /opt/lampp/htdocs/akr/vendor/laravel/framework/src/Illuminate/Console/Command.php(136): Illuminate\\Container\\Container->call()
#22 /opt/lampp/htdocs/akr/vendor/symfony/console/Command/Command.php(299): Illuminate\\Console\\Command->execute()
#23 /opt/lampp/htdocs/akr/vendor/laravel/framework/src/Illuminate/Console/Command.php(121): Symfony\\Component\\Console\\Command\\Command->run()
#24 /opt/lampp/htdocs/akr/vendor/laravel/framework/src/Illuminate/Console/Concerns/CallsCommands.php(68): Illuminate\\Console\\Command->run()
#25 /opt/lampp/htdocs/akr/vendor/laravel/framework/src/Illuminate/Console/Concerns/CallsCommands.php(28): Illuminate\\Console\\Command->runCommand()
#26 /opt/lampp/htdocs/akr/vendor/laravel/framework/src/Illuminate/Database/Console/Migrations/FreshCommand.php(90): Illuminate\\Console\\Command->call()
#27 /opt/lampp/htdocs/akr/vendor/laravel/framework/src/Illuminate/Database/Console/Migrations/FreshCommand.php(65): Illuminate\\Database\\Console\\Migrations\\FreshCommand->runSeeder()
#28 /opt/lampp/htdocs/akr/vendor/laravel/framework/src/Illuminate/Container/BoundMethod.php(36): Illuminate\\Database\\Console\\Migrations\\FreshCommand->handle()
#29 /opt/lampp/htdocs/akr/vendor/laravel/framework/src/Illuminate/Container/Util.php(40): Illuminate\\Container\\BoundMethod::Illuminate\\Container\\{closure}()
#30 /opt/lampp/htdocs/akr/vendor/laravel/framework/src/Illuminate/Container/BoundMethod.php(93): Illuminate\\Container\\Util::unwrapIfClosure()
#31 /opt/lampp/htdocs/akr/vendor/laravel/framework/src/Illuminate/Container/BoundMethod.php(37): Illuminate\\Container\\BoundMethod::callBoundMethod()
#32 /opt/lampp/htdocs/akr/vendor/laravel/framework/src/Illuminate/Container/Container.php(651): Illuminate\\Container\\BoundMethod::call()
#33 /opt/lampp/htdocs/akr/vendor/laravel/framework/src/Illuminate/Console/Command.php(136): Illuminate\\Container\\Container->call()
#34 /opt/lampp/htdocs/akr/vendor/symfony/console/Command/Command.php(299): Illuminate\\Console\\Command->execute()
#35 /opt/lampp/htdocs/akr/vendor/laravel/framework/src/Illuminate/Console/Command.php(121): Symfony\\Component\\Console\\Command\\Command->run()
#36 /opt/lampp/htdocs/akr/vendor/symfony/console/Application.php(978): Illuminate\\Console\\Command->run()
#37 /opt/lampp/htdocs/akr/vendor/symfony/console/Application.php(295): Symfony\\Component\\Console\\Application->doRunCommand()
#38 /opt/lampp/htdocs/akr/vendor/symfony/console/Application.php(167): Symfony\\Component\\Console\\Application->doRun()
#39 /opt/lampp/htdocs/akr/vendor/laravel/framework/src/Illuminate/Console/Application.php(92): Symfony\\Component\\Console\\Application->run()
#40 /opt/lampp/htdocs/akr/vendor/laravel/framework/src/Illuminate/Foundation/Console/Kernel.php(129): Illuminate\\Console\\Application->run()
#41 /opt/lampp/htdocs/akr/artisan(37): Illuminate\\Foundation\\Console\\Kernel->handle()
#42 {main}

[previous exception] [object] (ReflectionException(code: -1): Class \"Database\\Seeders\\PackagesTableSeeder\" does not exist at /opt/lampp/htdocs/akr/vendor/laravel/framework/src/Illuminate/Container/Container.php:873)
[stacktrace]
#0 /opt/lampp/htdocs/akr/vendor/laravel/framework/src/Illuminate/Container/Container.php(873): ReflectionClass->__construct()
#1 /opt/lampp/htdocs/akr/vendor/laravel/framework/src/Illuminate/Container/Container.php(754): Illuminate\\Container\\Container->build()
#2 /opt/lampp/htdocs/akr/vendor/laravel/framework/src/Illuminate/Foundation/Application.php(841): Illuminate\\Container\\Container->resolve()
#3 /opt/lampp/htdocs/akr/vendor/laravel/framework/src/Illuminate/Container/Container.php(692): Illuminate\\Foundation\\Application->resolve()
#4 /opt/lampp/htdocs/akr/vendor/laravel/framework/src/Illuminate/Foundation/Application.php(826): Illuminate\\Container\\Container->make()
#5 /opt/lampp/htdocs/akr/vendor/laravel/framework/src/Illuminate/Database/Seeder.php(94): Illuminate\\Foundation\\Application->make()
#6 /opt/lampp/htdocs/akr/vendor/laravel/framework/src/Illuminate/Database/Seeder.php(39): Illuminate\\Database\\Seeder->resolve()
#7 /opt/lampp/htdocs/akr/database/seeders/DatabaseSeeder.php(20): Illuminate\\Database\\Seeder->call()
#8 /opt/lampp/htdocs/akr/vendor/laravel/framework/src/Illuminate/Container/BoundMethod.php(36): DatabaseSeeder->run()
#9 /opt/lampp/htdocs/akr/vendor/laravel/framework/src/Illuminate/Container/Util.php(40): Illuminate\\Container\\BoundMethod::Illuminate\\Container\\{closure}()
#10 /opt/lampp/htdocs/akr/vendor/laravel/framework/src/Illuminate/Container/BoundMethod.php(93): Illuminate\\Container\\Util::unwrapIfClosure()
#11 /opt/lampp/htdocs/akr/vendor/laravel/framework/src/Illuminate/Container/BoundMethod.php(37): Illuminate\\Container\\BoundMethod::callBoundMethod()
#12 /opt/lampp/htdocs/akr/vendor/laravel/framework/src/Illuminate/Container/Container.php(651): Illuminate\\Container\\BoundMethod::call()
#13 /opt/lampp/htdocs/akr/vendor/laravel/framework/src/Illuminate/Database/Seeder.php(149): Illuminate\\Container\\Container->call()
#14 /opt/lampp/htdocs/akr/vendor/laravel/framework/src/Illuminate/Database/Console/Seeds/SeedCommand.php(66): Illuminate\\Database\\Seeder->__invoke()
#15 /opt/lampp/htdocs/akr/vendor/laravel/framework/src/Illuminate/Database/Eloquent/Concerns/GuardsAttributes.php(157): Illuminate\\Database\\Console\\Seeds\\SeedCommand->Illuminate\\Database\\Console\\Seeds\\{closure}()
#16 /opt/lampp/htdocs/akr/vendor/laravel/framework/src/Illuminate/Database/Console/Seeds/SeedCommand.php(67): Illuminate\\Database\\Eloquent\\Model::unguarded()
#17 /opt/lampp/htdocs/akr/vendor/laravel/framework/src/Illuminate/Container/BoundMethod.php(36): Illuminate\\Database\\Console\\Seeds\\SeedCommand->handle()
#18 /opt/lampp/htdocs/akr/vendor/laravel/framework/src/Illuminate/Container/Util.php(40): Illuminate\\Container\\BoundMethod::Illuminate\\Container\\{closure}()
#19 /opt/lampp/htdocs/akr/vendor/laravel/framework/src/Illuminate/Container/BoundMethod.php(93): Illuminate\\Container\\Util::unwrapIfClosure()
#20 /opt/lampp/htdocs/akr/vendor/laravel/framework/src/Illuminate/Container/BoundMethod.php(37): Illuminate\\Container\\BoundMethod::callBoundMethod()
#21 /opt/lampp/htdocs/akr/vendor/laravel/framework/src/Illuminate/Container/Container.php(651): Illuminate\\Container\\BoundMethod::call()
#22 /opt/lampp/htdocs/akr/vendor/laravel/framework/src/Illuminate/Console/Command.php(136): Illuminate\\Container\\Container->call()
#23 /opt/lampp/htdocs/akr/vendor/symfony/console/Command/Command.php(299): Illuminate\\Console\\Command->execute()
#24 /opt/lampp/htdocs/akr/vendor/laravel/framework/src/Illuminate/Console/Command.php(121): Symfony\\Component\\Console\\Command\\Command->run()
#25 /opt/lampp/htdocs/akr/vendor/laravel/framework/src/Illuminate/Console/Concerns/CallsCommands.php(68): Illuminate\\Console\\Command->run()
#26 /opt/lampp/htdocs/akr/vendor/laravel/framework/src/Illuminate/Console/Concerns/CallsCommands.php(28): Illuminate\\Console\\Command->runCommand()
#27 /opt/lampp/htdocs/akr/vendor/laravel/framework/src/Illuminate/Database/Console/Migrations/FreshCommand.php(90): Illuminate\\Console\\Command->call()
#28 /opt/lampp/htdocs/akr/vendor/laravel/framework/src/Illuminate/Database/Console/Migrations/FreshCommand.php(65): Illuminate\\Database\\Console\\Migrations\\FreshCommand->runSeeder()
#29 /opt/lampp/htdocs/akr/vendor/laravel/framework/src/Illuminate/Container/BoundMethod.php(36): Illuminate\\Database\\Console\\Migrations\\FreshCommand->handle()
#30 /opt/lampp/htdocs/akr/vendor/laravel/framework/src/Illuminate/Container/Util.php(40): Illuminate\\Container\\BoundMethod::Illuminate\\Container\\{closure}()
#31 /opt/lampp/htdocs/akr/vendor/laravel/framework/src/Illuminate/Container/BoundMethod.php(93): Illuminate\\Container\\Util::unwrapIfClosure()
#32 /opt/lampp/htdocs/akr/vendor/laravel/framework/src/Illuminate/Container/BoundMethod.php(37): Illuminate\\Container\\BoundMethod::callBoundMethod()
#33 /opt/lampp/htdocs/akr/vendor/laravel/framework/src/Illuminate/Container/Container.php(651): Illuminate\\Container\\BoundMethod::call()
#34 /opt/lampp/htdocs/akr/vendor/laravel/framework/src/Illuminate/Console/Command.php(136): Illuminate\\Container\\Container->call()
#35 /opt/lampp/htdocs/akr/vendor/symfony/console/Command/Command.php(299): Illuminate\\Console\\Command->execute()
#36 /opt/lampp/htdocs/akr/vendor/laravel/framework/src/Illuminate/Console/Command.php(121): Symfony\\Component\\Console\\Command\\Command->run()
#37 /opt/lampp/htdocs/akr/vendor/symfony/console/Application.php(978): Illuminate\\Console\\Command->run()
#38 /opt/lampp/htdocs/akr/vendor/symfony/console/Application.php(295): Symfony\\Component\\Console\\Application->doRunCommand()
#39 /opt/lampp/htdocs/akr/vendor/symfony/console/Application.php(167): Symfony\\Component\\Console\\Application->doRun()
#40 /opt/lampp/htdocs/akr/vendor/laravel/framework/src/Illuminate/Console/Application.php(92): Symfony\\Component\\Console\\Application->run()
#41 /opt/lampp/htdocs/akr/vendor/laravel/framework/src/Illuminate/Foundation/Console/Kernel.php(129): Illuminate\\Console\\Application->run()
#42 /opt/lampp/htdocs/akr/artisan(37): Illuminate\\Foundation\\Console\\Kernel->handle()
#43 {main}
"} 
