[2021-09-08 20:49:44] local.ERROR: There are no commands defined in the "run" namespace. {"exception":"[object] (Symfony\\Component\\Console\\Exception\\NamespaceNotFoundException(code: 0): There are no commands defined in the \"run\" namespace. at C:\\laragon\\www\\akr\\vendor\\symfony\\console\\Application.php:612)
[stacktrace]
#0 C:\\laragon\\www\\akr\\vendor\\symfony\\console\\Application.php(663): Symfony\\Component\\Console\\Application->findNamespace('run')
#1 C:\\laragon\\www\\akr\\vendor\\symfony\\console\\Application.php(255): Symfony\\Component\\Console\\Application->find('run:schedule')
#2 C:\\laragon\\www\\akr\\vendor\\symfony\\console\\Application.php(167): Symfony\\Component\\Console\\Application->doRun(Object(Symfony\\Component\\Console\\Input\\ArgvInput), Object(Symfony\\Component\\Console\\Output\\ConsoleOutput))
#3 C:\\laragon\\www\\akr\\vendor\\laravel\\framework\\src\\Illuminate\\Console\\Application.php(92): Symfony\\Component\\Console\\Application->run(Object(Symfony\\Component\\Console\\Input\\ArgvInput), Object(Symfony\\Component\\Console\\Output\\ConsoleOutput))
#4 C:\\laragon\\www\\akr\\vendor\\laravel\\framework\\src\\Illuminate\\Foundation\\Console\\Kernel.php(129): Illuminate\\Console\\Application->run(Object(Symfony\\Component\\Console\\Input\\ArgvInput), Object(Symfony\\Component\\Console\\Output\\ConsoleOutput))
#5 C:\\laragon\\www\\akr\\artisan(37): Illuminate\\Foundation\\Console\\Kernel->handle(Object(Symfony\\Component\\Console\\Input\\ArgvInput), Object(Symfony\\Component\\Console\\Output\\ConsoleOutput))
#6 {main}
"} 
[2021-09-08 20:50:59] local.INFO: Inicio de los puntos y comisiones diarias - 2021-09-08 20:50:59  
[2021-09-08 20:50:59] local.INFO: Puntos Binarios Pagado  
[2021-09-08 20:50:59] local.INFO: Fin de los puntos y comisiones diarias - 2021-09-08 20:50:59  
[2021-09-08 20:51:00] local.INFO: Inicio pagar utilidad diaria- 2021-09-08 20:51:00  
[2021-09-08 20:51:01] local.INFO: Fin de pagar utilidad diaria - 2021-09-08 20:51:01  
[2021-09-08 20:51:02] local.INFO: Inicio Cron CheckRango 2021-09-08 20:51:02  
[2021-09-08 20:51:02] local.INFO: Fin Cron CheckRango 2021-09-08 20:51:02  
[2021-09-08 21:03:24] local.INFO: Inicio de los puntos y comisiones diarias - 2021-09-08 21:03:24  
[2021-09-08 21:03:24] local.INFO: Puntos Binarios Pagado  
[2021-09-08 21:03:25] local.INFO: Fin de los puntos y comisiones diarias - 2021-09-08 21:03:25  
[2021-09-08 21:03:26] local.INFO: Inicio pagar utilidad diaria- 2021-09-08 21:03:26  
[2021-09-08 21:03:27] local.INFO: Fin de pagar utilidad diaria - 2021-09-08 21:03:27  
[2021-09-08 21:03:28] local.INFO: Inicio Cron CheckRango 2021-09-08 21:03:28  
[2021-09-08 21:03:28] local.INFO: Fin Cron CheckRango 2021-09-08 21:03:28  
[2021-09-08 21:32:21] local.INFO: Inicio de los puntos y comisiones diarias - 2021-09-08 21:32:21  
[2021-09-08 21:32:21] local.INFO: Puntos Binarios Pagado  
[2021-09-08 21:32:22] local.INFO: Fin de los puntos y comisiones diarias - 2021-09-08 21:32:22  
