[2021-09-07 20:55:28] local.INFO: Inicio de los puntos y comisiones diarias - 2021-09-07 20:55:28  
[2021-09-07 20:55:28] local.INFO: Puntos Binarios Pagado  
[2021-09-07 20:55:29] local.INFO: Fin de los puntos y comisiones diarias - 2021-09-07 20:55:29  
[2021-09-07 20:55:29] local.INFO: Inicio pagar utilidad diaria- 2021-09-07 20:55:29  
[2021-09-07 20:55:29] local.INFO: Fin de pagar utilidad diaria - 2021-09-07 20:55:29  
[2021-09-07 20:55:29] local.INFO: Inicio Cron CheckRango 2021-09-07 20:55:29  
[2021-09-07 20:55:29] local.INFO: Fin Cron CheckRango 2021-09-07 20:55:29  
[2021-09-07 20:56:08] local.INFO: Inicio de los puntos y comisiones diarias - 2021-09-07 20:56:08  
[2021-09-07 20:56:08] local.INFO: Puntos Binarios Pagado  
[2021-09-07 20:56:08] local.INFO: Fin de los puntos y comisiones diarias - 2021-09-07 20:56:08  
[2021-09-07 20:56:08] local.INFO: Inicio pagar utilidad diaria- 2021-09-07 20:56:08  
[2021-09-07 20:56:08] local.INFO: Fin de pagar utilidad diaria - 2021-09-07 20:56:08  
[2021-09-07 20:56:09] local.INFO: Inicio Cron CheckRango 2021-09-07 20:56:09  
[2021-09-07 20:56:09] local.INFO: Fin Cron CheckRango 2021-09-07 20:56:09  
[2021-09-07 20:56:45] local.INFO: Inicio de los puntos y comisiones diarias - 2021-09-07 20:56:45  
[2021-09-07 20:56:45] local.INFO: Puntos Binarios Pagado  
[2021-09-07 20:56:45] local.INFO: Fin de los puntos y comisiones diarias - 2021-09-07 20:56:45  
[2021-09-07 20:56:45] local.INFO: Inicio pagar utilidad diaria- 2021-09-07 20:56:45  
[2021-09-07 20:56:45] local.INFO: Fin de pagar utilidad diaria - 2021-09-07 20:56:45  
[2021-09-07 20:56:45] local.INFO: Inicio Cron CheckRango 2021-09-07 20:56:45  
[2021-09-07 20:56:45] local.INFO: Fin Cron CheckRango 2021-09-07 20:56:45  
[2021-09-08 14:12:51] local.INFO: Inicio de los puntos y comisiones diarias - 2021-09-08 14:12:51  
[2021-09-08 14:12:51] local.INFO: Puntos Binarios Pagado  
[2021-09-08 14:12:51] local.INFO: Fin de los puntos y comisiones diarias - 2021-09-08 14:12:51  
[2021-09-08 14:12:52] local.INFO: Inicio pagar utilidad diaria- 2021-09-08 14:12:52  
[2021-09-08 14:12:52] local.INFO: Fin de pagar utilidad diaria - 2021-09-08 14:12:52  
[2021-09-08 14:12:52] local.INFO: Inicio Cron CheckRango 2021-09-08 14:12:52  
[2021-09-08 14:12:52] local.INFO: Fin Cron CheckRango 2021-09-08 14:12:52  
