[2021-08-31 18:27:12] local.ERROR: InversionController - saveInversion -> Error: PDOException: SQLSTATE[42S22]: Column not found: 1054 Unknown column 'retiro' in 'field list' in /home/abraham/Documents/coding/akr/vendor/laravel/framework/src/Illuminate/Database/Connection.php:479
Stack trace:
#0 /home/abraham/Documents/coding/akr/vendor/laravel/framework/src/Illuminate/Database/Connection.php(479): PDO->prepare('insert into `in...')
#1 /home/abraham/Documents/coding/akr/vendor/laravel/framework/src/Illuminate/Database/Connection.php(685): Illuminate\Database\Connection->Illuminate\Database\{closure}('insert into `in...', Array)
#2 /home/abraham/Documents/coding/akr/vendor/laravel/framework/src/Illuminate/Database/Connection.php(652): Illuminate\Database\Connection->runQueryCallback('insert into `in...', Array, Object(Closure))
#3 /home/abraham/Documents/coding/akr/vendor/laravel/framework/src/Illuminate/Database/Connection.php(486): Illuminate\Database\Connection->run('insert into `in...', Array, Object(Closure))
#4 /home/abraham/Documents/coding/akr/vendor/laravel/framework/src/Illuminate/Database/Connection.php(438): Illuminate\Database\Connection->statement('insert into `in...', Array)
#5 /home/abraham/Documents/coding/akr/vendor/laravel/framework/src/Illuminate/Database/Query/Processors/Processor.php(32): Illuminate\Database\Connection->insert('insert into `in...', Array)
#6 /home/abraham/Documents/coding/akr/vendor/laravel/framework/src/Illuminate/Database/Query/Builder.php(2964): Illuminate\Database\Query\Processors\Processor->processInsertGetId(Object(Illuminate\Database\Query\Builder), 'insert into `in...', Array, 'id')
#7 /home/abraham/Documents/coding/akr/vendor/laravel/framework/src/Illuminate/Database/Eloquent/Builder.php(1617): Illuminate\Database\Query\Builder->insertGetId(Array, 'id')
#8 /home/abraham/Documents/coding/akr/vendor/laravel/framework/src/Illuminate/Database/Eloquent/Model.php(1124): Illuminate\Database\Eloquent\Builder->__call('insertGetId', Array)
#9 /home/abraham/Documents/coding/akr/vendor/laravel/framework/src/Illuminate/Database/Eloquent/Model.php(1089): Illuminate\Database\Eloquent\Model->insertAndSetId(Object(Illuminate\Database\Eloquent\Builder), Array)
#10 /home/abraham/Documents/coding/akr/vendor/laravel/framework/src/Illuminate/Database/Eloquent/Model.php(930): Illuminate\Database\Eloquent\Model->performInsert(Object(Illuminate\Database\Eloquent\Builder))
#11 /home/abraham/Documents/coding/akr/vendor/laravel/framework/src/Illuminate/Database/Eloquent/Builder.php(871): Illuminate\Database\Eloquent\Model->save()
#12 /home/abraham/Documents/coding/akr/vendor/laravel/framework/src/Illuminate/Support/helpers.php(263): Illuminate\Database\Eloquent\Builder->Illuminate\Database\Eloquent\{closure}(Object(App\Models\Inversion))
#13 /home/abraham/Documents/coding/akr/vendor/laravel/framework/src/Illuminate/Database/Eloquent/Builder.php(872): tap(Object(App\Models\Inversion), Object(Closure))
#14 /home/abraham/Documents/coding/akr/vendor/laravel/framework/src/Illuminate/Support/Traits/ForwardsCalls.php(23): Illuminate\Database\Eloquent\Builder->create(Array)
#15 /home/abraham/Documents/coding/akr/vendor/laravel/framework/src/Illuminate/Database/Eloquent/Model.php(1993): Illuminate\Database\Eloquent\Model->forwardCallTo(Object(Illuminate\Database\Eloquent\Builder), 'create', Array)
#16 /home/abraham/Documents/coding/akr/vendor/laravel/framework/src/Illuminate/Database/Eloquent/Model.php(2005): Illuminate\Database\Eloquent\Model->__call('create', Array)
#17 /home/abraham/Documents/coding/akr/app/Http/Controllers/InversionController.php(74): Illuminate\Database\Eloquent\Model::__callStatic('create', Array)
#18 /home/abraham/Documents/coding/akr/app/Http/Controllers/TiendaController.php(199): App\Http\Controllers\InversionController->saveInversion(47, '1260.00', 5)
#19 /home/abraham/Documents/coding/akr/app/Http/Controllers/TiendaController.php(283): App\Http\Controllers\TiendaController->registeInversion('47')
#20 /home/abraham/Documents/coding/akr/vendor/laravel/framework/src/Illuminate/Routing/Controller.php(54): App\Http\Controllers\TiendaController->cambiar_status(Object(Illuminate\Http\Request))
#21 /home/abraham/Documents/coding/akr/vendor/laravel/framework/src/Illuminate/Routing/ControllerDispatcher.php(45): Illuminate\Routing\Controller->callAction('cambiar_status', Array)
#22 /home/abraham/Documents/coding/akr/vendor/laravel/framework/src/Illuminate/Routing/Route.php(254): Illuminate\Routing\ControllerDispatcher->dispatch(Object(Illuminate\Routing\Route), Object(App\Http\Controllers\TiendaController), 'cambiar_status')
#23 /home/abraham/Documents/coding/akr/vendor/laravel/framework/src/Illuminate/Routing/Route.php(197): Illuminate\Routing\Route->runController()
#24 /home/abraham/Documents/coding/akr/vendor/laravel/framework/src/Illuminate/Routing/Router.php(695): Illuminate\Routing\Route->run()
#25 /home/abraham/Documents/coding/akr/vendor/laravel/framework/src/Illuminate/Pipeline/Pipeline.php(128): Illuminate\Routing\Router->Illuminate\Routing\{closure}(Object(Illuminate\Http\Request))
#26 /home/abraham/Documents/coding/akr/app/Http/Middleware/Menu.php(28): Illuminate\Pipeline\Pipeline->Illuminate\Pipeline\{closure}(Object(Illuminate\Http\Request))
#27 /home/abraham/Documents/coding/akr/vendor/laravel/framework/src/Illuminate/Pipeline/Pipeline.php(167): App\Http\Middleware\Menu->handle(Object(Illuminate\Http\Request), Object(Closure))
#28 /home/abraham/Documents/coding/akr/vendor/laravel/framework/src/Illuminate/Routing/Middleware/SubstituteBindings.php(50): Illuminate\Pipeline\Pipeline->Illuminate\Pipeline\{closure}(Object(Illuminate\Http\Request))
#29 /home/abraham/Documents/coding/akr/vendor/laravel/framework/src/Illuminate/Pipeline/Pipeline.php(167): Illuminate\Routing\Middleware\SubstituteBindings->handle(Object(Illuminate\Http\Request), Object(Closure))
#30 /home/abraham/Documents/coding/akr/vendor/laravel/framework/src/Illuminate/Auth/Middleware/Authenticate.php(44): Illuminate\Pipeline\Pipeline->Illuminate\Pipeline\{closure}(Object(Illuminate\Http\Request))
#31 /home/abraham/Documents/coding/akr/vendor/laravel/framework/src/Illuminate/Pipeline/Pipeline.php(167): Illuminate\Auth\Middleware\Authenticate->handle(Object(Illuminate\Http\Request), Object(Closure))
#32 /home/abraham/Documents/coding/akr/vendor/laravel/framework/src/Illuminate/Foundation/Http/Middleware/VerifyCsrfToken.php(78): Illuminate\Pipeline\Pipeline->Illuminate\Pipeline\{closure}(Object(Illuminate\Http\Request))
#33 /home/abraham/Documents/coding/akr/vendor/laravel/framework/src/Illuminate/Pipeline/Pipeline.php(167): Illuminate\Foundation\Http\Middleware\VerifyCsrfToken->handle(Object(Illuminate\Http\Request), Object(Closure))
#34 /home/abraham/Documents/coding/akr/vendor/laravel/framework/src/Illuminate/View/Middleware/ShareErrorsFromSession.php(49): Illuminate\Pipeline\Pipeline->Illuminate\Pipeline\{closure}(Object(Illuminate\Http\Request))
#35 /home/abraham/Documents/coding/akr/vendor/laravel/framework/src/Illuminate/Pipeline/Pipeline.php(167): Illuminate\View\Middleware\ShareErrorsFromSession->handle(Object(Illuminate\Http\Request), Object(Closure))
#36 /home/abraham/Documents/coding/akr/vendor/laravel/framework/src/Illuminate/Session/Middleware/StartSession.php(121): Illuminate\Pipeline\Pipeline->Illuminate\Pipeline\{closure}(Object(Illuminate\Http\Request))
#37 /home/abraham/Documents/coding/akr/vendor/laravel/framework/src/Illuminate/Session/Middleware/StartSession.php(64): Illuminate\Session\Middleware\StartSession->handleStatefulRequest(Object(Illuminate\Http\Request), Object(Illuminate\Session\Store), Object(Closure))
#38 /home/abraham/Documents/coding/akr/vendor/laravel/framework/src/Illuminate/Pipeline/Pipeline.php(167): Illuminate\Session\Middleware\StartSession->handle(Object(Illuminate\Http\Request), Object(Closure))
#39 /home/abraham/Documents/coding/akr/vendor/laravel/framework/src/Illuminate/Cookie/Middleware/AddQueuedCookiesToResponse.php(37): Illuminate\Pipeline\Pipeline->Illuminate\Pipeline\{closure}(Object(Illuminate\Http\Request))
#40 /home/abraham/Documents/coding/akr/vendor/laravel/framework/src/Illuminate/Pipeline/Pipeline.php(167): Illuminate\Cookie\Middleware\AddQueuedCookiesToResponse->handle(Object(Illuminate\Http\Request), Object(Closure))
#41 /home/abraham/Documents/coding/akr/vendor/laravel/framework/src/Illuminate/Cookie/Middleware/EncryptCookies.php(67): Illuminate\Pipeline\Pipeline->Illuminate\Pipeline\{closure}(Object(Illuminate\Http\Request))
#42 /home/abraham/Documents/coding/akr/vendor/laravel/framework/src/Illuminate/Pipeline/Pipeline.php(167): Illuminate\Cookie\Middleware\EncryptCookies->handle(Object(Illuminate\Http\Request), Object(Closure))
#43 /home/abraham/Documents/coding/akr/vendor/laravel/framework/src/Illuminate/Pipeline/Pipeline.php(103): Illuminate\Pipeline\Pipeline->Illuminate\Pipeline\{closure}(Object(Illuminate\Http\Request))
#44 /home/abraham/Documents/coding/akr/vendor/laravel/framework/src/Illuminate/Routing/Router.php(697): Illuminate\Pipeline\Pipeline->then(Object(Closure))
#45 /home/abraham/Documents/coding/akr/vendor/laravel/framework/src/Illuminate/Routing/Router.php(672): Illuminate\Routing\Router->runRouteWithinStack(Object(Illuminate\Routing\Route), Object(Illuminate\Http\Request))
#46 /home/abraham/Documents/coding/akr/vendor/laravel/framework/src/Illuminate/Routing/Router.php(636): Illuminate\Routing\Router->runRoute(Object(Illuminate\Http\Request), Object(Illuminate\Routing\Route))
#47 /home/abraham/Documents/coding/akr/vendor/laravel/framework/src/Illuminate/Routing/Router.php(625): Illuminate\Routing\Router->dispatchToRoute(Object(Illuminate\Http\Request))
#48 /home/abraham/Documents/coding/akr/vendor/laravel/framework/src/Illuminate/Foundation/Http/Kernel.php(166): Illuminate\Routing\Router->dispatch(Object(Illuminate\Http\Request))
#49 /home/abraham/Documents/coding/akr/vendor/laravel/framework/src/Illuminate/Pipeline/Pipeline.php(128): Illuminate\Foundation\Http\Kernel->Illuminate\Foundation\Http\{closure}(Object(Illuminate\Http\Request))
#50 /home/abraham/Documents/coding/akr/vendor/laravel/framework/src/Illuminate/Foundation/Http/Middleware/TransformsRequest.php(21): Illuminate\Pipeline\Pipeline->Illuminate\Pipeline\{closure}(Object(Illuminate\Http\Request))
#51 /home/abraham/Documents/coding/akr/vendor/laravel/framework/src/Illuminate/Foundation/Http/Middleware/ConvertEmptyStringsToNull.php(31): Illuminate\Foundation\Http\Middleware\TransformsRequest->handle(Object(Illuminate\Http\Request), Object(Closure))
#52 /home/abraham/Documents/coding/akr/vendor/laravel/framework/src/Illuminate/Pipeline/Pipeline.php(167): Illuminate\Foundation\Http\Middleware\ConvertEmptyStringsToNull->handle(Object(Illuminate\Http\Request), Object(Closure))
#53 /home/abraham/Documents/coding/akr/vendor/laravel/framework/src/Illuminate/Foundation/Http/Middleware/TransformsRequest.php(21): Illuminate\Pipeline\Pipeline->Illuminate\Pipeline\{closure}(Object(Illuminate\Http\Request))
#54 /home/abraham/Documents/coding/akr/vendor/laravel/framework/src/Illuminate/Foundation/Http/Middleware/TrimStrings.php(40): Illuminate\Foundation\Http\Middleware\TransformsRequest->handle(Object(Illuminate\Http\Request), Object(Closure))
#55 /home/abraham/Documents/coding/akr/vendor/laravel/framework/src/Illuminate/Pipeline/Pipeline.php(167): Illuminate\Foundation\Http\Middleware\TrimStrings->handle(Object(Illuminate\Http\Request), Object(Closure))
#56 /home/abraham/Documents/coding/akr/vendor/laravel/framework/src/Illuminate/Foundation/Http/Middleware/ValidatePostSize.php(27): Illuminate\Pipeline\Pipeline->Illuminate\Pipeline\{closure}(Object(Illuminate\Http\Request))
#57 /home/abraham/Documents/coding/akr/vendor/laravel/framework/src/Illuminate/Pipeline/Pipeline.php(167): Illuminate\Foundation\Http\Middleware\ValidatePostSize->handle(Object(Illuminate\Http\Request), Object(Closure))
#58 /home/abraham/Documents/coding/akr/vendor/laravel/framework/src/Illuminate/Foundation/Http/Middleware/PreventRequestsDuringMaintenance.php(86): Illuminate\Pipeline\Pipeline->Illuminate\Pipeline\{closure}(Object(Illuminate\Http\Request))
#59 /home/abraham/Documents/coding/akr/vendor/laravel/framework/src/Illuminate/Pipeline/Pipeline.php(167): Illuminate\Foundation\Http\Middleware\PreventRequestsDuringMaintenance->handle(Object(Illuminate\Http\Request), Object(Closure))
#60 /home/abraham/Documents/coding/akr/vendor/fruitcake/laravel-cors/src/HandleCors.php(38): Illuminate\Pipeline\Pipeline->Illuminate\Pipeline\{closure}(Object(Illuminate\Http\Request))
#61 /home/abraham/Documents/coding/akr/vendor/laravel/framework/src/Illuminate/Pipeline/Pipeline.php(167): Fruitcake\Cors\HandleCors->handle(Object(Illuminate\Http\Request), Object(Closure))
#62 /home/abraham/Documents/coding/akr/vendor/fideloper/proxy/src/TrustProxies.php(57): Illuminate\Pipeline\Pipeline->Illuminate\Pipeline\{closure}(Object(Illuminate\Http\Request))
#63 /home/abraham/Documents/coding/akr/vendor/laravel/framework/src/Illuminate/Pipeline/Pipeline.php(167): Fideloper\Proxy\TrustProxies->handle(Object(Illuminate\Http\Request), Object(Closure))
#64 /home/abraham/Documents/coding/akr/vendor/laravel/framework/src/Illuminate/Pipeline/Pipeline.php(103): Illuminate\Pipeline\Pipeline->Illuminate\Pipeline\{closure}(Object(Illuminate\Http\Request))
#65 /home/abraham/Documents/coding/akr/vendor/laravel/framework/src/Illuminate/Foundation/Http/Kernel.php(141): Illuminate\Pipeline\Pipeline->then(Object(Closure))
#66 /home/abraham/Documents/coding/akr/vendor/laravel/framework/src/Illuminate/Foundation/Http/Kernel.php(110): Illuminate\Foundation\Http\Kernel->sendRequestThroughRouter(Object(Illuminate\Http\Request))
#67 /home/abraham/Documents/coding/akr/public/index.php(55): Illuminate\Foundation\Http\Kernel->handle(Object(Illuminate\Http\Request))
#68 /home/abraham/Documents/coding/akr/server.php(21): require_once('/home/abraham/D...')
#69 {main}

Next Illuminate\Database\QueryException: SQLSTATE[42S22]: Column not found: 1054 Unknown column 'retiro' in 'field list' (SQL: insert into `inversions` (`iduser`, `orden_id`, `invertido`, `ganacia`, `retiro`, `capital`, `progreso`, `updated_at`, `created_at`) values (5, 47, 1260.00, 0, 0, 1260.00, 0, 2021-08-31 18:27:12, 2021-08-31 18:27:12)) in /home/abraham/Documents/coding/akr/vendor/laravel/framework/src/Illuminate/Database/Connection.php:692
Stack trace:
#0 /home/abraham/Documents/coding/akr/vendor/laravel/framework/src/Illuminate/Database/Connection.php(652): Illuminate\Database\Connection->runQueryCallback('insert into `in...', Array, Object(Closure))
#1 /home/abraham/Documents/coding/akr/vendor/laravel/framework/src/Illuminate/Database/Connection.php(486): Illuminate\Database\Connection->run('insert into `in...', Array, Object(Closure))
#2 /home/abraham/Documents/coding/akr/vendor/laravel/framework/src/Illuminate/Database/Connection.php(438): Illuminate\Database\Connection->statement('insert into `in...', Array)
#3 /home/abraham/Documents/coding/akr/vendor/laravel/framework/src/Illuminate/Database/Query/Processors/Processor.php(32): Illuminate\Database\Connection->insert('insert into `in...', Array)
#4 /home/abraham/Documents/coding/akr/vendor/laravel/framework/src/Illuminate/Database/Query/Builder.php(2964): Illuminate\Database\Query\Processors\Processor->processInsertGetId(Object(Illuminate\Database\Query\Builder), 'insert into `in...', Array, 'id')
#5 /home/abraham/Documents/coding/akr/vendor/laravel/framework/src/Illuminate/Database/Eloquent/Builder.php(1617): Illuminate\Database\Query\Builder->insertGetId(Array, 'id')
#6 /home/abraham/Documents/coding/akr/vendor/laravel/framework/src/Illuminate/Database/Eloquent/Model.php(1124): Illuminate\Database\Eloquent\Builder->__call('insertGetId', Array)
#7 /home/abraham/Documents/coding/akr/vendor/laravel/framework/src/Illuminate/Database/Eloquent/Model.php(1089): Illuminate\Database\Eloquent\Model->insertAndSetId(Object(Illuminate\Database\Eloquent\Builder), Array)
#8 /home/abraham/Documents/coding/akr/vendor/laravel/framework/src/Illuminate/Database/Eloquent/Model.php(930): Illuminate\Database\Eloquent\Model->performInsert(Object(Illuminate\Database\Eloquent\Builder))
#9 /home/abraham/Documents/coding/akr/vendor/laravel/framework/src/Illuminate/Database/Eloquent/Builder.php(871): Illuminate\Database\Eloquent\Model->save()
#10 /home/abraham/Documents/coding/akr/vendor/laravel/framework/src/Illuminate/Support/helpers.php(263): Illuminate\Database\Eloquent\Builder->Illuminate\Database\Eloquent\{closure}(Object(App\Models\Inversion))
#11 /home/abraham/Documents/coding/akr/vendor/laravel/framework/src/Illuminate/Database/Eloquent/Builder.php(872): tap(Object(App\Models\Inversion), Object(Closure))
#12 /home/abraham/Documents/coding/akr/vendor/laravel/framework/src/Illuminate/Support/Traits/ForwardsCalls.php(23): Illuminate\Database\Eloquent\Builder->create(Array)
#13 /home/abraham/Documents/coding/akr/vendor/laravel/framework/src/Illuminate/Database/Eloquent/Model.php(1993): Illuminate\Database\Eloquent\Model->forwardCallTo(Object(Illuminate\Database\Eloquent\Builder), 'create', Array)
#14 /home/abraham/Documents/coding/akr/vendor/laravel/framework/src/Illuminate/Database/Eloquent/Model.php(2005): Illuminate\Database\Eloquent\Model->__call('create', Array)
#15 /home/abraham/Documents/coding/akr/app/Http/Controllers/InversionController.php(74): Illuminate\Database\Eloquent\Model::__callStatic('create', Array)
#16 /home/abraham/Documents/coding/akr/app/Http/Controllers/TiendaController.php(199): App\Http\Controllers\InversionController->saveInversion(47, '1260.00', 5)
#17 /home/abraham/Documents/coding/akr/app/Http/Controllers/TiendaController.php(283): App\Http\Controllers\TiendaController->registeInversion('47')
#18 /home/abraham/Documents/coding/akr/vendor/laravel/framework/src/Illuminate/Routing/Controller.php(54): App\Http\Controllers\TiendaController->cambiar_status(Object(Illuminate\Http\Request))
#19 /home/abraham/Documents/coding/akr/vendor/laravel/framework/src/Illuminate/Routing/ControllerDispatcher.php(45): Illuminate\Routing\Controller->callAction('cambiar_status', Array)
#20 /home/abraham/Documents/coding/akr/vendor/laravel/framework/src/Illuminate/Routing/Route.php(254): Illuminate\Routing\ControllerDispatcher->dispatch(Object(Illuminate\Routing\Route), Object(App\Http\Controllers\TiendaController), 'cambiar_status')
#21 /home/abraham/Documents/coding/akr/vendor/laravel/framework/src/Illuminate/Routing/Route.php(197): Illuminate\Routing\Route->runController()
#22 /home/abraham/Documents/coding/akr/vendor/laravel/framework/src/Illuminate/Routing/Router.php(695): Illuminate\Routing\Route->run()
#23 /home/abraham/Documents/coding/akr/vendor/laravel/framework/src/Illuminate/Pipeline/Pipeline.php(128): Illuminate\Routing\Router->Illuminate\Routing\{closure}(Object(Illuminate\Http\Request))
#24 /home/abraham/Documents/coding/akr/app/Http/Middleware/Menu.php(28): Illuminate\Pipeline\Pipeline->Illuminate\Pipeline\{closure}(Object(Illuminate\Http\Request))
#25 /home/abraham/Documents/coding/akr/vendor/laravel/framework/src/Illuminate/Pipeline/Pipeline.php(167): App\Http\Middleware\Menu->handle(Object(Illuminate\Http\Request), Object(Closure))
#26 /home/abraham/Documents/coding/akr/vendor/laravel/framework/src/Illuminate/Routing/Middleware/SubstituteBindings.php(50): Illuminate\Pipeline\Pipeline->Illuminate\Pipeline\{closure}(Object(Illuminate\Http\Request))
#27 /home/abraham/Documents/coding/akr/vendor/laravel/framework/src/Illuminate/Pipeline/Pipeline.php(167): Illuminate\Routing\Middleware\SubstituteBindings->handle(Object(Illuminate\Http\Request), Object(Closure))
#28 /home/abraham/Documents/coding/akr/vendor/laravel/framework/src/Illuminate/Auth/Middleware/Authenticate.php(44): Illuminate\Pipeline\Pipeline->Illuminate\Pipeline\{closure}(Object(Illuminate\Http\Request))
#29 /home/abraham/Documents/coding/akr/vendor/laravel/framework/src/Illuminate/Pipeline/Pipeline.php(167): Illuminate\Auth\Middleware\Authenticate->handle(Object(Illuminate\Http\Request), Object(Closure))
#30 /home/abraham/Documents/coding/akr/vendor/laravel/framework/src/Illuminate/Foundation/Http/Middleware/VerifyCsrfToken.php(78): Illuminate\Pipeline\Pipeline->Illuminate\Pipeline\{closure}(Object(Illuminate\Http\Request))
#31 /home/abraham/Documents/coding/akr/vendor/laravel/framework/src/Illuminate/Pipeline/Pipeline.php(167): Illuminate\Foundation\Http\Middleware\VerifyCsrfToken->handle(Object(Illuminate\Http\Request), Object(Closure))
#32 /home/abraham/Documents/coding/akr/vendor/laravel/framework/src/Illuminate/View/Middleware/ShareErrorsFromSession.php(49): Illuminate\Pipeline\Pipeline->Illuminate\Pipeline\{closure}(Object(Illuminate\Http\Request))
#33 /home/abraham/Documents/coding/akr/vendor/laravel/framework/src/Illuminate/Pipeline/Pipeline.php(167): Illuminate\View\Middleware\ShareErrorsFromSession->handle(Object(Illuminate\Http\Request), Object(Closure))
#34 /home/abraham/Documents/coding/akr/vendor/laravel/framework/src/Illuminate/Session/Middleware/StartSession.php(121): Illuminate\Pipeline\Pipeline->Illuminate\Pipeline\{closure}(Object(Illuminate\Http\Request))
#35 /home/abraham/Documents/coding/akr/vendor/laravel/framework/src/Illuminate/Session/Middleware/StartSession.php(64): Illuminate\Session\Middleware\StartSession->handleStatefulRequest(Object(Illuminate\Http\Request), Object(Illuminate\Session\Store), Object(Closure))
#36 /home/abraham/Documents/coding/akr/vendor/laravel/framework/src/Illuminate/Pipeline/Pipeline.php(167): Illuminate\Session\Middleware\StartSession->handle(Object(Illuminate\Http\Request), Object(Closure))
#37 /home/abraham/Documents/coding/akr/vendor/laravel/framework/src/Illuminate/Cookie/Middleware/AddQueuedCookiesToResponse.php(37): Illuminate\Pipeline\Pipeline->Illuminate\Pipeline\{closure}(Object(Illuminate\Http\Request))
#38 /home/abraham/Documents/coding/akr/vendor/laravel/framework/src/Illuminate/Pipeline/Pipeline.php(167): Illuminate\Cookie\Middleware\AddQueuedCookiesToResponse->handle(Object(Illuminate\Http\Request), Object(Closure))
#39 /home/abraham/Documents/coding/akr/vendor/laravel/framework/src/Illuminate/Cookie/Middleware/EncryptCookies.php(67): Illuminate\Pipeline\Pipeline->Illuminate\Pipeline\{closure}(Object(Illuminate\Http\Request))
#40 /home/abraham/Documents/coding/akr/vendor/laravel/framework/src/Illuminate/Pipeline/Pipeline.php(167): Illuminate\Cookie\Middleware\EncryptCookies->handle(Object(Illuminate\Http\Request), Object(Closure))
#41 /home/abraham/Documents/coding/akr/vendor/laravel/framework/src/Illuminate/Pipeline/Pipeline.php(103): Illuminate\Pipeline\Pipeline->Illuminate\Pipeline\{closure}(Object(Illuminate\Http\Request))
#42 /home/abraham/Documents/coding/akr/vendor/laravel/framework/src/Illuminate/Routing/Router.php(697): Illuminate\Pipeline\Pipeline->then(Object(Closure))
#43 /home/abraham/Documents/coding/akr/vendor/laravel/framework/src/Illuminate/Routing/Router.php(672): Illuminate\Routing\Router->runRouteWithinStack(Object(Illuminate\Routing\Route), Object(Illuminate\Http\Request))
#44 /home/abraham/Documents/coding/akr/vendor/laravel/framework/src/Illuminate/Routing/Router.php(636): Illuminate\Routing\Router->runRoute(Object(Illuminate\Http\Request), Object(Illuminate\Routing\Route))
#45 /home/abraham/Documents/coding/akr/vendor/laravel/framework/src/Illuminate/Routing/Router.php(625): Illuminate\Routing\Router->dispatchToRoute(Object(Illuminate\Http\Request))
#46 /home/abraham/Documents/coding/akr/vendor/laravel/framework/src/Illuminate/Foundation/Http/Kernel.php(166): Illuminate\Routing\Router->dispatch(Object(Illuminate\Http\Request))
#47 /home/abraham/Documents/coding/akr/vendor/laravel/framework/src/Illuminate/Pipeline/Pipeline.php(128): Illuminate\Foundation\Http\Kernel->Illuminate\Foundation\Http\{closure}(Object(Illuminate\Http\Request))
#48 /home/abraham/Documents/coding/akr/vendor/laravel/framework/src/Illuminate/Foundation/Http/Middleware/TransformsRequest.php(21): Illuminate\Pipeline\Pipeline->Illuminate\Pipeline\{closure}(Object(Illuminate\Http\Request))
#49 /home/abraham/Documents/coding/akr/vendor/laravel/framework/src/Illuminate/Foundation/Http/Middleware/ConvertEmptyStringsToNull.php(31): Illuminate\Foundation\Http\Middleware\TransformsRequest->handle(Object(Illuminate\Http\Request), Object(Closure))
#50 /home/abraham/Documents/coding/akr/vendor/laravel/framework/src/Illuminate/Pipeline/Pipeline.php(167): Illuminate\Foundation\Http\Middleware\ConvertEmptyStringsToNull->handle(Object(Illuminate\Http\Request), Object(Closure))
#51 /home/abraham/Documents/coding/akr/vendor/laravel/framework/src/Illuminate/Foundation/Http/Middleware/TransformsRequest.php(21): Illuminate\Pipeline\Pipeline->Illuminate\Pipeline\{closure}(Object(Illuminate\Http\Request))
#52 /home/abraham/Documents/coding/akr/vendor/laravel/framework/src/Illuminate/Foundation/Http/Middleware/TrimStrings.php(40): Illuminate\Foundation\Http\Middleware\TransformsRequest->handle(Object(Illuminate\Http\Request), Object(Closure))
#53 /home/abraham/Documents/coding/akr/vendor/laravel/framework/src/Illuminate/Pipeline/Pipeline.php(167): Illuminate\Foundation\Http\Middleware\TrimStrings->handle(Object(Illuminate\Http\Request), Object(Closure))
#54 /home/abraham/Documents/coding/akr/vendor/laravel/framework/src/Illuminate/Foundation/Http/Middleware/ValidatePostSize.php(27): Illuminate\Pipeline\Pipeline->Illuminate\Pipeline\{closure}(Object(Illuminate\Http\Request))
#55 /home/abraham/Documents/coding/akr/vendor/laravel/framework/src/Illuminate/Pipeline/Pipeline.php(167): Illuminate\Foundation\Http\Middleware\ValidatePostSize->handle(Object(Illuminate\Http\Request), Object(Closure))
#56 /home/abraham/Documents/coding/akr/vendor/laravel/framework/src/Illuminate/Foundation/Http/Middleware/PreventRequestsDuringMaintenance.php(86): Illuminate\Pipeline\Pipeline->Illuminate\Pipeline\{closure}(Object(Illuminate\Http\Request))
#57 /home/abraham/Documents/coding/akr/vendor/laravel/framework/src/Illuminate/Pipeline/Pipeline.php(167): Illuminate\Foundation\Http\Middleware\PreventRequestsDuringMaintenance->handle(Object(Illuminate\Http\Request), Object(Closure))
#58 /home/abraham/Documents/coding/akr/vendor/fruitcake/laravel-cors/src/HandleCors.php(38): Illuminate\Pipeline\Pipeline->Illuminate\Pipeline\{closure}(Object(Illuminate\Http\Request))
#59 /home/abraham/Documents/coding/akr/vendor/laravel/framework/src/Illuminate/Pipeline/Pipeline.php(167): Fruitcake\Cors\HandleCors->handle(Object(Illuminate\Http\Request), Object(Closure))
#60 /home/abraham/Documents/coding/akr/vendor/fideloper/proxy/src/TrustProxies.php(57): Illuminate\Pipeline\Pipeline->Illuminate\Pipeline\{closure}(Object(Illuminate\Http\Request))
#61 /home/abraham/Documents/coding/akr/vendor/laravel/framework/src/Illuminate/Pipeline/Pipeline.php(167): Fideloper\Proxy\TrustProxies->handle(Object(Illuminate\Http\Request), Object(Closure))
#62 /home/abraham/Documents/coding/akr/vendor/laravel/framework/src/Illuminate/Pipeline/Pipeline.php(103): Illuminate\Pipeline\Pipeline->Illuminate\Pipeline\{closure}(Object(Illuminate\Http\Request))
#63 /home/abraham/Documents/coding/akr/vendor/laravel/framework/src/Illuminate/Foundation/Http/Kernel.php(141): Illuminate\Pipeline\Pipeline->then(Object(Closure))
#64 /home/abraham/Documents/coding/akr/vendor/laravel/framework/src/Illuminate/Foundation/Http/Kernel.php(110): Illuminate\Foundation\Http\Kernel->sendRequestThroughRouter(Object(Illuminate\Http\Request))
#65 /home/abraham/Documents/coding/akr/public/index.php(55): Illuminate\Foundation\Http\Kernel->handle(Object(Illuminate\Http\Request))
#66 /home/abraham/Documents/coding/akr/server.php(21): require_once('/home/abraham/D...')
#67 {main}  
